2026-06-26 14:08:10,232 [MainThread] INFO: Flight controller starting
2026-06-26 14:08:10,835 [TELEM] ERROR: PXI init failed: Client: Argument is NULL or a value is outside the valid range.
2026-06-26 14:08:10,835 [rs422-reader] WARNING: Reader: serial error (could not open port 'COM3': FileNotFoundError(2, 'The system cannot find the file specified.', None, 2)) — reconnecting in 2.0s
2026-06-26 14:08:10,836 [TELEM] ERROR: Relay init failed: could not open port 'COM1': FileNotFoundError(2, 'The system cannot find the file specified.', None, 2)
2026-06-26 14:08:10,836 [MainThread] INFO: RS422 listener started on COM3 @ 9600 baud
2026-06-26 14:08:10,838 [TELEM] WARNING: Hardware init reported a failure — continuing
2026-06-26 14:08:11,840 [TELEM] ERROR: Watchdog died — restarting
2026-06-26 14:08:12,838 [rs422-reader] WARNING: Reader: serial error (could not open port 'COM3': FileNotFoundError(2, 'The system cannot find the file specified.', None, 2)) — reconnecting in 2.0s
2026-06-26 14:08:12,841 [TELEM] ERROR: Watchdog died — restarting
2026-06-26 14:08:13,842 [TELEM] ERROR: Watchdog died — restarting
2026-06-26 14:08:14,839 [rs422-reader] WARNING: Reader: serial error (could not open port 'COM3': FileNotFoundError(2, 'The system cannot find the file specified.', None, 2)) — reconnecting in 2.0s
2026-06-26 14:08:14,843 [TELEM] ERROR: Watchdog died — restarting
2026-06-26 14:08:15,845 [TELEM] ERROR: Watchdog died — restarting
2026-06-26 14:08:16,840 [rs422-reader] WARNING: Reader: serial error (could not open port 'COM3': FileNotFoundError(2, 'The system cannot find the file specified.', None, 2)) — reconnecting in 2.0s
2026-06-26 14:08:16,845 [TELEM] ERROR: Watchdog died — restarting
2026-06-26 14:08:17,846 [TELEM] ERROR: Watchdog died — restarting
2026-06-26 14:08:18,841 [rs422-reader] WARNING: Reader: serial error (could not open port 'COM3': FileNotFoundError(2, 'The system cannot find the file specified.', None, 2)) — reconnecting in 2.0s
2026-06-26 14:08:18,848 [TELEM] ERROR: Watchdog died — restarting
2026-06-26 14:08:19,849 [TELEM] ERROR: Watchdog died — restarting
2026-06-26 14:08:20,842 [rs422-reader] WARNING: Reader: serial error (could not open port 'COM3': FileNotFoundError(2, 'The system cannot find the file specified.', None, 2)) — reconnecting in 2.0s
2026-06-26 14:08:20,850 [TELEM] ERROR: Watchdog died — restarting
2026-06-26 14:08:21,851 [TELEM] ERROR: Watchdog died — restarting
2026-06-26 14:08:22,844 [rs422-reader] WARNING: Reader: serial error (could not open port 'COM3': FileNotFoundError(2, 'The system cannot find the file specified.', None, 2)) — reconnecting in 2.0s
2026-06-26 14:08:22,852 [TELEM] ERROR: Watchdog died — restarting
2026-06-26 14:08:23,853 [TELEM] ERROR: Watchdog died — restarting
2026-06-26 14:08:24,845 [rs422-reader] WARNING: Reader: serial error (could not open port 'COM3': FileNotFoundError(2, 'The system cannot find the file specified.', None, 2)) — reconnecting in 2.0s
2026-06-26 14:08:24,855 [TELEM] ERROR: Watchdog died — restarting
2026-06-26 14:08:25,856 [TELEM] ERROR: Watchdog died — restarting
2026-06-26 14:08:26,846 [rs422-reader] WARNING: Reader: serial error (could not open port 'COM3': FileNotFoundError(2, 'The system cannot find the file specified.', None, 2)) — reconnecting in 2.0s
2026-06-26 14:08:26,857 [TELEM] ERROR: Watchdog died — restarting
2026-06-26 14:08:27,858 [TELEM] ERROR: Watchdog died — restarting
2026-06-26 14:08:28,847 [rs422-reader] WARNING: Reader: serial error (could not open port 'COM3': FileNotFoundError(2, 'The system cannot find the file specified.', None, 2)) — reconnecting in 2.0s
2026-06-26 14:08:28,860 [TELEM] ERROR: Watchdog died — restarting
2026-06-26 14:08:29,861 [TELEM] ERROR: Watchdog died — restarting
