2026-07-01 14:37:30,664 [FlightMain] INFO: Flight controller starting
2026-07-01 14:37:30,771 [rs422-reader] INFO: Reader: connected to COM3
2026-07-01 14:37:30,772 [FlightMain] INFO: RS422 listener started on COM3 @ 9600 baud
2026-07-01 14:37:30,774 [TELEM] WARNING: PXI health check: no waves registered
2026-07-01 14:37:30,808 [TELEM] ERROR: PXI health check failed — reinitialising connection
2026-07-01 14:37:30,839 [TELEM] WARNING: PXI reinit attempt 1
2026-07-01 14:37:31,775 [TELEM] ERROR: Watchdog died — restarting
2026-07-01 14:37:31,777 [TELEM] WARNING: PXI health check: no waves registered
2026-07-01 14:37:31,779 [TELEM] ERROR: PXI health check failed — reinitialising connection
2026-07-01 14:37:31,781 [TELEM] WARNING: PXI reinit attempt 2
2026-07-01 14:37:32,776 [TELEM] ERROR: Watchdog died — restarting
2026-07-01 14:37:32,779 [TELEM] WARNING: PXI health check: no waves registered
2026-07-01 14:37:32,780 [TELEM] ERROR: PXI health check failed — reinitialising connection
2026-07-01 14:37:32,780 [TELEM] WARNING: PXI reinit attempt 3
2026-07-01 14:37:33,778 [TELEM] ERROR: Watchdog died — restarting
2026-07-01 14:37:33,779 [TELEM] WARNING: PXI health check: no waves registered
2026-07-01 14:37:33,780 [TELEM] ERROR: PXI health check failed — reinitialising connection
2026-07-01 14:37:33,783 [TELEM] CRITICAL: PXI reinit exceeded 3 attempts — safe mode
2026-07-01 14:37:33,785 [TELEM] CRITICAL: ENTERING SAFE MODE
2026-07-01 14:37:33,786 [TELEM] INFO: Safe mode: relays opened
2026-07-01 14:37:33,788 [TELEM] INFO: Safe mode: PXI outputs zeroed
2026-07-01 14:37:33,790 [TELEM] INFO: Safe mode: fault signalled to spacecraft
2026-07-01 14:37:38,783 [TELEM] WARNING: PXI health check: no waves registered
2026-07-01 14:37:38,784 [TELEM] ERROR: PXI health check failed — reinitialising connection
2026-07-01 14:37:38,785 [TELEM] CRITICAL: PXI reinit exceeded 3 attempts — safe mode
2026-07-01 14:37:43,786 [TELEM] WARNING: PXI health check: no waves registered
2026-07-01 14:37:43,787 [TELEM] ERROR: PXI health check failed — reinitialising connection
2026-07-01 14:37:43,788 [TELEM] CRITICAL: PXI reinit exceeded 3 attempts — safe mode
2026-07-01 14:37:48,788 [TELEM] WARNING: PXI health check: no waves registered
2026-07-01 14:37:48,789 [TELEM] ERROR: PXI health check failed — reinitialising connection
2026-07-01 14:37:48,790 [TELEM] CRITICAL: PXI reinit exceeded 3 attempts — safe mode
2026-07-01 14:37:53,791 [TELEM] WARNING: PXI health check: no waves registered
2026-07-01 14:37:53,792 [TELEM] ERROR: PXI health check failed — reinitialising connection
2026-07-01 14:37:53,794 [TELEM] CRITICAL: PXI reinit exceeded 3 attempts — safe mode
2026-07-01 14:37:58,793 [TELEM] WARNING: PXI health check: no waves registered
2026-07-01 14:37:58,794 [TELEM] ERROR: PXI health check failed — reinitialising connection
2026-07-01 14:37:58,795 [TELEM] CRITICAL: PXI reinit exceeded 3 attempts — safe mode
