2026-07-07 12:18:59,558 [MainThread] INFO: RelayController starting on COM7 @ 19200 baud.
2026-07-07 12:18:59,558 [TELEM] ERROR: PXI init failed: Client: Argument is NULL or a value is outside the valid range.
2026-07-07 12:18:59,558 [MainThread] INFO: Connecting to COM7...
2026-07-07 12:18:59,559 [MainThread] ERROR: Connection failed: could not open port 'COM7': FileNotFoundError(2, 'The system cannot find the file specified.', None, 2)
2026-07-07 12:18:59,561 [RelayEventLoop] INFO: Event loop started (poll=50 ms, relays 0-3).
2026-07-07 12:18:59,561 [TELEM] INFO: Relay controller started on COM7
2026-07-07 12:18:59,563 [TELEM] WARNING: SERIAL: port error (could not open port 'COM3': FileNotFoundError(2, 'The system cannot find the file specified.', None, 2)) Ś reconnecting in 2s
2026-07-07 12:18:59,566 [TELEM] ERROR: PXI health check failed Ś reinitialising connection
2026-07-07 12:18:59,566 [TELEM] WARNING: PXI reinit attempt 1/3
2026-07-07 12:18:59,566 [TELEM] ERROR: PXI reinit failed: Client: Argument is NULL or a value is outside the valid range.
2026-07-07 12:19:01,571 [TELEM] WARNING: SERIAL: port error (could not open port 'COM3': FileNotFoundError(2, 'The system cannot find the file specified.', None, 2)) Ś reconnecting in 2s
2026-07-07 12:19:03,572 [TELEM] WARNING: SERIAL: port error (could not open port 'COM3': FileNotFoundError(2, 'The system cannot find the file specified.', None, 2)) Ś reconnecting in 2s
2026-07-07 12:19:04,569 [TELEM] ERROR: PXI health check failed Ś reinitialising connection
2026-07-07 12:19:04,570 [TELEM] WARNING: PXI reinit attempt 2/3
2026-07-07 12:19:04,571 [TELEM] ERROR: PXI reinit failed: Client: Argument is NULL or a value is outside the valid range.
2026-07-07 12:19:05,581 [TELEM] WARNING: SERIAL: port error (could not open port 'COM3': FileNotFoundError(2, 'The system cannot find the file specified.', None, 2)) Ś reconnecting in 2s
2026-07-07 12:19:07,594 [TELEM] WARNING: SERIAL: port error (could not open port 'COM3': FileNotFoundError(2, 'The system cannot find the file specified.', None, 2)) Ś reconnecting in 2s
2026-07-07 12:19:09,573 [TELEM] ERROR: PXI health check failed Ś reinitialising connection
2026-07-07 12:19:09,574 [TELEM] WARNING: PXI reinit attempt 3/3
2026-07-07 12:19:09,574 [TELEM] ERROR: PXI reinit failed: Client: Argument is NULL or a value is outside the valid range.
2026-07-07 12:19:09,596 [TELEM] WARNING: SERIAL: port error (could not open port 'COM3': FileNotFoundError(2, 'The system cannot find the file specified.', None, 2)) Ś reconnecting in 2s
2026-07-07 12:19:11,605 [TELEM] WARNING: SERIAL: port error (could not open port 'COM3': FileNotFoundError(2, 'The system cannot find the file specified.', None, 2)) Ś reconnecting in 2s
2026-07-07 12:19:13,621 [TELEM] WARNING: SERIAL: port error (could not open port 'COM3': FileNotFoundError(2, 'The system cannot find the file specified.', None, 2)) Ś reconnecting in 2s
2026-07-07 12:19:14,576 [TELEM] ERROR: PXI health check failed Ś reinitialising connection
2026-07-07 12:19:14,577 [TELEM] CRITICAL: PXI reinit exceeded 3 attempts Ś entering safe mode
2026-07-07 12:19:14,577 [TELEM] CRITICAL: ENTERING SAFE MODE
2026-07-07 12:19:14,577 [TELEM] INFO: Safe mode: all relays opened
2026-07-07 12:19:14,578 [TELEM] INFO: Safe mode: PXI outputs zeroed
2026-07-07 12:19:15,633 [TELEM] WARNING: SERIAL: port error (could not open port 'COM3': FileNotFoundError(2, 'The system cannot find the file specified.', None, 2)) Ś reconnecting in 2s
2026-07-07 12:19:17,649 [TELEM] WARNING: SERIAL: port error (could not open port 'COM3': FileNotFoundError(2, 'The system cannot find the file specified.', None, 2)) Ś reconnecting in 2s
2026-07-07 12:19:19,579 [TELEM] ERROR: PXI health check failed Ś reinitialising connection
2026-07-07 12:19:19,579 [TELEM] CRITICAL: PXI reinit exceeded 3 attempts Ś entering safe mode
2026-07-07 12:19:19,657 [TELEM] WARNING: SERIAL: port error (could not open port 'COM3': FileNotFoundError(2, 'The system cannot find the file specified.', None, 2)) Ś reconnecting in 2s
2026-07-07 12:19:21,671 [TELEM] WARNING: SERIAL: port error (could not open port 'COM3': FileNotFoundError(2, 'The system cannot find the file specified.', None, 2)) Ś reconnecting in 2s
2026-07-07 12:19:23,673 [TELEM] WARNING: SERIAL: port error (could not open port 'COM3': FileNotFoundError(2, 'The system cannot find the file specified.', None, 2)) Ś reconnecting in 2s
2026-07-07 12:19:24,580 [TELEM] ERROR: PXI health check failed Ś reinitialising connection
2026-07-07 12:19:24,581 [TELEM] CRITICAL: PXI reinit exceeded 3 attempts Ś entering safe mode
2026-07-07 12:19:25,685 [TELEM] WARNING: SERIAL: port error (could not open port 'COM3': FileNotFoundError(2, 'The system cannot find the file specified.', None, 2)) Ś reconnecting in 2s
2026-07-07 12:19:27,697 [TELEM] WARNING: SERIAL: port error (could not open port 'COM3': FileNotFoundError(2, 'The system cannot find the file specified.', None, 2)) Ś reconnecting in 2s
2026-07-07 12:19:29,582 [TELEM] ERROR: PXI health check failed Ś reinitialising connection
2026-07-07 12:19:29,583 [TELEM] CRITICAL: PXI reinit exceeded 3 attempts Ś entering safe mode
2026-07-07 12:19:29,699 [TELEM] WARNING: SERIAL: port error (could not open port 'COM3': FileNotFoundError(2, 'The system cannot find the file specified.', None, 2)) Ś reconnecting in 2s
2026-07-07 12:19:31,705 [TELEM] WARNING: SERIAL: port error (could not open port 'COM3': FileNotFoundError(2, 'The system cannot find the file specified.', None, 2)) Ś reconnecting in 2s
2026-07-07 12:19:33,707 [TELEM] WARNING: SERIAL: port error (could not open port 'COM3': FileNotFoundError(2, 'The system cannot find the file specified.', None, 2)) Ś reconnecting in 2s
2026-07-07 12:19:34,584 [TELEM] ERROR: PXI health check failed Ś reinitialising connection
2026-07-07 12:19:34,585 [TELEM] CRITICAL: PXI reinit exceeded 3 attempts Ś entering safe mode
2026-07-07 12:19:35,713 [TELEM] WARNING: SERIAL: port error (could not open port 'COM3': FileNotFoundError(2, 'The system cannot find the file specified.', None, 2)) Ś reconnecting in 2s
2026-07-07 12:19:37,724 [TELEM] WARNING: SERIAL: port error (could not open port 'COM3': FileNotFoundError(2, 'The system cannot find the file specified.', None, 2)) Ś reconnecting in 2s
2026-07-07 12:19:39,586 [TELEM] ERROR: PXI health check failed Ś reinitialising connection
2026-07-07 12:19:39,587 [TELEM] CRITICAL: PXI reinit exceeded 3 attempts Ś entering safe mode
2026-07-07 12:19:39,732 [TELEM] WARNING: SERIAL: port error (could not open port 'COM3': FileNotFoundError(2, 'The system cannot find the file specified.', None, 2)) Ś reconnecting in 2s
2026-07-07 12:19:41,738 [TELEM] WARNING: SERIAL: port error (could not open port 'COM3': FileNotFoundError(2, 'The system cannot find the file specified.', None, 2)) Ś reconnecting in 2s
2026-07-07 12:19:43,749 [TELEM] WARNING: SERIAL: port error (could not open port 'COM3': FileNotFoundError(2, 'The system cannot find the file specified.', None, 2)) Ś reconnecting in 2s
2026-07-07 12:19:44,589 [TELEM] ERROR: PXI health check failed Ś reinitialising connection
2026-07-07 12:19:44,589 [TELEM] CRITICAL: PXI reinit exceeded 3 attempts Ś entering safe mode
2026-07-07 12:19:45,761 [TELEM] WARNING: SERIAL: port error (could not open port 'COM3': FileNotFoundError(2, 'The system cannot find the file specified.', None, 2)) Ś reconnecting in 2s
2026-07-07 12:19:47,770 [TELEM] WARNING: SERIAL: port error (could not open port 'COM3': FileNotFoundError(2, 'The system cannot find the file specified.', None, 2)) Ś reconnecting in 2s
2026-07-07 12:19:49,591 [TELEM] ERROR: PXI health check failed Ś reinitialising connection
2026-07-07 12:19:49,591 [TELEM] CRITICAL: PXI reinit exceeded 3 attempts Ś entering safe mode
2026-07-07 12:19:49,783 [TELEM] WARNING: SERIAL: port error (could not open port 'COM3': FileNotFoundError(2, 'The system cannot find the file specified.', None, 2)) Ś reconnecting in 2s
2026-07-07 12:19:51,797 [TELEM] WARNING: SERIAL: port error (could not open port 'COM3': FileNotFoundError(2, 'The system cannot find the file specified.', None, 2)) Ś reconnecting in 2s
2026-07-07 12:19:53,802 [TELEM] WARNING: SERIAL: port error (could not open port 'COM3': FileNotFoundError(2, 'The system cannot find the file specified.', None, 2)) Ś reconnecting in 2s
2026-07-07 12:19:54,593 [TELEM] ERROR: PXI health check failed Ś reinitialising connection
2026-07-07 12:19:54,593 [TELEM] CRITICAL: PXI reinit exceeded 3 attempts Ś entering safe mode
2026-07-07 12:19:55,811 [TELEM] WARNING: SERIAL: port error (could not open port 'COM3': FileNotFoundError(2, 'The system cannot find the file specified.', None, 2)) Ś reconnecting in 2s
2026-07-07 12:19:57,822 [TELEM] WARNING: SERIAL: port error (could not open port 'COM3': FileNotFoundError(2, 'The system cannot find the file specified.', None, 2)) Ś reconnecting in 2s
2026-07-07 12:19:59,596 [TELEM] ERROR: PXI health check failed Ś reinitialising connection
2026-07-07 12:19:59,596 [TELEM] CRITICAL: PXI reinit exceeded 3 attempts Ś entering safe mode
2026-07-07 12:19:59,832 [TELEM] WARNING: SERIAL: port error (could not open port 'COM3': FileNotFoundError(2, 'The system cannot find the file specified.', None, 2)) Ś reconnecting in 2s
2026-07-07 12:20:01,845 [TELEM] WARNING: SERIAL: port error (could not open port 'COM3': FileNotFoundError(2, 'The system cannot find the file specified.', None, 2)) Ś reconnecting in 2s
2026-07-07 12:20:03,853 [TELEM] WARNING: SERIAL: port error (could not open port 'COM3': FileNotFoundError(2, 'The system cannot find the file specified.', None, 2)) Ś reconnecting in 2s
2026-07-07 12:20:04,597 [TELEM] ERROR: PXI health check failed Ś reinitialising connection
2026-07-07 12:20:04,598 [TELEM] CRITICAL: PXI reinit exceeded 3 attempts Ś entering safe mode
2026-07-07 12:20:05,861 [TELEM] WARNING: SERIAL: port error (could not open port 'COM3': FileNotFoundError(2, 'The system cannot find the file specified.', None, 2)) Ś reconnecting in 2s
2026-07-07 12:20:07,867 [TELEM] WARNING: SERIAL: port error (could not open port 'COM3': FileNotFoundError(2, 'The system cannot find the file specified.', None, 2)) Ś reconnecting in 2s
2026-07-07 12:20:08,070 [MainThread] INFO: RelayController stopping.
2026-07-07 12:20:08,108 [RelayEventLoop] INFO: Event loop stopped.
2026-07-07 12:20:08,109 [MainThread] INFO: RelayController stopped.
