2026-07-17 11:48:00,377 [MainThread] INFO: PXI interface initialized successfully.
2026-07-17 11:48:00,379 [TELEM] ERROR: PXI init failed: Client: Argument is NULL or a value is outside the valid range.
2026-07-17 11:48:00,379 [MainThread] INFO: RelayController starting on COM5 @ 19200 baud.
2026-07-17 11:48:00,380 [MainThread] INFO: Connecting to COM5...
2026-07-17 11:48:00,406 [MainThread] INFO: Connected to relay board on COM5.
2026-07-17 11:48:00,406 [RelayEventLoop] INFO: Event loop started (poll=50 ms, relays 0-3).
2026-07-17 11:48:00,407 [TELEM] INFO: Relay controller started on COM5
2026-07-17 11:48:00,423 [WATCHDOG] INFO: PXI interface initialized successfully.
2026-07-17 11:48:00,431 [TELEM] WARNING: SERIAL: port error (could not open port 'COM3': FileNotFoundError(2, 'The system cannot find the file specified.', None, 2)) Ś reconnecting in 2s
2026-07-17 11:48:00,431 [TELEM] ERROR: PXI health check failed Ś reinitialising connection
2026-07-17 11:48:00,432 [TELEM] WARNING: PXI reinit attempt 1 (next retry in 5s if this fails)
2026-07-17 11:48:00,432 [TELEM] ERROR: PXI reinit failed: Client: Argument is NULL or a value is outside the valid range.
2026-07-17 11:48:01,414 [RelayEventLoop] INFO: Relay 0 -> OFF
2026-07-17 11:48:02,420 [RelayEventLoop] INFO: Relay 1 -> OFF
2026-07-17 11:48:02,420 [TELEM] WARNING: SERIAL: port error (could not open port 'COM3': FileNotFoundError(2, 'The system cannot find the file specified.', None, 2)) Ś reconnecting in 2s
2026-07-17 11:48:03,423 [RelayEventLoop] INFO: Relay 2 -> OFF
2026-07-17 11:48:04,425 [TELEM] WARNING: SERIAL: port error (could not open port 'COM3': FileNotFoundError(2, 'The system cannot find the file specified.', None, 2)) Ś reconnecting in 2s
2026-07-17 11:48:04,425 [RelayEventLoop] INFO: Relay 3 -> OFF
2026-07-17 11:48:04,624 [TELEM] INFO: Relay 2 -> ON
2026-07-17 11:48:05,435 [TELEM] ERROR: PXI health check failed Ś reinitialising connection
2026-07-17 11:48:05,436 [TELEM] WARNING: PXI reinit attempt 2 (next retry in 10s if this fails)
2026-07-17 11:48:05,448 [TELEM] ERROR: PXI reinit failed: Client: Connection refused.
2026-07-17 11:48:05,634 [RelayEventLoop] INFO: Relay 2 -> ON
2026-07-17 11:48:06,433 [TELEM] WARNING: SERIAL: port error (could not open port 'COM3': FileNotFoundError(2, 'The system cannot find the file specified.', None, 2)) Ś reconnecting in 2s
2026-07-17 11:48:08,437 [TELEM] WARNING: SERIAL: port error (could not open port 'COM3': FileNotFoundError(2, 'The system cannot find the file specified.', None, 2)) Ś reconnecting in 2s
2026-07-17 11:48:10,449 [TELEM] WARNING: SERIAL: port error (could not open port 'COM3': FileNotFoundError(2, 'The system cannot find the file specified.', None, 2)) Ś reconnecting in 2s
2026-07-17 11:48:10,450 [TELEM] ERROR: PXI health check failed Ś reinitialising connection
2026-07-17 11:48:12,466 [TELEM] WARNING: SERIAL: port error (could not open port 'COM3': FileNotFoundError(2, 'The system cannot find the file specified.', None, 2)) Ś reconnecting in 2s
2026-07-17 11:48:14,472 [TELEM] WARNING: SERIAL: port error (could not open port 'COM3': FileNotFoundError(2, 'The system cannot find the file specified.', None, 2)) Ś reconnecting in 2s
2026-07-17 11:48:15,465 [TELEM] ERROR: PXI health check failed Ś reinitialising connection
2026-07-17 11:48:15,466 [TELEM] WARNING: PXI reinit attempt 3 (next retry in 30s if this fails)
2026-07-17 11:48:16,480 [TELEM] WARNING: SERIAL: port error (could not open port 'COM3': FileNotFoundError(2, 'The system cannot find the file specified.', None, 2)) Ś reconnecting in 2s
2026-07-17 11:48:18,487 [TELEM] WARNING: SERIAL: port error (could not open port 'COM3': FileNotFoundError(2, 'The system cannot find the file specified.', None, 2)) Ś reconnecting in 2s
2026-07-17 11:48:20,480 [TELEM] ERROR: PXI reinit failed: Client: Connect failed.
2026-07-17 11:48:20,488 [TELEM] WARNING: SERIAL: port error (could not open port 'COM3': FileNotFoundError(2, 'The system cannot find the file specified.', None, 2)) Ś reconnecting in 2s
2026-07-17 11:48:21,480 [TELEM] ERROR: PXI health check failed Ś reinitialising connection
2026-07-17 11:48:22,502 [TELEM] WARNING: SERIAL: port error (could not open port 'COM3': FileNotFoundError(2, 'The system cannot find the file specified.', None, 2)) Ś reconnecting in 2s
2026-07-17 11:48:24,511 [TELEM] WARNING: SERIAL: port error (could not open port 'COM3': FileNotFoundError(2, 'The system cannot find the file specified.', None, 2)) Ś reconnecting in 2s
2026-07-17 11:48:26,485 [TELEM] ERROR: PXI health check failed Ś reinitialising connection
2026-07-17 11:48:26,512 [TELEM] WARNING: SERIAL: port error (could not open port 'COM3': FileNotFoundError(2, 'The system cannot find the file specified.', None, 2)) Ś reconnecting in 2s
2026-07-17 11:48:28,522 [TELEM] WARNING: SERIAL: port error (could not open port 'COM3': FileNotFoundError(2, 'The system cannot find the file specified.', None, 2)) Ś reconnecting in 2s
2026-07-17 11:48:30,530 [TELEM] WARNING: SERIAL: port error (could not open port 'COM3': FileNotFoundError(2, 'The system cannot find the file specified.', None, 2)) Ś reconnecting in 2s
2026-07-17 11:48:31,489 [TELEM] ERROR: PXI health check failed Ś reinitialising connection
2026-07-17 11:48:32,545 [TELEM] WARNING: SERIAL: port error (could not open port 'COM3': FileNotFoundError(2, 'The system cannot find the file specified.', None, 2)) Ś reconnecting in 2s
2026-07-17 11:48:34,552 [TELEM] WARNING: SERIAL: port error (could not open port 'COM3': FileNotFoundError(2, 'The system cannot find the file specified.', None, 2)) Ś reconnecting in 2s
2026-07-17 11:48:36,492 [TELEM] ERROR: PXI health check failed Ś reinitialising connection
2026-07-17 11:48:36,568 [TELEM] WARNING: SERIAL: port error (could not open port 'COM3': FileNotFoundError(2, 'The system cannot find the file specified.', None, 2)) Ś reconnecting in 2s
2026-07-17 11:48:38,571 [TELEM] WARNING: SERIAL: port error (could not open port 'COM3': FileNotFoundError(2, 'The system cannot find the file specified.', None, 2)) Ś reconnecting in 2s
2026-07-17 11:48:40,585 [TELEM] WARNING: SERIAL: port error (could not open port 'COM3': FileNotFoundError(2, 'The system cannot find the file specified.', None, 2)) Ś reconnecting in 2s
2026-07-17 11:48:41,494 [TELEM] ERROR: PXI health check failed Ś reinitialising connection
2026-07-17 11:48:42,591 [TELEM] WARNING: SERIAL: port error (could not open port 'COM3': FileNotFoundError(2, 'The system cannot find the file specified.', None, 2)) Ś reconnecting in 2s
2026-07-17 11:48:44,602 [TELEM] WARNING: SERIAL: port error (could not open port 'COM3': FileNotFoundError(2, 'The system cannot find the file specified.', None, 2)) Ś reconnecting in 2s
2026-07-17 11:48:44,986 [TELEM] INFO: LXI Manager: IP changed to '169.254.112.5', reinit queued
2026-07-17 11:48:44,986 [TELEM] WARNING: PXI reinit attempt 4 (next retry in 60s if this fails)
2026-07-17 11:48:46,605 [TELEM] WARNING: SERIAL: port error (could not open port 'COM3': FileNotFoundError(2, 'The system cannot find the file specified.', None, 2)) Ś reconnecting in 2s
2026-07-17 11:48:48,609 [TELEM] WARNING: SERIAL: port error (could not open port 'COM3': FileNotFoundError(2, 'The system cannot find the file specified.', None, 2)) Ś reconnecting in 2s
2026-07-17 11:48:49,982 [TELEM] ERROR: PXI reinit failed: Client: Connect failed.
2026-07-17 11:48:49,982 [TELEM] ERROR: PXI health check failed Ś reinitialising connection
2026-07-17 11:48:50,626 [TELEM] WARNING: SERIAL: port error (could not open port 'COM3': FileNotFoundError(2, 'The system cannot find the file specified.', None, 2)) Ś reconnecting in 2s
2026-07-17 11:48:51,983 [TELEM] ERROR: PXI health check failed Ś reinitialising connection
2026-07-17 11:48:52,645 [TELEM] WARNING: SERIAL: port error (could not open port 'COM3': FileNotFoundError(2, 'The system cannot find the file specified.', None, 2)) Ś reconnecting in 2s
2026-07-17 11:48:54,648 [TELEM] WARNING: SERIAL: port error (could not open port 'COM3': FileNotFoundError(2, 'The system cannot find the file specified.', None, 2)) Ś reconnecting in 2s
2026-07-17 11:48:56,657 [TELEM] WARNING: SERIAL: port error (could not open port 'COM3': FileNotFoundError(2, 'The system cannot find the file specified.', None, 2)) Ś reconnecting in 2s
2026-07-17 11:48:56,986 [TELEM] ERROR: PXI health check failed Ś reinitialising connection
2026-07-17 11:48:58,666 [TELEM] WARNING: SERIAL: port error (could not open port 'COM3': FileNotFoundError(2, 'The system cannot find the file specified.', None, 2)) Ś reconnecting in 2s
2026-07-17 11:49:00,680 [TELEM] WARNING: SERIAL: port error (could not open port 'COM3': FileNotFoundError(2, 'The system cannot find the file specified.', None, 2)) Ś reconnecting in 2s
2026-07-17 11:49:01,989 [TELEM] ERROR: PXI health check failed Ś reinitialising connection
2026-07-17 11:49:02,686 [TELEM] WARNING: SERIAL: port error (could not open port 'COM3': FileNotFoundError(2, 'The system cannot find the file specified.', None, 2)) Ś reconnecting in 2s
2026-07-17 11:49:04,693 [TELEM] WARNING: SERIAL: port error (could not open port 'COM3': FileNotFoundError(2, 'The system cannot find the file specified.', None, 2)) Ś reconnecting in 2s
2026-07-17 11:49:06,711 [TELEM] WARNING: SERIAL: port error (could not open port 'COM3': FileNotFoundError(2, 'The system cannot find the file specified.', None, 2)) Ś reconnecting in 2s
2026-07-17 11:49:06,992 [TELEM] ERROR: PXI health check failed Ś reinitialising connection
2026-07-17 11:49:08,717 [TELEM] WARNING: SERIAL: port error (could not open port 'COM3': FileNotFoundError(2, 'The system cannot find the file specified.', None, 2)) Ś reconnecting in 2s
2026-07-17 11:49:10,724 [TELEM] WARNING: SERIAL: port error (could not open port 'COM3': FileNotFoundError(2, 'The system cannot find the file specified.', None, 2)) Ś reconnecting in 2s
2026-07-17 11:49:11,996 [TELEM] ERROR: PXI health check failed Ś reinitialising connection
2026-07-17 11:49:12,728 [TELEM] WARNING: SERIAL: port error (could not open port 'COM3': FileNotFoundError(2, 'The system cannot find the file specified.', None, 2)) Ś reconnecting in 2s
2026-07-17 11:49:14,731 [TELEM] WARNING: SERIAL: port error (could not open port 'COM3': FileNotFoundError(2, 'The system cannot find the file specified.', None, 2)) Ś reconnecting in 2s
2026-07-17 11:49:16,737 [TELEM] WARNING: SERIAL: port error (could not open port 'COM3': FileNotFoundError(2, 'The system cannot find the file specified.', None, 2)) Ś reconnecting in 2s
2026-07-17 11:49:16,998 [TELEM] ERROR: PXI health check failed Ś reinitialising connection
2026-07-17 11:49:18,740 [TELEM] WARNING: SERIAL: port error (could not open port 'COM3': FileNotFoundError(2, 'The system cannot find the file specified.', None, 2)) Ś reconnecting in 2s
2026-07-17 11:49:20,753 [TELEM] WARNING: SERIAL: port error (could not open port 'COM3': FileNotFoundError(2, 'The system cannot find the file specified.', None, 2)) Ś reconnecting in 2s
2026-07-17 11:49:22,001 [TELEM] ERROR: PXI health check failed Ś reinitialising connection
2026-07-17 11:49:22,755 [TELEM] WARNING: SERIAL: port error (could not open port 'COM3': FileNotFoundError(2, 'The system cannot find the file specified.', None, 2)) Ś reconnecting in 2s
2026-07-17 11:49:24,777 [TELEM] WARNING: SERIAL: port error (could not open port 'COM3': FileNotFoundError(2, 'The system cannot find the file specified.', None, 2)) Ś reconnecting in 2s
2026-07-17 11:49:26,784 [TELEM] WARNING: SERIAL: port error (could not open port 'COM3': FileNotFoundError(2, 'The system cannot find the file specified.', None, 2)) Ś reconnecting in 2s
2026-07-17 11:49:27,004 [TELEM] ERROR: PXI health check failed Ś reinitialising connection
2026-07-17 11:49:28,787 [TELEM] WARNING: SERIAL: port error (could not open port 'COM3': FileNotFoundError(2, 'The system cannot find the file specified.', None, 2)) Ś reconnecting in 2s
2026-07-17 11:49:30,789 [TELEM] WARNING: SERIAL: port error (could not open port 'COM3': FileNotFoundError(2, 'The system cannot find the file specified.', None, 2)) Ś reconnecting in 2s
2026-07-17 11:49:32,008 [TELEM] ERROR: PXI health check failed Ś reinitialising connection
2026-07-17 11:49:32,790 [TELEM] WARNING: SERIAL: port error (could not open port 'COM3': FileNotFoundError(2, 'The system cannot find the file specified.', None, 2)) Ś reconnecting in 2s
2026-07-17 11:49:34,798 [TELEM] WARNING: SERIAL: port error (could not open port 'COM3': FileNotFoundError(2, 'The system cannot find the file specified.', None, 2)) Ś reconnecting in 2s
2026-07-17 11:49:36,808 [TELEM] WARNING: SERIAL: port error (could not open port 'COM3': FileNotFoundError(2, 'The system cannot find the file specified.', None, 2)) Ś reconnecting in 2s
2026-07-17 11:49:37,011 [TELEM] ERROR: PXI health check failed Ś reinitialising connection
2026-07-17 11:49:38,808 [TELEM] WARNING: SERIAL: port error (could not open port 'COM3': FileNotFoundError(2, 'The system cannot find the file specified.', None, 2)) Ś reconnecting in 2s
2026-07-17 11:49:40,817 [TELEM] WARNING: SERIAL: port error (could not open port 'COM3': FileNotFoundError(2, 'The system cannot find the file specified.', None, 2)) Ś reconnecting in 2s
2026-07-17 11:49:42,015 [TELEM] ERROR: PXI health check failed Ś reinitialising connection
2026-07-17 11:49:42,822 [TELEM] WARNING: SERIAL: port error (could not open port 'COM3': FileNotFoundError(2, 'The system cannot find the file specified.', None, 2)) Ś reconnecting in 2s
2026-07-17 11:49:44,833 [TELEM] WARNING: SERIAL: port error (could not open port 'COM3': FileNotFoundError(2, 'The system cannot find the file specified.', None, 2)) Ś reconnecting in 2s
2026-07-17 11:49:46,847 [TELEM] WARNING: SERIAL: port error (could not open port 'COM3': FileNotFoundError(2, 'The system cannot find the file specified.', None, 2)) Ś reconnecting in 2s
2026-07-17 11:49:47,018 [TELEM] ERROR: PXI health check failed Ś reinitialising connection
2026-07-17 11:49:47,018 [TELEM] WARNING: PXI reinit attempt 5 (next retry in 60s if this fails)
2026-07-17 11:49:47,036 [TELEM] ERROR: PXI reinit failed: Client: Connection refused.
2026-07-17 11:49:48,857 [TELEM] WARNING: SERIAL: port error (could not open port 'COM3': FileNotFoundError(2, 'The system cannot find the file specified.', None, 2)) Ś reconnecting in 2s
2026-07-17 11:49:50,868 [TELEM] WARNING: SERIAL: port error (could not open port 'COM3': FileNotFoundError(2, 'The system cannot find the file specified.', None, 2)) Ś reconnecting in 2s
2026-07-17 11:49:52,050 [TELEM] ERROR: PXI health check failed Ś reinitialising connection
2026-07-17 11:49:52,879 [TELEM] WARNING: SERIAL: port error (could not open port 'COM3': FileNotFoundError(2, 'The system cannot find the file specified.', None, 2)) Ś reconnecting in 2s
2026-07-17 11:49:54,883 [TELEM] WARNING: SERIAL: port error (could not open port 'COM3': FileNotFoundError(2, 'The system cannot find the file specified.', None, 2)) Ś reconnecting in 2s
2026-07-17 11:49:56,884 [TELEM] WARNING: SERIAL: port error (could not open port 'COM3': FileNotFoundError(2, 'The system cannot find the file specified.', None, 2)) Ś reconnecting in 2s
2026-07-17 11:49:57,052 [TELEM] ERROR: PXI health check failed Ś reinitialising connection
2026-07-17 11:49:58,899 [TELEM] WARNING: SERIAL: port error (could not open port 'COM3': FileNotFoundError(2, 'The system cannot find the file specified.', None, 2)) Ś reconnecting in 2s
2026-07-17 11:50:00,905 [TELEM] WARNING: SERIAL: port error (could not open port 'COM3': FileNotFoundError(2, 'The system cannot find the file specified.', None, 2)) Ś reconnecting in 2s
2026-07-17 11:50:02,056 [TELEM] ERROR: PXI health check failed Ś reinitialising connection
2026-07-17 11:50:02,907 [TELEM] WARNING: SERIAL: port error (could not open port 'COM3': FileNotFoundError(2, 'The system cannot find the file specified.', None, 2)) Ś reconnecting in 2s
2026-07-17 11:50:04,914 [TELEM] WARNING: SERIAL: port error (could not open port 'COM3': FileNotFoundError(2, 'The system cannot find the file specified.', None, 2)) Ś reconnecting in 2s
2026-07-17 11:50:06,922 [TELEM] WARNING: SERIAL: port error (could not open port 'COM3': FileNotFoundError(2, 'The system cannot find the file specified.', None, 2)) Ś reconnecting in 2s
2026-07-17 11:50:07,058 [TELEM] ERROR: PXI health check failed Ś reinitialising connection
2026-07-17 11:50:08,930 [TELEM] WARNING: SERIAL: port error (could not open port 'COM3': FileNotFoundError(2, 'The system cannot find the file specified.', None, 2)) Ś reconnecting in 2s
2026-07-17 11:50:10,942 [TELEM] WARNING: SERIAL: port error (could not open port 'COM3': FileNotFoundError(2, 'The system cannot find the file specified.', None, 2)) Ś reconnecting in 2s
2026-07-17 11:50:12,062 [TELEM] ERROR: PXI health check failed Ś reinitialising connection
2026-07-17 11:50:12,946 [TELEM] WARNING: SERIAL: port error (could not open port 'COM3': FileNotFoundError(2, 'The system cannot find the file specified.', None, 2)) Ś reconnecting in 2s
2026-07-17 11:50:14,947 [TELEM] WARNING: SERIAL: port error (could not open port 'COM3': FileNotFoundError(2, 'The system cannot find the file specified.', None, 2)) Ś reconnecting in 2s
2026-07-17 11:50:16,948 [TELEM] WARNING: SERIAL: port error (could not open port 'COM3': FileNotFoundError(2, 'The system cannot find the file specified.', None, 2)) Ś reconnecting in 2s
2026-07-17 11:50:17,065 [TELEM] ERROR: PXI health check failed Ś reinitialising connection
2026-07-17 11:50:18,951 [TELEM] WARNING: SERIAL: port error (could not open port 'COM3': FileNotFoundError(2, 'The system cannot find the file specified.', None, 2)) Ś reconnecting in 2s
2026-07-17 11:50:20,965 [TELEM] WARNING: SERIAL: port error (could not open port 'COM3': FileNotFoundError(2, 'The system cannot find the file specified.', None, 2)) Ś reconnecting in 2s
2026-07-17 11:50:22,069 [TELEM] ERROR: PXI health check failed Ś reinitialising connection
2026-07-17 11:50:22,969 [TELEM] WARNING: SERIAL: port error (could not open port 'COM3': FileNotFoundError(2, 'The system cannot find the file specified.', None, 2)) Ś reconnecting in 2s
2026-07-17 11:50:24,973 [TELEM] WARNING: SERIAL: port error (could not open port 'COM3': FileNotFoundError(2, 'The system cannot find the file specified.', None, 2)) Ś reconnecting in 2s
2026-07-17 11:50:26,982 [TELEM] WARNING: SERIAL: port error (could not open port 'COM3': FileNotFoundError(2, 'The system cannot find the file specified.', None, 2)) Ś reconnecting in 2s
2026-07-17 11:50:27,087 [TELEM] ERROR: PXI health check failed Ś reinitialising connection
2026-07-17 11:50:28,989 [TELEM] WARNING: SERIAL: port error (could not open port 'COM3': FileNotFoundError(2, 'The system cannot find the file specified.', None, 2)) Ś reconnecting in 2s
2026-07-17 11:50:30,997 [TELEM] WARNING: SERIAL: port error (could not open port 'COM3': FileNotFoundError(2, 'The system cannot find the file specified.', None, 2)) Ś reconnecting in 2s
2026-07-17 11:50:32,090 [TELEM] ERROR: PXI health check failed Ś reinitialising connection
2026-07-17 11:50:32,998 [TELEM] WARNING: SERIAL: port error (could not open port 'COM3': FileNotFoundError(2, 'The system cannot find the file specified.', None, 2)) Ś reconnecting in 2s
2026-07-17 11:50:34,999 [TELEM] WARNING: SERIAL: port error (could not open port 'COM3': FileNotFoundError(2, 'The system cannot find the file specified.', None, 2)) Ś reconnecting in 2s
2026-07-17 11:50:37,001 [TELEM] WARNING: SERIAL: port error (could not open port 'COM3': FileNotFoundError(2, 'The system cannot find the file specified.', None, 2)) Ś reconnecting in 2s
2026-07-17 11:50:37,093 [TELEM] ERROR: PXI health check failed Ś reinitialising connection
2026-07-17 11:50:39,004 [TELEM] WARNING: SERIAL: port error (could not open port 'COM3': FileNotFoundError(2, 'The system cannot find the file specified.', None, 2)) Ś reconnecting in 2s
2026-07-17 11:50:41,011 [TELEM] WARNING: SERIAL: port error (could not open port 'COM3': FileNotFoundError(2, 'The system cannot find the file specified.', None, 2)) Ś reconnecting in 2s
2026-07-17 11:50:42,096 [TELEM] ERROR: PXI health check failed Ś reinitialising connection
2026-07-17 11:50:43,018 [TELEM] WARNING: SERIAL: port error (could not open port 'COM3': FileNotFoundError(2, 'The system cannot find the file specified.', None, 2)) Ś reconnecting in 2s
2026-07-17 11:50:43,117 [MainThread] INFO: RelayController stopping.
2026-07-17 11:50:43,137 [RelayEventLoop] INFO: Event loop stopped.
2026-07-17 11:50:43,139 [MainThread] INFO: Serial port closed.
2026-07-17 11:50:43,139 [MainThread] INFO: RelayController stopped.
