2026-07-16 17:06:02,433 [MainThread] INFO: RelayController starting on COM5 @ 19200 baud.
2026-07-16 17:06:02,434 [TELEM] ERROR: PXI init failed: Client: Connect failed.
2026-07-16 17:06:02,434 [MainThread] INFO: Connecting to COM5...
2026-07-16 17:06:02,460 [MainThread] INFO: Connected to relay board on COM5.
2026-07-16 17:06:02,461 [RelayEventLoop] INFO: Event loop started (poll=50 ms, relays 0-3).
2026-07-16 17:06:02,462 [TELEM] INFO: Relay controller started on COM5
2026-07-16 17:06:02,464 [TELEM] WARNING: SERIAL: port error (could not open port 'COM3': FileNotFoundError(2, 'The system cannot find the file specified.', None, 2)) Ś reconnecting in 2s
2026-07-16 17:06:02,504 [TELEM] ERROR: PXI health check failed Ś reinitialising connection
2026-07-16 17:06:02,504 [TELEM] WARNING: PXI reinit attempt 1/3
2026-07-16 17:06:03,463 [RelayEventLoop] INFO: Relay 0 -> OFF
2026-07-16 17:06:03,479 [TELEM] ERROR: PXI reinit failed: Client: Connect failed.
2026-07-16 17:06:04,464 [RelayEventLoop] INFO: Relay 1 -> OFF
2026-07-16 17:06:04,480 [TELEM] WARNING: SERIAL: port error (could not open port 'COM3': FileNotFoundError(2, 'The system cannot find the file specified.', None, 2)) Ś reconnecting in 2s
2026-07-16 17:06:05,477 [RelayEventLoop] INFO: Relay 2 -> OFF
2026-07-16 17:06:06,477 [RelayEventLoop] INFO: Relay 3 -> OFF
2026-07-16 17:06:06,493 [TELEM] WARNING: SERIAL: port error (could not open port 'COM3': FileNotFoundError(2, 'The system cannot find the file specified.', None, 2)) Ś reconnecting in 2s
2026-07-16 17:06:07,481 [TELEM] ERROR: PXI health check failed Ś reinitialising connection
2026-07-16 17:06:07,482 [TELEM] WARNING: PXI reinit attempt 2/3
2026-07-16 17:06:08,493 [TELEM] ERROR: PXI reinit failed: Client: Connect failed.
2026-07-16 17:06:08,509 [TELEM] WARNING: SERIAL: port error (could not open port 'COM3': FileNotFoundError(2, 'The system cannot find the file specified.', None, 2)) Ś reconnecting in 2s
2026-07-16 17:06:10,510 [TELEM] WARNING: SERIAL: port error (could not open port 'COM3': FileNotFoundError(2, 'The system cannot find the file specified.', None, 2)) Ś reconnecting in 2s
2026-07-16 17:06:12,495 [TELEM] ERROR: PXI health check failed Ś reinitialising connection
2026-07-16 17:06:12,496 [TELEM] WARNING: PXI reinit attempt 3/3
2026-07-16 17:06:12,514 [TELEM] WARNING: SERIAL: port error (could not open port 'COM3': FileNotFoundError(2, 'The system cannot find the file specified.', None, 2)) Ś reconnecting in 2s
2026-07-16 17:06:13,500 [TELEM] ERROR: PXI reinit failed: Client: Connect failed.
2026-07-16 17:06:14,528 [TELEM] WARNING: SERIAL: port error (could not open port 'COM3': FileNotFoundError(2, 'The system cannot find the file specified.', None, 2)) Ś reconnecting in 2s
2026-07-16 17:06:16,539 [TELEM] WARNING: SERIAL: port error (could not open port 'COM3': FileNotFoundError(2, 'The system cannot find the file specified.', None, 2)) Ś reconnecting in 2s
2026-07-16 17:06:16,915 [TELEM] INFO: Relay 2 -> ON
2026-07-16 17:06:17,501 [TELEM] ERROR: PXI health check failed Ś reinitialising connection
2026-07-16 17:06:17,502 [TELEM] CRITICAL: PXI reinit exceeded 3 attempts Ś entering safe mode
2026-07-16 17:06:17,503 [TELEM] CRITICAL: ENTERING SAFE MODE
2026-07-16 17:06:17,503 [TELEM] INFO: Safe mode: all relays opened
2026-07-16 17:06:17,503 [TELEM] INFO: Safe mode: PXI outputs zeroed
2026-07-16 17:06:17,812 [TELEM] INFO: Relay 3 -> ON
2026-07-16 17:06:17,954 [RelayEventLoop] INFO: Relay 2 -> ON
2026-07-16 17:06:18,547 [TELEM] WARNING: SERIAL: port error (could not open port 'COM3': FileNotFoundError(2, 'The system cannot find the file specified.', None, 2)) Ś reconnecting in 2s
2026-07-16 17:06:18,963 [RelayEventLoop] INFO: Relay 3 -> ON
2026-07-16 17:06:20,031 [RelayEventLoop] INFO: Relay 2 -> OFF
2026-07-16 17:06:20,551 [TELEM] WARNING: SERIAL: port error (could not open port 'COM3': FileNotFoundError(2, 'The system cannot find the file specified.', None, 2)) Ś reconnecting in 2s
2026-07-16 17:06:22,505 [TELEM] ERROR: PXI health check failed Ś reinitialising connection
2026-07-16 17:06:22,506 [TELEM] CRITICAL: PXI reinit exceeded 3 attempts Ś entering safe mode
2026-07-16 17:06:22,565 [TELEM] WARNING: SERIAL: port error (could not open port 'COM3': FileNotFoundError(2, 'The system cannot find the file specified.', None, 2)) Ś reconnecting in 2s
2026-07-16 17:06:24,569 [TELEM] WARNING: SERIAL: port error (could not open port 'COM3': FileNotFoundError(2, 'The system cannot find the file specified.', None, 2)) Ś reconnecting in 2s
2026-07-16 17:06:26,574 [TELEM] WARNING: SERIAL: port error (could not open port 'COM3': FileNotFoundError(2, 'The system cannot find the file specified.', None, 2)) Ś reconnecting in 2s
2026-07-16 17:06:27,509 [TELEM] ERROR: PXI health check failed Ś reinitialising connection
2026-07-16 17:06:27,510 [TELEM] CRITICAL: PXI reinit exceeded 3 attempts Ś entering safe mode
2026-07-16 17:06:28,580 [TELEM] WARNING: SERIAL: port error (could not open port 'COM3': FileNotFoundError(2, 'The system cannot find the file specified.', None, 2)) Ś reconnecting in 2s
2026-07-16 17:06:30,594 [TELEM] WARNING: SERIAL: port error (could not open port 'COM3': FileNotFoundError(2, 'The system cannot find the file specified.', None, 2)) Ś reconnecting in 2s
2026-07-16 17:06:32,513 [TELEM] ERROR: PXI health check failed Ś reinitialising connection
2026-07-16 17:06:32,513 [TELEM] CRITICAL: PXI reinit exceeded 3 attempts Ś entering safe mode
2026-07-16 17:06:32,596 [TELEM] WARNING: SERIAL: port error (could not open port 'COM3': FileNotFoundError(2, 'The system cannot find the file specified.', None, 2)) Ś reconnecting in 2s
2026-07-16 17:06:33,318 [TELEM] INFO: Relay 3 -> OFF
2026-07-16 17:06:34,348 [RelayEventLoop] INFO: Relay 3 -> OFF
2026-07-16 17:06:34,597 [TELEM] WARNING: SERIAL: port error (could not open port 'COM3': FileNotFoundError(2, 'The system cannot find the file specified.', None, 2)) Ś reconnecting in 2s
2026-07-16 17:06:35,460 [TELEM] INFO: Relay 2 -> OFF
2026-07-16 17:06:36,182 [TELEM] INFO: Relay 2 -> ON
2026-07-16 17:06:36,603 [TELEM] WARNING: SERIAL: port error (could not open port 'COM3': FileNotFoundError(2, 'The system cannot find the file specified.', None, 2)) Ś reconnecting in 2s
2026-07-16 17:06:37,230 [RelayEventLoop] INFO: Relay 2 -> ON
2026-07-16 17:06:37,518 [TELEM] ERROR: PXI health check failed Ś reinitialising connection
2026-07-16 17:06:37,518 [TELEM] CRITICAL: PXI reinit exceeded 3 attempts Ś entering safe mode
2026-07-16 17:06:38,609 [TELEM] WARNING: SERIAL: port error (could not open port 'COM3': FileNotFoundError(2, 'The system cannot find the file specified.', None, 2)) Ś reconnecting in 2s
2026-07-16 17:06:40,616 [TELEM] WARNING: SERIAL: port error (could not open port 'COM3': FileNotFoundError(2, 'The system cannot find the file specified.', None, 2)) Ś reconnecting in 2s
2026-07-16 17:06:42,520 [TELEM] ERROR: PXI health check failed Ś reinitialising connection
2026-07-16 17:06:42,520 [TELEM] CRITICAL: PXI reinit exceeded 3 attempts Ś entering safe mode
2026-07-16 17:06:42,629 [TELEM] WARNING: SERIAL: port error (could not open port 'COM3': FileNotFoundError(2, 'The system cannot find the file specified.', None, 2)) Ś reconnecting in 2s
2026-07-16 17:06:43,497 [TELEM] INFO: Relay 3 -> ON
2026-07-16 17:06:44,510 [RelayEventLoop] INFO: Relay 3 -> ON
2026-07-16 17:06:44,642 [TELEM] WARNING: SERIAL: port error (could not open port 'COM3': FileNotFoundError(2, 'The system cannot find the file specified.', None, 2)) Ś reconnecting in 2s
2026-07-16 17:06:46,650 [TELEM] WARNING: SERIAL: port error (could not open port 'COM3': FileNotFoundError(2, 'The system cannot find the file specified.', None, 2)) Ś reconnecting in 2s
2026-07-16 17:06:46,961 [TELEM] INFO: Relay 3 -> OFF
2026-07-16 17:06:47,522 [TELEM] ERROR: PXI health check failed Ś reinitialising connection
2026-07-16 17:06:47,523 [TELEM] CRITICAL: PXI reinit exceeded 3 attempts Ś entering safe mode
2026-07-16 17:06:47,993 [RelayEventLoop] INFO: Relay 3 -> OFF
2026-07-16 17:06:48,663 [TELEM] WARNING: SERIAL: port error (could not open port 'COM3': FileNotFoundError(2, 'The system cannot find the file specified.', None, 2)) Ś reconnecting in 2s
2026-07-16 17:06:50,670 [TELEM] WARNING: SERIAL: port error (could not open port 'COM3': FileNotFoundError(2, 'The system cannot find the file specified.', None, 2)) Ś reconnecting in 2s
2026-07-16 17:06:52,526 [TELEM] ERROR: PXI health check failed Ś reinitialising connection
2026-07-16 17:06:52,526 [TELEM] CRITICAL: PXI reinit exceeded 3 attempts Ś entering safe mode
2026-07-16 17:06:52,672 [TELEM] WARNING: SERIAL: port error (could not open port 'COM3': FileNotFoundError(2, 'The system cannot find the file specified.', None, 2)) Ś reconnecting in 2s
2026-07-16 17:06:54,679 [TELEM] WARNING: SERIAL: port error (could not open port 'COM3': FileNotFoundError(2, 'The system cannot find the file specified.', None, 2)) Ś reconnecting in 2s
2026-07-16 17:06:56,685 [TELEM] WARNING: SERIAL: port error (could not open port 'COM3': FileNotFoundError(2, 'The system cannot find the file specified.', None, 2)) Ś reconnecting in 2s
2026-07-16 17:06:57,529 [TELEM] ERROR: PXI health check failed Ś reinitialising connection
2026-07-16 17:06:57,529 [TELEM] CRITICAL: PXI reinit exceeded 3 attempts Ś entering safe mode
2026-07-16 17:06:58,693 [TELEM] WARNING: SERIAL: port error (could not open port 'COM3': FileNotFoundError(2, 'The system cannot find the file specified.', None, 2)) Ś reconnecting in 2s
2026-07-16 17:07:00,695 [TELEM] WARNING: SERIAL: port error (could not open port 'COM3': FileNotFoundError(2, 'The system cannot find the file specified.', None, 2)) Ś reconnecting in 2s
2026-07-16 17:07:02,533 [TELEM] ERROR: PXI health check failed Ś reinitialising connection
2026-07-16 17:07:02,533 [TELEM] CRITICAL: PXI reinit exceeded 3 attempts Ś entering safe mode
2026-07-16 17:07:02,702 [TELEM] WARNING: SERIAL: port error (could not open port 'COM3': FileNotFoundError(2, 'The system cannot find the file specified.', None, 2)) Ś reconnecting in 2s
2026-07-16 17:07:04,711 [TELEM] WARNING: SERIAL: port error (could not open port 'COM3': FileNotFoundError(2, 'The system cannot find the file specified.', None, 2)) Ś reconnecting in 2s
2026-07-16 17:07:06,723 [TELEM] WARNING: SERIAL: port error (could not open port 'COM3': FileNotFoundError(2, 'The system cannot find the file specified.', None, 2)) Ś reconnecting in 2s
2026-07-16 17:07:07,535 [TELEM] ERROR: PXI health check failed Ś reinitialising connection
2026-07-16 17:07:07,536 [TELEM] CRITICAL: PXI reinit exceeded 3 attempts Ś entering safe mode
2026-07-16 17:07:08,730 [TELEM] WARNING: SERIAL: port error (could not open port 'COM3': FileNotFoundError(2, 'The system cannot find the file specified.', None, 2)) Ś reconnecting in 2s
2026-07-16 17:07:10,738 [TELEM] WARNING: SERIAL: port error (could not open port 'COM3': FileNotFoundError(2, 'The system cannot find the file specified.', None, 2)) Ś reconnecting in 2s
2026-07-16 17:07:12,537 [TELEM] ERROR: PXI health check failed Ś reinitialising connection
2026-07-16 17:07:12,538 [TELEM] CRITICAL: PXI reinit exceeded 3 attempts Ś entering safe mode
2026-07-16 17:07:12,750 [TELEM] WARNING: SERIAL: port error (could not open port 'COM3': FileNotFoundError(2, 'The system cannot find the file specified.', None, 2)) Ś reconnecting in 2s
2026-07-16 17:07:14,751 [TELEM] WARNING: SERIAL: port error (could not open port 'COM3': FileNotFoundError(2, 'The system cannot find the file specified.', None, 2)) Ś reconnecting in 2s
2026-07-16 17:07:15,571 [TELEM] INFO: Relay 3 -> ON
2026-07-16 17:07:16,609 [RelayEventLoop] INFO: Relay 3 -> ON
2026-07-16 17:07:16,765 [TELEM] WARNING: SERIAL: port error (could not open port 'COM3': FileNotFoundError(2, 'The system cannot find the file specified.', None, 2)) Ś reconnecting in 2s
2026-07-16 17:07:17,540 [TELEM] ERROR: PXI health check failed Ś reinitialising connection
2026-07-16 17:07:17,541 [TELEM] CRITICAL: PXI reinit exceeded 3 attempts Ś entering safe mode
2026-07-16 17:07:18,779 [TELEM] WARNING: SERIAL: port error (could not open port 'COM3': FileNotFoundError(2, 'The system cannot find the file specified.', None, 2)) Ś reconnecting in 2s
2026-07-16 17:07:20,786 [TELEM] WARNING: SERIAL: port error (could not open port 'COM3': FileNotFoundError(2, 'The system cannot find the file specified.', None, 2)) Ś reconnecting in 2s
2026-07-16 17:07:22,543 [TELEM] ERROR: PXI health check failed Ś reinitialising connection
2026-07-16 17:07:22,544 [TELEM] CRITICAL: PXI reinit exceeded 3 attempts Ś entering safe mode
2026-07-16 17:07:22,787 [TELEM] WARNING: SERIAL: port error (could not open port 'COM3': FileNotFoundError(2, 'The system cannot find the file specified.', None, 2)) Ś reconnecting in 2s
2026-07-16 17:07:24,797 [TELEM] WARNING: SERIAL: port error (could not open port 'COM3': FileNotFoundError(2, 'The system cannot find the file specified.', None, 2)) Ś reconnecting in 2s
2026-07-16 17:07:26,625 [TELEM] INFO: Relay 2 -> OFF
2026-07-16 17:07:26,800 [TELEM] WARNING: SERIAL: port error (could not open port 'COM3': FileNotFoundError(2, 'The system cannot find the file specified.', None, 2)) Ś reconnecting in 2s
2026-07-16 17:07:27,546 [TELEM] ERROR: PXI health check failed Ś reinitialising connection
2026-07-16 17:07:27,547 [TELEM] CRITICAL: PXI reinit exceeded 3 attempts Ś entering safe mode
2026-07-16 17:07:27,674 [RelayEventLoop] INFO: Relay 2 -> OFF
2026-07-16 17:07:27,791 [TELEM] INFO: Relay 2 -> ON
2026-07-16 17:07:28,814 [TELEM] WARNING: SERIAL: port error (could not open port 'COM3': FileNotFoundError(2, 'The system cannot find the file specified.', None, 2)) Ś reconnecting in 2s
2026-07-16 17:07:28,822 [TELEM] INFO: Relay 2 -> OFF
2026-07-16 17:07:28,829 [RelayEventLoop] INFO: Relay 2 -> ON
2026-07-16 17:07:29,427 [TELEM] INFO: Relay 2 -> ON
2026-07-16 17:07:29,884 [RelayEventLoop] INFO: Relay 2 -> OFF
2026-07-16 17:07:30,817 [TELEM] WARNING: SERIAL: port error (could not open port 'COM3': FileNotFoundError(2, 'The system cannot find the file specified.', None, 2)) Ś reconnecting in 2s
2026-07-16 17:07:30,966 [RelayEventLoop] INFO: Relay 2 -> ON
2026-07-16 17:07:32,550 [TELEM] ERROR: PXI health check failed Ś reinitialising connection
2026-07-16 17:07:32,551 [TELEM] CRITICAL: PXI reinit exceeded 3 attempts Ś entering safe mode
2026-07-16 17:07:32,827 [TELEM] WARNING: SERIAL: port error (could not open port 'COM3': FileNotFoundError(2, 'The system cannot find the file specified.', None, 2)) Ś reconnecting in 2s
2026-07-16 17:07:34,831 [TELEM] WARNING: SERIAL: port error (could not open port 'COM3': FileNotFoundError(2, 'The system cannot find the file specified.', None, 2)) Ś reconnecting in 2s
2026-07-16 17:07:36,832 [TELEM] WARNING: SERIAL: port error (could not open port 'COM3': FileNotFoundError(2, 'The system cannot find the file specified.', None, 2)) Ś reconnecting in 2s
2026-07-16 17:07:37,553 [TELEM] ERROR: PXI health check failed Ś reinitialising connection
2026-07-16 17:07:37,553 [TELEM] CRITICAL: PXI reinit exceeded 3 attempts Ś entering safe mode
2026-07-16 17:07:38,845 [TELEM] WARNING: SERIAL: port error (could not open port 'COM3': FileNotFoundError(2, 'The system cannot find the file specified.', None, 2)) Ś reconnecting in 2s
2026-07-16 17:07:40,846 [TELEM] WARNING: SERIAL: port error (could not open port 'COM3': FileNotFoundError(2, 'The system cannot find the file specified.', None, 2)) Ś reconnecting in 2s
2026-07-16 17:07:42,555 [TELEM] ERROR: PXI health check failed Ś reinitialising connection
2026-07-16 17:07:42,556 [TELEM] CRITICAL: PXI reinit exceeded 3 attempts Ś entering safe mode
2026-07-16 17:07:42,859 [TELEM] WARNING: SERIAL: port error (could not open port 'COM3': FileNotFoundError(2, 'The system cannot find the file specified.', None, 2)) Ś reconnecting in 2s
2026-07-16 17:07:44,863 [TELEM] WARNING: SERIAL: port error (could not open port 'COM3': FileNotFoundError(2, 'The system cannot find the file specified.', None, 2)) Ś reconnecting in 2s
2026-07-16 17:07:46,876 [TELEM] WARNING: SERIAL: port error (could not open port 'COM3': FileNotFoundError(2, 'The system cannot find the file specified.', None, 2)) Ś reconnecting in 2s
2026-07-16 17:07:47,558 [TELEM] ERROR: PXI health check failed Ś reinitialising connection
2026-07-16 17:07:47,558 [TELEM] CRITICAL: PXI reinit exceeded 3 attempts Ś entering safe mode
2026-07-16 17:07:48,881 [TELEM] WARNING: SERIAL: port error (could not open port 'COM3': FileNotFoundError(2, 'The system cannot find the file specified.', None, 2)) Ś reconnecting in 2s
2026-07-16 17:07:50,887 [TELEM] WARNING: SERIAL: port error (could not open port 'COM3': FileNotFoundError(2, 'The system cannot find the file specified.', None, 2)) Ś reconnecting in 2s
2026-07-16 17:07:52,561 [TELEM] ERROR: PXI health check failed Ś reinitialising connection
2026-07-16 17:07:52,561 [TELEM] CRITICAL: PXI reinit exceeded 3 attempts Ś entering safe mode
2026-07-16 17:07:52,888 [TELEM] WARNING: SERIAL: port error (could not open port 'COM3': FileNotFoundError(2, 'The system cannot find the file specified.', None, 2)) Ś reconnecting in 2s
2026-07-16 17:07:54,895 [TELEM] WARNING: SERIAL: port error (could not open port 'COM3': FileNotFoundError(2, 'The system cannot find the file specified.', None, 2)) Ś reconnecting in 2s
2026-07-16 17:07:56,905 [TELEM] WARNING: SERIAL: port error (could not open port 'COM3': FileNotFoundError(2, 'The system cannot find the file specified.', None, 2)) Ś reconnecting in 2s
2026-07-16 17:07:57,565 [TELEM] ERROR: PXI health check failed Ś reinitialising connection
2026-07-16 17:07:57,565 [TELEM] CRITICAL: PXI reinit exceeded 3 attempts Ś entering safe mode
2026-07-16 17:07:57,674 [TELEM] INFO: LXI Manager: IP changed to '169.254.112.5', reinit queued
2026-07-16 17:07:57,675 [TELEM] CRITICAL: PXI reinit exceeded 3 attempts Ś entering safe mode
2026-07-16 17:07:58,913 [TELEM] WARNING: SERIAL: port error (could not open port 'COM3': FileNotFoundError(2, 'The system cannot find the file specified.', None, 2)) Ś reconnecting in 2s
2026-07-16 17:08:00,208 [TELEM] INFO: LXI Manager: IP changed to '169.254.112.5', reinit queued
2026-07-16 17:08:00,209 [TELEM] CRITICAL: PXI reinit exceeded 3 attempts Ś entering safe mode
2026-07-16 17:08:00,917 [TELEM] WARNING: SERIAL: port error (could not open port 'COM3': FileNotFoundError(2, 'The system cannot find the file specified.', None, 2)) Ś reconnecting in 2s
2026-07-16 17:08:02,568 [TELEM] ERROR: PXI health check failed Ś reinitialising connection
2026-07-16 17:08:02,569 [TELEM] CRITICAL: PXI reinit exceeded 3 attempts Ś entering safe mode
2026-07-16 17:08:02,926 [TELEM] WARNING: SERIAL: port error (could not open port 'COM3': FileNotFoundError(2, 'The system cannot find the file specified.', None, 2)) Ś reconnecting in 2s
2026-07-16 17:08:04,930 [TELEM] WARNING: SERIAL: port error (could not open port 'COM3': FileNotFoundError(2, 'The system cannot find the file specified.', None, 2)) Ś reconnecting in 2s
2026-07-16 17:08:06,939 [TELEM] WARNING: SERIAL: port error (could not open port 'COM3': FileNotFoundError(2, 'The system cannot find the file specified.', None, 2)) Ś reconnecting in 2s
2026-07-16 17:08:07,570 [TELEM] ERROR: PXI health check failed Ś reinitialising connection
2026-07-16 17:08:07,570 [TELEM] CRITICAL: PXI reinit exceeded 3 attempts Ś entering safe mode
2026-07-16 17:08:08,949 [TELEM] WARNING: SERIAL: port error (could not open port 'COM3': FileNotFoundError(2, 'The system cannot find the file specified.', None, 2)) Ś reconnecting in 2s
2026-07-16 17:08:10,964 [TELEM] WARNING: SERIAL: port error (could not open port 'COM3': FileNotFoundError(2, 'The system cannot find the file specified.', None, 2)) Ś reconnecting in 2s
2026-07-16 17:08:12,573 [TELEM] ERROR: PXI health check failed Ś reinitialising connection
2026-07-16 17:08:12,573 [TELEM] CRITICAL: PXI reinit exceeded 3 attempts Ś entering safe mode
2026-07-16 17:08:12,973 [TELEM] WARNING: SERIAL: port error (could not open port 'COM3': FileNotFoundError(2, 'The system cannot find the file specified.', None, 2)) Ś reconnecting in 2s
2026-07-16 17:08:14,975 [TELEM] WARNING: SERIAL: port error (could not open port 'COM3': FileNotFoundError(2, 'The system cannot find the file specified.', None, 2)) Ś reconnecting in 2s
2026-07-16 17:08:16,984 [TELEM] WARNING: SERIAL: port error (could not open port 'COM3': FileNotFoundError(2, 'The system cannot find the file specified.', None, 2)) Ś reconnecting in 2s
2026-07-16 17:08:17,576 [TELEM] ERROR: PXI health check failed Ś reinitialising connection
2026-07-16 17:08:17,577 [TELEM] CRITICAL: PXI reinit exceeded 3 attempts Ś entering safe mode
2026-07-16 17:08:18,991 [TELEM] WARNING: SERIAL: port error (could not open port 'COM3': FileNotFoundError(2, 'The system cannot find the file specified.', None, 2)) Ś reconnecting in 2s
2026-07-16 17:08:20,501 [MainThread] INFO: RelayController stopping.
2026-07-16 17:08:20,526 [RelayEventLoop] INFO: Event loop stopped.
2026-07-16 17:08:20,529 [MainThread] INFO: Serial port closed.
2026-07-16 17:08:20,530 [MainThread] INFO: RelayController stopped.
