2026-07-17 10:49:26,350 [MainThread] INFO: RelayController starting on COM5 @ 19200 baud.
2026-07-17 10:49:26,350 [TELEM] ERROR: PXI init failed: Client: Connection refused.
2026-07-17 10:49:26,350 [MainThread] INFO: Connecting to COM5...
2026-07-17 10:49:26,376 [MainThread] INFO: Connected to relay board on COM5.
2026-07-17 10:49:26,377 [RelayEventLoop] INFO: Event loop started (poll=50 ms, relays 0-3).
2026-07-17 10:49:26,378 [TELEM] INFO: Relay controller started on COM5
2026-07-17 10:49:26,379 [TELEM] WARNING: SERIAL: port error (could not open port 'COM3': FileNotFoundError(2, 'The system cannot find the file specified.', None, 2)) — reconnecting in 2s
2026-07-17 10:49:26,419 [TELEM] ERROR: PXI health check failed — reinitialising connection
2026-07-17 10:49:26,419 [TELEM] WARNING: PXI reinit attempt 1 (next retry in 5s if this fails)
2026-07-17 10:49:26,419 [TELEM] ERROR: PXI reinit failed: Client: Connection refused.
2026-07-17 10:49:27,389 [RelayEventLoop] INFO: Relay 0 -> OFF
2026-07-17 10:49:28,393 [RelayEventLoop] INFO: Relay 1 -> OFF
2026-07-17 10:49:28,393 [TELEM] WARNING: SERIAL: port error (could not open port 'COM3': FileNotFoundError(2, 'The system cannot find the file specified.', None, 2)) — reconnecting in 2s
2026-07-17 10:49:29,404 [RelayEventLoop] INFO: Relay 2 -> OFF
2026-07-17 10:49:30,403 [TELEM] WARNING: SERIAL: port error (could not open port 'COM3': FileNotFoundError(2, 'The system cannot find the file specified.', None, 2)) — reconnecting in 2s
2026-07-17 10:49:30,411 [RelayEventLoop] INFO: Relay 3 -> OFF
2026-07-17 10:49:31,396 [TELEM] ERROR: PXI health check failed — reinitialising connection
2026-07-17 10:49:31,397 [TELEM] WARNING: PXI reinit attempt 2 (next retry in 10s if this fails)
2026-07-17 10:49:31,411 [TELEM] ERROR: PXI reinit failed: Client: Connection refused.
2026-07-17 10:49:31,868 [TELEM] INFO: Relay 2 -> ON
2026-07-17 10:49:32,412 [TELEM] WARNING: SERIAL: port error (could not open port 'COM3': FileNotFoundError(2, 'The system cannot find the file specified.', None, 2)) — reconnecting in 2s
2026-07-17 10:49:32,883 [RelayEventLoop] INFO: Relay 2 -> ON
2026-07-17 10:49:34,422 [TELEM] WARNING: SERIAL: port error (could not open port 'COM3': FileNotFoundError(2, 'The system cannot find the file specified.', None, 2)) — reconnecting in 2s
2026-07-17 10:49:36,415 [TELEM] ERROR: PXI health check failed — reinitialising connection
2026-07-17 10:49:36,428 [TELEM] WARNING: SERIAL: port error (could not open port 'COM3': FileNotFoundError(2, 'The system cannot find the file specified.', None, 2)) — reconnecting in 2s
2026-07-17 10:49:38,438 [TELEM] WARNING: SERIAL: port error (could not open port 'COM3': FileNotFoundError(2, 'The system cannot find the file specified.', None, 2)) — reconnecting in 2s
2026-07-17 10:49:40,440 [TELEM] WARNING: SERIAL: port error (could not open port 'COM3': FileNotFoundError(2, 'The system cannot find the file specified.', None, 2)) — reconnecting in 2s
2026-07-17 10:49:41,419 [TELEM] ERROR: PXI health check failed — reinitialising connection
2026-07-17 10:49:41,420 [TELEM] WARNING: PXI reinit attempt 3 (next retry in 30s if this fails)
2026-07-17 10:49:41,443 [TELEM] ERROR: PXI reinit failed: Client: Connection refused.
2026-07-17 10:49:42,455 [TELEM] WARNING: SERIAL: port error (could not open port 'COM3': FileNotFoundError(2, 'The system cannot find the file specified.', None, 2)) — reconnecting in 2s
2026-07-17 10:49:44,469 [TELEM] WARNING: SERIAL: port error (could not open port 'COM3': FileNotFoundError(2, 'The system cannot find the file specified.', None, 2)) — reconnecting in 2s
2026-07-17 10:49:46,446 [TELEM] ERROR: PXI health check failed — reinitialising connection
2026-07-17 10:49:46,477 [TELEM] WARNING: SERIAL: port error (could not open port 'COM3': FileNotFoundError(2, 'The system cannot find the file specified.', None, 2)) — reconnecting in 2s
2026-07-17 10:49:48,484 [TELEM] WARNING: SERIAL: port error (could not open port 'COM3': FileNotFoundError(2, 'The system cannot find the file specified.', None, 2)) — reconnecting in 2s
2026-07-17 10:49:50,498 [TELEM] WARNING: SERIAL: port error (could not open port 'COM3': FileNotFoundError(2, 'The system cannot find the file specified.', None, 2)) — reconnecting in 2s
2026-07-17 10:49:51,450 [TELEM] ERROR: PXI health check failed — reinitialising connection
2026-07-17 10:49:52,509 [TELEM] WARNING: SERIAL: port error (could not open port 'COM3': FileNotFoundError(2, 'The system cannot find the file specified.', None, 2)) — reconnecting in 2s
2026-07-17 10:49:54,512 [TELEM] WARNING: SERIAL: port error (could not open port 'COM3': FileNotFoundError(2, 'The system cannot find the file specified.', None, 2)) — reconnecting in 2s
2026-07-17 10:49:56,454 [TELEM] ERROR: PXI health check failed — reinitialising connection
2026-07-17 10:49:56,518 [TELEM] WARNING: SERIAL: port error (could not open port 'COM3': FileNotFoundError(2, 'The system cannot find the file specified.', None, 2)) — reconnecting in 2s
2026-07-17 10:49:58,527 [TELEM] WARNING: SERIAL: port error (could not open port 'COM3': FileNotFoundError(2, 'The system cannot find the file specified.', None, 2)) — reconnecting in 2s
2026-07-17 10:50:00,531 [TELEM] WARNING: SERIAL: port error (could not open port 'COM3': FileNotFoundError(2, 'The system cannot find the file specified.', None, 2)) — reconnecting in 2s
2026-07-17 10:50:01,457 [TELEM] ERROR: PXI health check failed — reinitialising connection
2026-07-17 10:50:02,538 [TELEM] WARNING: SERIAL: port error (could not open port 'COM3': FileNotFoundError(2, 'The system cannot find the file specified.', None, 2)) — reconnecting in 2s
2026-07-17 10:50:04,542 [TELEM] WARNING: SERIAL: port error (could not open port 'COM3': FileNotFoundError(2, 'The system cannot find the file specified.', None, 2)) — reconnecting in 2s
2026-07-17 10:50:06,461 [TELEM] ERROR: PXI health check failed — reinitialising connection
2026-07-17 10:50:06,543 [TELEM] WARNING: SERIAL: port error (could not open port 'COM3': FileNotFoundError(2, 'The system cannot find the file specified.', None, 2)) — reconnecting in 2s
2026-07-17 10:50:08,545 [TELEM] WARNING: SERIAL: port error (could not open port 'COM3': FileNotFoundError(2, 'The system cannot find the file specified.', None, 2)) — reconnecting in 2s
2026-07-17 10:50:10,558 [TELEM] WARNING: SERIAL: port error (could not open port 'COM3': FileNotFoundError(2, 'The system cannot find the file specified.', None, 2)) — reconnecting in 2s
2026-07-17 10:50:11,464 [TELEM] ERROR: PXI health check failed — reinitialising connection
2026-07-17 10:50:11,464 [TELEM] WARNING: PXI reinit attempt 4 (next retry in 60s if this fails)
2026-07-17 10:50:12,562 [TELEM] WARNING: SERIAL: port error (could not open port 'COM3': FileNotFoundError(2, 'The system cannot find the file specified.', None, 2)) — reconnecting in 2s
2026-07-17 10:50:14,572 [TELEM] WARNING: SERIAL: port error (could not open port 'COM3': FileNotFoundError(2, 'The system cannot find the file specified.', None, 2)) — reconnecting in 2s
2026-07-17 10:50:16,478 [TELEM] ERROR: PXI reinit failed: Client: Connect failed.
2026-07-17 10:50:16,577 [TELEM] WARNING: SERIAL: port error (could not open port 'COM3': FileNotFoundError(2, 'The system cannot find the file specified.', None, 2)) — reconnecting in 2s
2026-07-17 10:50:17,478 [TELEM] ERROR: PXI health check failed — reinitialising connection
2026-07-17 10:50:18,588 [TELEM] WARNING: SERIAL: port error (could not open port 'COM3': FileNotFoundError(2, 'The system cannot find the file specified.', None, 2)) — reconnecting in 2s
2026-07-17 10:50:20,592 [TELEM] WARNING: SERIAL: port error (could not open port 'COM3': FileNotFoundError(2, 'The system cannot find the file specified.', None, 2)) — reconnecting in 2s
2026-07-17 10:50:22,483 [TELEM] ERROR: PXI health check failed — reinitialising connection
2026-07-17 10:50:22,593 [TELEM] WARNING: SERIAL: port error (could not open port 'COM3': FileNotFoundError(2, 'The system cannot find the file specified.', None, 2)) — reconnecting in 2s
2026-07-17 10:50:24,603 [TELEM] WARNING: SERIAL: port error (could not open port 'COM3': FileNotFoundError(2, 'The system cannot find the file specified.', None, 2)) — reconnecting in 2s
2026-07-17 10:50:26,605 [TELEM] WARNING: SERIAL: port error (could not open port 'COM3': FileNotFoundError(2, 'The system cannot find the file specified.', None, 2)) — reconnecting in 2s
2026-07-17 10:50:27,487 [TELEM] ERROR: PXI health check failed — reinitialising connection
2026-07-17 10:50:28,606 [TELEM] WARNING: SERIAL: port error (could not open port 'COM3': FileNotFoundError(2, 'The system cannot find the file specified.', None, 2)) — reconnecting in 2s
2026-07-17 10:50:30,607 [TELEM] WARNING: SERIAL: port error (could not open port 'COM3': FileNotFoundError(2, 'The system cannot find the file specified.', None, 2)) — reconnecting in 2s
2026-07-17 10:50:32,491 [TELEM] ERROR: PXI health check failed — reinitialising connection
2026-07-17 10:50:32,609 [TELEM] WARNING: SERIAL: port error (could not open port 'COM3': FileNotFoundError(2, 'The system cannot find the file specified.', None, 2)) — reconnecting in 2s
2026-07-17 10:50:34,618 [TELEM] WARNING: SERIAL: port error (could not open port 'COM3': FileNotFoundError(2, 'The system cannot find the file specified.', None, 2)) — reconnecting in 2s
2026-07-17 10:50:36,634 [TELEM] WARNING: SERIAL: port error (could not open port 'COM3': FileNotFoundError(2, 'The system cannot find the file specified.', None, 2)) — reconnecting in 2s
2026-07-17 10:50:36,995 [TELEM] WARNING: PXI pair 1: wave index 0 not available (0 waveform(s) initialized)
2026-07-17 10:50:36,998 [TELEM] WARNING: PXI pair 2: wave index 1 not available (0 waveform(s) initialized)
2026-07-17 10:50:36,999 [TELEM] WARNING: PXI pair 3: wave index 2 not available (0 waveform(s) initialized)
2026-07-17 10:50:37,001 [TELEM] WARNING: PXI pair 4: wave index 3 not available (0 waveform(s) initialized)
2026-07-17 10:50:37,003 [TELEM] WARNING: PXI pair 5: wave index 4 not available (0 waveform(s) initialized)
2026-07-17 10:50:37,005 [TELEM] INFO: Ground config 'allOn10k' loaded and applied (6 pair(s))
2026-07-17 10:50:37,005 [TELEM] WARNING: PXI pair 6: wave index 5 not available (0 waveform(s) initialized)
2026-07-17 10:50:37,494 [TELEM] ERROR: PXI health check failed — reinitialising connection
2026-07-17 10:50:38,642 [TELEM] WARNING: SERIAL: port error (could not open port 'COM3': FileNotFoundError(2, 'The system cannot find the file specified.', None, 2)) — reconnecting in 2s
2026-07-17 10:50:39,625 [TELEM] WARNING: PXI pair 1: wave index 0 not available (0 waveform(s) initialized)
2026-07-17 10:50:39,626 [TELEM] WARNING: PXI pair 2: wave index 1 not available (0 waveform(s) initialized)
2026-07-17 10:50:39,628 [TELEM] WARNING: PXI pair 3: wave index 2 not available (0 waveform(s) initialized)
2026-07-17 10:50:39,629 [TELEM] WARNING: PXI pair 4: wave index 3 not available (0 waveform(s) initialized)
2026-07-17 10:50:39,631 [TELEM] WARNING: PXI pair 5: wave index 4 not available (0 waveform(s) initialized)
2026-07-17 10:50:39,632 [TELEM] WARNING: PXI pair 6: wave index 5 not available (0 waveform(s) initialized)
2026-07-17 10:50:40,602 [TELEM] WARNING: PXI pair 1: wave index 0 not available (0 waveform(s) initialized)
2026-07-17 10:50:40,604 [TELEM] WARNING: PXI pair 2: wave index 1 not available (0 waveform(s) initialized)
2026-07-17 10:50:40,605 [TELEM] WARNING: PXI pair 3: wave index 2 not available (0 waveform(s) initialized)
2026-07-17 10:50:40,606 [TELEM] WARNING: PXI pair 4: wave index 3 not available (0 waveform(s) initialized)
2026-07-17 10:50:40,607 [TELEM] WARNING: PXI pair 5: wave index 4 not available (0 waveform(s) initialized)
2026-07-17 10:50:40,609 [TELEM] WARNING: PXI pair 6: wave index 5 not available (0 waveform(s) initialized)
2026-07-17 10:50:40,646 [TELEM] WARNING: SERIAL: port error (could not open port 'COM3': FileNotFoundError(2, 'The system cannot find the file specified.', None, 2)) — reconnecting in 2s
2026-07-17 10:50:41,752 [TELEM] WARNING: PXI pair 2: wave index 1 not available (0 waveform(s) initialized)
2026-07-17 10:50:42,496 [TELEM] ERROR: PXI health check failed — reinitialising connection
2026-07-17 10:50:42,660 [TELEM] WARNING: SERIAL: port error (could not open port 'COM3': FileNotFoundError(2, 'The system cannot find the file specified.', None, 2)) — reconnecting in 2s
2026-07-17 10:50:43,270 [TELEM] WARNING: PXI pair 3: wave index 2 not available (0 waveform(s) initialized)
2026-07-17 10:50:44,662 [TELEM] WARNING: SERIAL: port error (could not open port 'COM3': FileNotFoundError(2, 'The system cannot find the file specified.', None, 2)) — reconnecting in 2s
2026-07-17 10:50:46,667 [TELEM] WARNING: SERIAL: port error (could not open port 'COM3': FileNotFoundError(2, 'The system cannot find the file specified.', None, 2)) — reconnecting in 2s
2026-07-17 10:50:46,783 [TELEM] INFO: LXI Manager: IP changed to '169.254.112.5', reinit queued
2026-07-17 10:50:46,784 [TELEM] WARNING: PXI reinit attempt 5 (next retry in 60s if this fails)
2026-07-17 10:50:46,792 [PXI] INFO: PXI interface initialized successfully.
2026-07-17 10:50:46,817 [PXI] INFO: Found 2 valid cards.
2026-07-17 10:50:46,818 [PXI] INFO: Building waveforms for 2 cards.
2026-07-17 10:50:46,818 [TELEM] INFO: PXI reinit OK: 2 card(s) restored
2026-07-17 10:50:47,845 [TELEM] INFO: LXI Manager: IP changed to '169.254.112.5', reinit queued
2026-07-17 10:50:47,846 [TELEM] WARNING: PXI reinit attempt 1 (next retry in 5s if this fails)
2026-07-17 10:50:47,857 [PXI] INFO: PXI interface initialized successfully.
2026-07-17 10:50:47,878 [PXI] INFO: Found 2 valid cards.
2026-07-17 10:50:47,879 [PXI] INFO: Building waveforms for 2 cards.
2026-07-17 10:50:47,879 [TELEM] INFO: PXI reinit OK: 2 card(s) restored
2026-07-17 10:50:48,076 [TELEM] INFO: LXI Manager: IP changed to '169.254.112.5', reinit queued
2026-07-17 10:50:48,077 [TELEM] WARNING: PXI reinit attempt 1 (next retry in 5s if this fails)
2026-07-17 10:50:48,103 [PXI] INFO: PXI interface initialized successfully.
2026-07-17 10:50:48,123 [PXI] INFO: Found 2 valid cards.
2026-07-17 10:50:48,124 [PXI] INFO: Building waveforms for 2 cards.
2026-07-17 10:50:48,124 [TELEM] INFO: PXI reinit OK: 2 card(s) restored
2026-07-17 10:50:48,671 [TELEM] WARNING: SERIAL: port error (could not open port 'COM3': FileNotFoundError(2, 'The system cannot find the file specified.', None, 2)) — reconnecting in 2s
2026-07-17 10:50:50,673 [TELEM] WARNING: SERIAL: port error (could not open port 'COM3': FileNotFoundError(2, 'The system cannot find the file specified.', None, 2)) — reconnecting in 2s
2026-07-17 10:50:52,641 [PXI] INFO: Updating waveform on card 40-414-104,1250312801,1.00, channel 1: frequency=10000.0, amplitude=5.0, offset=4.0, phase=0.0
2026-07-17 10:50:52,642 [PXI] ERROR: Exception occurred: Unknown error code.
2026-07-17 10:50:52,646 [TELEM] INFO: PXI pair 1: freq=10000Hz amp=5.000V offset=4.000V phase=0.0°
2026-07-17 10:50:52,647 [PXI] INFO: Updating waveform on card 40-414-104,1250312801,1.00, channel 2: frequency=10000.0, amplitude=5.0, offset=3.5, phase=0.0
2026-07-17 10:50:52,648 [PXI] ERROR: Exception occurred: Unknown error code.
2026-07-17 10:50:52,658 [TELEM] INFO: PXI pair 2: freq=10000Hz amp=5.000V offset=3.500V phase=0.0°
2026-07-17 10:50:52,659 [PXI] INFO: Updating waveform on card 40-414-104,1250312801,1.00, channel 3: frequency=10000.0, amplitude=5.0, offset=3.5, phase=0.0
2026-07-17 10:50:52,663 [PXI] ERROR: Exception occurred: Unknown error code.
2026-07-17 10:50:52,678 [TELEM] WARNING: SERIAL: port error (could not open port 'COM3': FileNotFoundError(2, 'The system cannot find the file specified.', None, 2)) — reconnecting in 2s
2026-07-17 10:50:52,693 [TELEM] INFO: PXI pair 3: freq=10000Hz amp=5.000V offset=3.500V phase=0.0°
2026-07-17 10:50:52,696 [PXI] INFO: Updating waveform on card 40-115-021,2250548401,1.01, channel 1: frequency=10000.0, amplitude=5.0, offset=3.5, phase=0.0
2026-07-17 10:50:52,697 [PXI] ERROR: Exception occurred: Unknown error code.
2026-07-17 10:50:52,703 [TELEM] INFO: PXI pair 4: freq=10000Hz amp=5.000V offset=3.500V phase=0.0°
2026-07-17 10:50:52,704 [PXI] INFO: Updating waveform on card 40-115-021,2250548401,1.01, channel 2: frequency=10000.0, amplitude=5.0, offset=3.5, phase=0.0
2026-07-17 10:50:52,705 [PXI] ERROR: Exception occurred: Unknown error code.
2026-07-17 10:50:52,715 [TELEM] INFO: PXI pair 5: freq=10000Hz amp=5.000V offset=3.500V phase=0.0°
2026-07-17 10:50:52,716 [PXI] INFO: Updating waveform on card 40-115-021,2250548401,1.01, channel 3: frequency=10000.0, amplitude=5.0, offset=4.0, phase=0.0
2026-07-17 10:50:52,719 [PXI] ERROR: Exception occurred: Unknown error code.
2026-07-17 10:50:52,724 [TELEM] INFO: PXI pair 6: freq=10000Hz amp=5.000V offset=4.000V phase=0.0°
2026-07-17 10:50:54,678 [TELEM] WARNING: SERIAL: port error (could not open port 'COM3': FileNotFoundError(2, 'The system cannot find the file specified.', None, 2)) — reconnecting in 2s
2026-07-17 10:50:56,689 [TELEM] WARNING: SERIAL: port error (could not open port 'COM3': FileNotFoundError(2, 'The system cannot find the file specified.', None, 2)) — reconnecting in 2s
2026-07-17 10:50:58,691 [TELEM] WARNING: SERIAL: port error (could not open port 'COM3': FileNotFoundError(2, 'The system cannot find the file specified.', None, 2)) — reconnecting in 2s
2026-07-17 10:51:00,704 [TELEM] WARNING: SERIAL: port error (could not open port 'COM3': FileNotFoundError(2, 'The system cannot find the file specified.', None, 2)) — reconnecting in 2s
2026-07-17 10:51:01,340 [TELEM] INFO: PXI: all channels stopped
2026-07-17 10:51:02,711 [TELEM] WARNING: SERIAL: port error (could not open port 'COM3': FileNotFoundError(2, 'The system cannot find the file specified.', None, 2)) — reconnecting in 2s
2026-07-17 10:51:04,717 [TELEM] WARNING: SERIAL: port error (could not open port 'COM3': FileNotFoundError(2, 'The system cannot find the file specified.', None, 2)) — reconnecting in 2s
2026-07-17 10:51:05,476 [PXI] INFO: Updating waveform on card 40-414-104,1250312801,1.00, channel 1: frequency=10000.0, amplitude=5.0, offset=4.0, phase=0.0
2026-07-17 10:51:05,478 [PXI] ERROR: Exception occurred: Unknown error code.
2026-07-17 10:51:05,485 [TELEM] INFO: PXI pair 1: freq=10000Hz amp=5.000V offset=4.000V phase=0.0°
2026-07-17 10:51:05,486 [PXI] INFO: Updating waveform on card 40-414-104,1250312801,1.00, channel 2: frequency=10000.0, amplitude=5.0, offset=3.5, phase=0.0
2026-07-17 10:51:05,491 [PXI] ERROR: Exception occurred: Unknown error code.
2026-07-17 10:51:05,494 [TELEM] INFO: PXI pair 2: freq=10000Hz amp=5.000V offset=3.500V phase=0.0°
2026-07-17 10:51:05,499 [PXI] INFO: Updating waveform on card 40-414-104,1250312801,1.00, channel 3: frequency=10000.0, amplitude=5.0, offset=3.5, phase=0.0
2026-07-17 10:51:05,501 [PXI] ERROR: Exception occurred: Unknown error code.
2026-07-17 10:51:05,526 [TELEM] INFO: PXI pair 3: freq=10000Hz amp=5.000V offset=3.500V phase=0.0°
2026-07-17 10:51:05,527 [PXI] INFO: Updating waveform on card 40-115-021,2250548401,1.01, channel 1: frequency=10000.0, amplitude=5.0, offset=3.5, phase=0.0
2026-07-17 10:51:05,532 [PXI] ERROR: Exception occurred: Unknown error code.
2026-07-17 10:51:05,539 [TELEM] INFO: PXI pair 4: freq=10000Hz amp=5.000V offset=3.500V phase=0.0°
2026-07-17 10:51:05,543 [PXI] INFO: Updating waveform on card 40-115-021,2250548401,1.01, channel 2: frequency=10000.0, amplitude=5.0, offset=3.5, phase=0.0
2026-07-17 10:51:05,544 [PXI] ERROR: Exception occurred: Unknown error code.
2026-07-17 10:51:05,557 [TELEM] INFO: PXI pair 5: freq=10000Hz amp=5.000V offset=3.500V phase=0.0°
2026-07-17 10:51:05,558 [PXI] INFO: Updating waveform on card 40-115-021,2250548401,1.01, channel 3: frequency=10000.0, amplitude=5.0, offset=4.0, phase=0.0
2026-07-17 10:51:05,560 [PXI] ERROR: Exception occurred: Unknown error code.
2026-07-17 10:51:05,564 [TELEM] INFO: PXI pair 6: freq=10000Hz amp=5.000V offset=4.000V phase=0.0°
2026-07-17 10:51:06,728 [TELEM] WARNING: SERIAL: port error (could not open port 'COM3': FileNotFoundError(2, 'The system cannot find the file specified.', None, 2)) — reconnecting in 2s
2026-07-17 10:51:07,768 [TELEM] INFO: PXI: all channels stopped
2026-07-17 10:51:08,286 [PXI] INFO: Updating waveform on card 40-414-104,1250312801,1.00, channel 1: frequency=10000.0, amplitude=5.0, offset=4.0, phase=0.0
2026-07-17 10:51:08,288 [PXI] ERROR: Exception occurred: Unknown error code.
2026-07-17 10:51:08,305 [TELEM] INFO: PXI pair 1: freq=10000Hz amp=5.000V offset=4.000V phase=0.0°
2026-07-17 10:51:08,307 [PXI] INFO: Updating waveform on card 40-414-104,1250312801,1.00, channel 2: frequency=10000.0, amplitude=5.0, offset=3.5, phase=0.0
2026-07-17 10:51:08,309 [PXI] ERROR: Exception occurred: Unknown error code.
2026-07-17 10:51:08,313 [TELEM] INFO: PXI pair 2: freq=10000Hz amp=5.000V offset=3.500V phase=0.0°
2026-07-17 10:51:08,319 [PXI] INFO: Updating waveform on card 40-414-104,1250312801,1.00, channel 3: frequency=10000.0, amplitude=5.0, offset=3.5, phase=0.0
2026-07-17 10:51:08,321 [PXI] ERROR: Exception occurred: Unknown error code.
2026-07-17 10:51:08,357 [TELEM] INFO: PXI pair 3: freq=10000Hz amp=5.000V offset=3.500V phase=0.0°
2026-07-17 10:51:08,358 [PXI] INFO: Updating waveform on card 40-115-021,2250548401,1.01, channel 1: frequency=10000.0, amplitude=5.0, offset=3.5, phase=0.0
2026-07-17 10:51:08,359 [PXI] ERROR: Exception occurred: Unknown error code.
2026-07-17 10:51:08,376 [TELEM] INFO: PXI pair 4: freq=10000Hz amp=5.000V offset=3.500V phase=0.0°
2026-07-17 10:51:08,377 [PXI] INFO: Updating waveform on card 40-115-021,2250548401,1.01, channel 2: frequency=10000.0, amplitude=5.0, offset=3.5, phase=0.0
2026-07-17 10:51:08,380 [PXI] ERROR: Exception occurred: Unknown error code.
2026-07-17 10:51:08,386 [TELEM] INFO: PXI pair 5: freq=10000Hz amp=5.000V offset=3.500V phase=0.0°
2026-07-17 10:51:08,388 [PXI] INFO: Updating waveform on card 40-115-021,2250548401,1.01, channel 3: frequency=10000.0, amplitude=5.0, offset=4.0, phase=0.0
2026-07-17 10:51:08,389 [PXI] ERROR: Exception occurred: Unknown error code.
2026-07-17 10:51:08,397 [TELEM] INFO: PXI pair 6: freq=10000Hz amp=5.000V offset=4.000V phase=0.0°
2026-07-17 10:51:08,736 [TELEM] WARNING: SERIAL: port error (could not open port 'COM3': FileNotFoundError(2, 'The system cannot find the file specified.', None, 2)) — reconnecting in 2s
2026-07-17 10:51:09,155 [TELEM] INFO: PXI: all channels stopped
2026-07-17 10:51:09,702 [PXI] INFO: Updating waveform on card 40-414-104,1250312801,1.00, channel 1: frequency=10000.0, amplitude=5.0, offset=4.0, phase=0.0
2026-07-17 10:51:09,704 [PXI] ERROR: Exception occurred: Unknown error code.
2026-07-17 10:51:09,706 [TELEM] INFO: PXI pair 1: freq=10000Hz amp=5.000V offset=4.000V phase=0.0°
2026-07-17 10:51:09,707 [PXI] INFO: Updating waveform on card 40-414-104,1250312801,1.00, channel 2: frequency=10000.0, amplitude=5.0, offset=3.5, phase=0.0
2026-07-17 10:51:09,708 [PXI] ERROR: Exception occurred: Unknown error code.
2026-07-17 10:51:09,740 [TELEM] INFO: PXI pair 2: freq=10000Hz amp=5.000V offset=3.500V phase=0.0°
2026-07-17 10:51:09,742 [PXI] INFO: Updating waveform on card 40-414-104,1250312801,1.00, channel 3: frequency=10000.0, amplitude=5.0, offset=3.5, phase=0.0
2026-07-17 10:51:09,743 [PXI] ERROR: Exception occurred: Unknown error code.
2026-07-17 10:51:09,747 [TELEM] INFO: PXI pair 3: freq=10000Hz amp=5.000V offset=3.500V phase=0.0°
2026-07-17 10:51:09,748 [PXI] INFO: Updating waveform on card 40-115-021,2250548401,1.01, channel 1: frequency=10000.0, amplitude=5.0, offset=3.5, phase=0.0
2026-07-17 10:51:09,750 [PXI] ERROR: Exception occurred: Unknown error code.
2026-07-17 10:51:09,751 [TELEM] INFO: PXI pair 4: freq=10000Hz amp=5.000V offset=3.500V phase=0.0°
2026-07-17 10:51:09,752 [PXI] INFO: Updating waveform on card 40-115-021,2250548401,1.01, channel 2: frequency=10000.0, amplitude=5.0, offset=3.5, phase=0.0
2026-07-17 10:51:09,753 [PXI] ERROR: Exception occurred: Unknown error code.
2026-07-17 10:51:09,754 [TELEM] INFO: PXI pair 5: freq=10000Hz amp=5.000V offset=3.500V phase=0.0°
2026-07-17 10:51:09,755 [PXI] INFO: Updating waveform on card 40-115-021,2250548401,1.01, channel 3: frequency=10000.0, amplitude=5.0, offset=4.0, phase=0.0
2026-07-17 10:51:09,756 [PXI] ERROR: Exception occurred: Unknown error code.
2026-07-17 10:51:09,759 [TELEM] INFO: PXI pair 6: freq=10000Hz amp=5.000V offset=4.000V phase=0.0°
2026-07-17 10:51:10,751 [TELEM] WARNING: SERIAL: port error (could not open port 'COM3': FileNotFoundError(2, 'The system cannot find the file specified.', None, 2)) — reconnecting in 2s
2026-07-17 10:51:11,095 [TELEM] INFO: PXI: all channels stopped
2026-07-17 10:51:12,765 [TELEM] WARNING: SERIAL: port error (could not open port 'COM3': FileNotFoundError(2, 'The system cannot find the file specified.', None, 2)) — reconnecting in 2s
2026-07-17 10:51:14,766 [TELEM] WARNING: SERIAL: port error (could not open port 'COM3': FileNotFoundError(2, 'The system cannot find the file specified.', None, 2)) — reconnecting in 2s
2026-07-17 10:51:16,781 [TELEM] WARNING: SERIAL: port error (could not open port 'COM3': FileNotFoundError(2, 'The system cannot find the file specified.', None, 2)) — reconnecting in 2s
2026-07-17 10:51:17,520 [TELEM] INFO: Relay 2 -> OFF
2026-07-17 10:51:18,539 [RelayEventLoop] INFO: Relay 2 -> OFF
2026-07-17 10:51:18,788 [TELEM] WARNING: SERIAL: port error (could not open port 'COM3': FileNotFoundError(2, 'The system cannot find the file specified.', None, 2)) — reconnecting in 2s
2026-07-17 10:51:20,788 [TELEM] WARNING: SERIAL: port error (could not open port 'COM3': FileNotFoundError(2, 'The system cannot find the file specified.', None, 2)) — reconnecting in 2s
2026-07-17 10:51:22,543 [TELEM] ERROR: PXI health: card 0 not responding (Client: Send data failed.)
2026-07-17 10:51:22,544 [TELEM] ERROR: PXI health check failed — reinitialising connection
2026-07-17 10:51:22,544 [TELEM] WARNING: PXI reinit attempt 1 (next retry in 5s if this fails)
2026-07-17 10:51:22,562 [TELEM] ERROR: PXI reinit failed: Client: Connection refused.
2026-07-17 10:51:22,793 [TELEM] WARNING: SERIAL: port error (could not open port 'COM3': FileNotFoundError(2, 'The system cannot find the file specified.', None, 2)) — reconnecting in 2s
2026-07-17 10:51:24,803 [TELEM] WARNING: SERIAL: port error (could not open port 'COM3': FileNotFoundError(2, 'The system cannot find the file specified.', None, 2)) — reconnecting in 2s
2026-07-17 10:51:26,542 [MainThread] INFO: RelayController stopping.
2026-07-17 10:51:26,575 [RelayEventLoop] INFO: Event loop stopped.
2026-07-17 10:51:27,869 [MainThread] INFO: Serial port closed.
2026-07-17 10:51:27,869 [MainThread] INFO: RelayController stopped.
