2026-07-17 09:22:42,469 [TELEM] ERROR: PXI init failed: Client: Connection refused.
2026-07-17 09:22:42,469 [MainThread] INFO: RelayController starting on COM5 @ 19200 baud.
2026-07-17 09:22:42,470 [MainThread] INFO: Connecting to COM5...
2026-07-17 09:22:42,470 [MainThread] ERROR: Connection failed: could not open port 'COM5': FileNotFoundError(2, 'The system cannot find the file specified.', None, 2)
2026-07-17 09:22:42,471 [RelayEventLoop] INFO: Event loop started (poll=50 ms, relays 0-3).
2026-07-17 09:22:42,471 [TELEM] INFO: Relay controller started on COM5
2026-07-17 09:22:42,472 [TELEM] WARNING: SERIAL: port error (could not open port 'COM3': FileNotFoundError(2, 'The system cannot find the file specified.', None, 2)) — reconnecting in 2s
2026-07-17 09:22:42,473 [TELEM] ERROR: PXI health check failed — reinitialising connection
2026-07-17 09:22:42,473 [TELEM] WARNING: PXI reinit attempt 1 (next retry in 5s if this fails)
2026-07-17 09:22:42,498 [TELEM] ERROR: PXI reinit failed: Client: Connection refused.
2026-07-17 09:22:44,475 [TELEM] WARNING: SERIAL: port error (could not open port 'COM3': FileNotFoundError(2, 'The system cannot find the file specified.', None, 2)) — reconnecting in 2s
2026-07-17 09:22:46,486 [TELEM] WARNING: SERIAL: port error (could not open port 'COM3': FileNotFoundError(2, 'The system cannot find the file specified.', None, 2)) — reconnecting in 2s
2026-07-17 09:22:47,500 [TELEM] ERROR: PXI health check failed — reinitialising connection
2026-07-17 09:22:47,501 [TELEM] WARNING: PXI reinit attempt 2 (next retry in 10s if this fails)
2026-07-17 09:22:47,518 [TELEM] ERROR: PXI reinit failed: Client: Connection refused.
2026-07-17 09:22:48,499 [TELEM] WARNING: SERIAL: port error (could not open port 'COM3': FileNotFoundError(2, 'The system cannot find the file specified.', None, 2)) — reconnecting in 2s
2026-07-17 09:22:50,508 [TELEM] WARNING: SERIAL: port error (could not open port 'COM3': FileNotFoundError(2, 'The system cannot find the file specified.', None, 2)) — reconnecting in 2s
2026-07-17 09:22:52,511 [TELEM] WARNING: SERIAL: port error (could not open port 'COM3': FileNotFoundError(2, 'The system cannot find the file specified.', None, 2)) — reconnecting in 2s
2026-07-17 09:22:52,521 [TELEM] ERROR: PXI health check failed — reinitialising connection
2026-07-17 09:22:54,136 [TELEM] WARNING: Load config: no config selected
2026-07-17 09:22:54,522 [TELEM] WARNING: SERIAL: port error (could not open port 'COM3': FileNotFoundError(2, 'The system cannot find the file specified.', None, 2)) — reconnecting in 2s
2026-07-17 09:22:56,530 [TELEM] WARNING: SERIAL: port error (could not open port 'COM3': FileNotFoundError(2, 'The system cannot find the file specified.', None, 2)) — reconnecting in 2s
2026-07-17 09:22:57,524 [TELEM] ERROR: PXI health check failed — reinitialising connection
2026-07-17 09:22:57,525 [TELEM] WARNING: PXI reinit attempt 3 (next retry in 30s if this fails)
2026-07-17 09:22:57,544 [TELEM] ERROR: PXI reinit failed: Client: Connection refused.
2026-07-17 09:22:58,542 [TELEM] WARNING: SERIAL: port error (could not open port 'COM3': FileNotFoundError(2, 'The system cannot find the file specified.', None, 2)) — reconnecting in 2s
2026-07-17 09:23:00,556 [TELEM] WARNING: SERIAL: port error (could not open port 'COM3': FileNotFoundError(2, 'The system cannot find the file specified.', None, 2)) — reconnecting in 2s
2026-07-17 09:23:02,546 [TELEM] ERROR: PXI health check failed — reinitialising connection
2026-07-17 09:23:02,570 [TELEM] WARNING: SERIAL: port error (could not open port 'COM3': FileNotFoundError(2, 'The system cannot find the file specified.', None, 2)) — reconnecting in 2s
2026-07-17 09:23:04,585 [TELEM] WARNING: SERIAL: port error (could not open port 'COM3': FileNotFoundError(2, 'The system cannot find the file specified.', None, 2)) — reconnecting in 2s
2026-07-17 09:23:06,600 [TELEM] WARNING: SERIAL: port error (could not open port 'COM3': FileNotFoundError(2, 'The system cannot find the file specified.', None, 2)) — reconnecting in 2s
2026-07-17 09:23:07,549 [TELEM] ERROR: PXI health check failed — reinitialising connection
2026-07-17 09:23:08,611 [TELEM] WARNING: SERIAL: port error (could not open port 'COM3': FileNotFoundError(2, 'The system cannot find the file specified.', None, 2)) — reconnecting in 2s
2026-07-17 09:23:10,627 [TELEM] WARNING: SERIAL: port error (could not open port 'COM3': FileNotFoundError(2, 'The system cannot find the file specified.', None, 2)) — reconnecting in 2s
2026-07-17 09:23:12,552 [TELEM] ERROR: PXI health check failed — reinitialising connection
2026-07-17 09:23:12,642 [TELEM] WARNING: SERIAL: port error (could not open port 'COM3': FileNotFoundError(2, 'The system cannot find the file specified.', None, 2)) — reconnecting in 2s
2026-07-17 09:23:14,658 [TELEM] WARNING: SERIAL: port error (could not open port 'COM3': FileNotFoundError(2, 'The system cannot find the file specified.', None, 2)) — reconnecting in 2s
2026-07-17 09:23:16,670 [TELEM] WARNING: SERIAL: port error (could not open port 'COM3': FileNotFoundError(2, 'The system cannot find the file specified.', None, 2)) — reconnecting in 2s
2026-07-17 09:23:17,554 [TELEM] ERROR: PXI health check failed — reinitialising connection
2026-07-17 09:23:18,682 [TELEM] WARNING: SERIAL: port error (could not open port 'COM3': FileNotFoundError(2, 'The system cannot find the file specified.', None, 2)) — reconnecting in 2s
2026-07-17 09:23:20,694 [TELEM] WARNING: SERIAL: port error (could not open port 'COM3': FileNotFoundError(2, 'The system cannot find the file specified.', None, 2)) — reconnecting in 2s
2026-07-17 09:23:22,557 [TELEM] ERROR: PXI health check failed — reinitialising connection
2026-07-17 09:23:22,707 [TELEM] WARNING: SERIAL: port error (could not open port 'COM3': FileNotFoundError(2, 'The system cannot find the file specified.', None, 2)) — reconnecting in 2s
2026-07-17 09:23:23,041 [TELEM] INFO: Ground config saved: c:\Users\bnl20\OneDrive\Documents\JSC OSTEM 2026\FlightCode\MUTT_flightCode\groundConfigs\configTest03.csv
2026-07-17 09:23:24,716 [TELEM] WARNING: SERIAL: port error (could not open port 'COM3': FileNotFoundError(2, 'The system cannot find the file specified.', None, 2)) — reconnecting in 2s
2026-07-17 09:23:26,719 [TELEM] WARNING: SERIAL: port error (could not open port 'COM3': FileNotFoundError(2, 'The system cannot find the file specified.', None, 2)) — reconnecting in 2s
2026-07-17 09:23:27,560 [TELEM] ERROR: PXI health check failed — reinitialising connection
2026-07-17 09:23:27,560 [TELEM] WARNING: PXI reinit attempt 4 (next retry in 60s if this fails)
2026-07-17 09:23:27,578 [TELEM] ERROR: PXI reinit failed: Client: Connection refused.
2026-07-17 09:23:28,721 [TELEM] WARNING: SERIAL: port error (could not open port 'COM3': FileNotFoundError(2, 'The system cannot find the file specified.', None, 2)) — reconnecting in 2s
2026-07-17 09:23:30,733 [TELEM] WARNING: SERIAL: port error (could not open port 'COM3': FileNotFoundError(2, 'The system cannot find the file specified.', None, 2)) — reconnecting in 2s
2026-07-17 09:23:32,580 [TELEM] ERROR: PXI health check failed — reinitialising connection
2026-07-17 09:23:32,741 [TELEM] WARNING: SERIAL: port error (could not open port 'COM3': FileNotFoundError(2, 'The system cannot find the file specified.', None, 2)) — reconnecting in 2s
2026-07-17 09:23:34,752 [TELEM] WARNING: SERIAL: port error (could not open port 'COM3': FileNotFoundError(2, 'The system cannot find the file specified.', None, 2)) — reconnecting in 2s
2026-07-17 09:23:36,753 [TELEM] WARNING: SERIAL: port error (could not open port 'COM3': FileNotFoundError(2, 'The system cannot find the file specified.', None, 2)) — reconnecting in 2s
2026-07-17 09:23:37,582 [TELEM] ERROR: PXI health check failed — reinitialising connection
2026-07-17 09:23:38,770 [TELEM] WARNING: SERIAL: port error (could not open port 'COM3': FileNotFoundError(2, 'The system cannot find the file specified.', None, 2)) — reconnecting in 2s
2026-07-17 09:23:40,770 [TELEM] WARNING: SERIAL: port error (could not open port 'COM3': FileNotFoundError(2, 'The system cannot find the file specified.', None, 2)) — reconnecting in 2s
2026-07-17 09:23:42,584 [TELEM] ERROR: PXI health check failed — reinitialising connection
2026-07-17 09:23:42,771 [TELEM] WARNING: SERIAL: port error (could not open port 'COM3': FileNotFoundError(2, 'The system cannot find the file specified.', None, 2)) — reconnecting in 2s
2026-07-17 09:23:44,785 [TELEM] WARNING: SERIAL: port error (could not open port 'COM3': FileNotFoundError(2, 'The system cannot find the file specified.', None, 2)) — reconnecting in 2s
2026-07-17 09:23:46,787 [TELEM] WARNING: SERIAL: port error (could not open port 'COM3': FileNotFoundError(2, 'The system cannot find the file specified.', None, 2)) — reconnecting in 2s
2026-07-17 09:23:47,586 [TELEM] ERROR: PXI health check failed — reinitialising connection
2026-07-17 09:23:48,186 [TELEM] WARNING: PXI pair 1: wave index 0 not available (0 waveform(s) initialized)
2026-07-17 09:23:48,187 [TELEM] WARNING: PXI pair 2: wave index 1 not available (0 waveform(s) initialized)
2026-07-17 09:23:48,189 [TELEM] WARNING: PXI pair 3: wave index 2 not available (0 waveform(s) initialized)
2026-07-17 09:23:48,193 [TELEM] WARNING: PXI pair 4: wave index 3 not available (0 waveform(s) initialized)
2026-07-17 09:23:48,203 [TELEM] WARNING: PXI pair 5: wave index 4 not available (0 waveform(s) initialized)
2026-07-17 09:23:48,208 [TELEM] INFO: Ground config 'configTest03' loaded and applied (6 pair(s))
2026-07-17 09:23:48,209 [TELEM] WARNING: PXI pair 6: wave index 5 not available (0 waveform(s) initialized)
2026-07-17 09:23:48,791 [TELEM] WARNING: SERIAL: port error (could not open port 'COM3': FileNotFoundError(2, 'The system cannot find the file specified.', None, 2)) — reconnecting in 2s
2026-07-17 09:23:50,799 [TELEM] WARNING: SERIAL: port error (could not open port 'COM3': FileNotFoundError(2, 'The system cannot find the file specified.', None, 2)) — reconnecting in 2s
2026-07-17 09:23:52,589 [TELEM] ERROR: PXI health check failed — reinitialising connection
2026-07-17 09:23:52,804 [TELEM] WARNING: SERIAL: port error (could not open port 'COM3': FileNotFoundError(2, 'The system cannot find the file specified.', None, 2)) — reconnecting in 2s
2026-07-17 09:23:54,814 [TELEM] WARNING: SERIAL: port error (could not open port 'COM3': FileNotFoundError(2, 'The system cannot find the file specified.', None, 2)) — reconnecting in 2s
2026-07-17 09:23:56,827 [TELEM] WARNING: SERIAL: port error (could not open port 'COM3': FileNotFoundError(2, 'The system cannot find the file specified.', None, 2)) — reconnecting in 2s
2026-07-17 09:23:57,591 [TELEM] ERROR: PXI health check failed — reinitialising connection
2026-07-17 09:23:58,838 [TELEM] WARNING: SERIAL: port error (could not open port 'COM3': FileNotFoundError(2, 'The system cannot find the file specified.', None, 2)) — reconnecting in 2s
2026-07-17 09:24:00,844 [TELEM] WARNING: SERIAL: port error (could not open port 'COM3': FileNotFoundError(2, 'The system cannot find the file specified.', None, 2)) — reconnecting in 2s
2026-07-17 09:24:02,593 [TELEM] ERROR: PXI health check failed — reinitialising connection
2026-07-17 09:24:02,855 [TELEM] WARNING: SERIAL: port error (could not open port 'COM3': FileNotFoundError(2, 'The system cannot find the file specified.', None, 2)) — reconnecting in 2s
2026-07-17 09:24:04,863 [TELEM] WARNING: SERIAL: port error (could not open port 'COM3': FileNotFoundError(2, 'The system cannot find the file specified.', None, 2)) — reconnecting in 2s
2026-07-17 09:24:06,870 [TELEM] WARNING: SERIAL: port error (could not open port 'COM3': FileNotFoundError(2, 'The system cannot find the file specified.', None, 2)) — reconnecting in 2s
2026-07-17 09:24:07,595 [TELEM] ERROR: PXI health check failed — reinitialising connection
2026-07-17 09:24:08,872 [TELEM] WARNING: SERIAL: port error (could not open port 'COM3': FileNotFoundError(2, 'The system cannot find the file specified.', None, 2)) — reconnecting in 2s
2026-07-17 09:24:10,888 [TELEM] WARNING: SERIAL: port error (could not open port 'COM3': FileNotFoundError(2, 'The system cannot find the file specified.', None, 2)) — reconnecting in 2s
2026-07-17 09:24:12,598 [TELEM] ERROR: PXI health check failed — reinitialising connection
2026-07-17 09:24:12,895 [TELEM] WARNING: SERIAL: port error (could not open port 'COM3': FileNotFoundError(2, 'The system cannot find the file specified.', None, 2)) — reconnecting in 2s
2026-07-17 09:24:14,906 [TELEM] WARNING: SERIAL: port error (could not open port 'COM3': FileNotFoundError(2, 'The system cannot find the file specified.', None, 2)) — reconnecting in 2s
2026-07-17 09:24:16,911 [TELEM] WARNING: SERIAL: port error (could not open port 'COM3': FileNotFoundError(2, 'The system cannot find the file specified.', None, 2)) — reconnecting in 2s
2026-07-17 09:24:17,600 [TELEM] ERROR: PXI health check failed — reinitialising connection
2026-07-17 09:24:18,911 [TELEM] WARNING: SERIAL: port error (could not open port 'COM3': FileNotFoundError(2, 'The system cannot find the file specified.', None, 2)) — reconnecting in 2s
2026-07-17 09:24:20,927 [TELEM] WARNING: SERIAL: port error (could not open port 'COM3': FileNotFoundError(2, 'The system cannot find the file specified.', None, 2)) — reconnecting in 2s
2026-07-17 09:24:22,603 [TELEM] ERROR: PXI health check failed — reinitialising connection
2026-07-17 09:24:22,933 [TELEM] WARNING: SERIAL: port error (could not open port 'COM3': FileNotFoundError(2, 'The system cannot find the file specified.', None, 2)) — reconnecting in 2s
2026-07-17 09:24:24,936 [TELEM] WARNING: SERIAL: port error (could not open port 'COM3': FileNotFoundError(2, 'The system cannot find the file specified.', None, 2)) — reconnecting in 2s
2026-07-17 09:24:26,949 [TELEM] WARNING: SERIAL: port error (could not open port 'COM3': FileNotFoundError(2, 'The system cannot find the file specified.', None, 2)) — reconnecting in 2s
2026-07-17 09:24:27,605 [TELEM] ERROR: PXI health check failed — reinitialising connection
2026-07-17 09:24:27,606 [TELEM] WARNING: PXI reinit attempt 5 (next retry in 60s if this fails)
2026-07-17 09:24:27,632 [TELEM] ERROR: PXI reinit failed: Client: Connection refused.
2026-07-17 09:24:28,951 [TELEM] WARNING: SERIAL: port error (could not open port 'COM3': FileNotFoundError(2, 'The system cannot find the file specified.', None, 2)) — reconnecting in 2s
2026-07-17 09:24:30,959 [TELEM] WARNING: SERIAL: port error (could not open port 'COM3': FileNotFoundError(2, 'The system cannot find the file specified.', None, 2)) — reconnecting in 2s
2026-07-17 09:24:32,636 [TELEM] ERROR: PXI health check failed — reinitialising connection
2026-07-17 09:24:32,969 [TELEM] WARNING: SERIAL: port error (could not open port 'COM3': FileNotFoundError(2, 'The system cannot find the file specified.', None, 2)) — reconnecting in 2s
2026-07-17 09:24:34,982 [TELEM] WARNING: SERIAL: port error (could not open port 'COM3': FileNotFoundError(2, 'The system cannot find the file specified.', None, 2)) — reconnecting in 2s
2026-07-17 09:24:36,995 [TELEM] WARNING: SERIAL: port error (could not open port 'COM3': FileNotFoundError(2, 'The system cannot find the file specified.', None, 2)) — reconnecting in 2s
2026-07-17 09:24:37,639 [TELEM] ERROR: PXI health check failed — reinitialising connection
2026-07-17 09:24:38,999 [TELEM] WARNING: SERIAL: port error (could not open port 'COM3': FileNotFoundError(2, 'The system cannot find the file specified.', None, 2)) — reconnecting in 2s
2026-07-17 09:24:41,001 [TELEM] WARNING: SERIAL: port error (could not open port 'COM3': FileNotFoundError(2, 'The system cannot find the file specified.', None, 2)) — reconnecting in 2s
2026-07-17 09:24:42,642 [TELEM] ERROR: PXI health check failed — reinitialising connection
2026-07-17 09:24:43,007 [TELEM] WARNING: SERIAL: port error (could not open port 'COM3': FileNotFoundError(2, 'The system cannot find the file specified.', None, 2)) — reconnecting in 2s
2026-07-17 09:24:45,021 [TELEM] WARNING: SERIAL: port error (could not open port 'COM3': FileNotFoundError(2, 'The system cannot find the file specified.', None, 2)) — reconnecting in 2s
2026-07-17 09:24:47,036 [TELEM] WARNING: SERIAL: port error (could not open port 'COM3': FileNotFoundError(2, 'The system cannot find the file specified.', None, 2)) — reconnecting in 2s
2026-07-17 09:24:47,643 [TELEM] ERROR: PXI health check failed — reinitialising connection
2026-07-17 09:24:49,051 [TELEM] WARNING: SERIAL: port error (could not open port 'COM3': FileNotFoundError(2, 'The system cannot find the file specified.', None, 2)) — reconnecting in 2s
2026-07-17 09:24:51,066 [TELEM] WARNING: SERIAL: port error (could not open port 'COM3': FileNotFoundError(2, 'The system cannot find the file specified.', None, 2)) — reconnecting in 2s
2026-07-17 09:24:52,646 [TELEM] ERROR: PXI health check failed — reinitialising connection
2026-07-17 09:24:53,079 [TELEM] WARNING: SERIAL: port error (could not open port 'COM3': FileNotFoundError(2, 'The system cannot find the file specified.', None, 2)) — reconnecting in 2s
2026-07-17 09:24:55,082 [TELEM] WARNING: SERIAL: port error (could not open port 'COM3': FileNotFoundError(2, 'The system cannot find the file specified.', None, 2)) — reconnecting in 2s
2026-07-17 09:24:57,092 [TELEM] WARNING: SERIAL: port error (could not open port 'COM3': FileNotFoundError(2, 'The system cannot find the file specified.', None, 2)) — reconnecting in 2s
2026-07-17 09:24:57,648 [TELEM] ERROR: PXI health check failed — reinitialising connection
2026-07-17 09:24:59,107 [TELEM] WARNING: SERIAL: port error (could not open port 'COM3': FileNotFoundError(2, 'The system cannot find the file specified.', None, 2)) — reconnecting in 2s
2026-07-17 09:25:01,115 [TELEM] WARNING: SERIAL: port error (could not open port 'COM3': FileNotFoundError(2, 'The system cannot find the file specified.', None, 2)) — reconnecting in 2s
2026-07-17 09:25:02,650 [TELEM] ERROR: PXI health check failed — reinitialising connection
2026-07-17 09:25:03,126 [TELEM] WARNING: SERIAL: port error (could not open port 'COM3': FileNotFoundError(2, 'The system cannot find the file specified.', None, 2)) — reconnecting in 2s
2026-07-17 09:25:05,127 [TELEM] WARNING: SERIAL: port error (could not open port 'COM3': FileNotFoundError(2, 'The system cannot find the file specified.', None, 2)) — reconnecting in 2s
2026-07-17 09:25:07,138 [TELEM] WARNING: SERIAL: port error (could not open port 'COM3': FileNotFoundError(2, 'The system cannot find the file specified.', None, 2)) — reconnecting in 2s
2026-07-17 09:25:07,653 [TELEM] ERROR: PXI health check failed — reinitialising connection
2026-07-17 09:25:09,150 [TELEM] WARNING: SERIAL: port error (could not open port 'COM3': FileNotFoundError(2, 'The system cannot find the file specified.', None, 2)) — reconnecting in 2s
2026-07-17 09:25:11,151 [TELEM] WARNING: SERIAL: port error (could not open port 'COM3': FileNotFoundError(2, 'The system cannot find the file specified.', None, 2)) — reconnecting in 2s
2026-07-17 09:25:12,655 [TELEM] ERROR: PXI health check failed — reinitialising connection
2026-07-17 09:25:13,162 [TELEM] WARNING: SERIAL: port error (could not open port 'COM3': FileNotFoundError(2, 'The system cannot find the file specified.', None, 2)) — reconnecting in 2s
2026-07-17 09:25:15,173 [TELEM] WARNING: SERIAL: port error (could not open port 'COM3': FileNotFoundError(2, 'The system cannot find the file specified.', None, 2)) — reconnecting in 2s
2026-07-17 09:25:17,184 [TELEM] WARNING: SERIAL: port error (could not open port 'COM3': FileNotFoundError(2, 'The system cannot find the file specified.', None, 2)) — reconnecting in 2s
2026-07-17 09:25:17,658 [TELEM] ERROR: PXI health check failed — reinitialising connection
2026-07-17 09:25:19,196 [TELEM] WARNING: SERIAL: port error (could not open port 'COM3': FileNotFoundError(2, 'The system cannot find the file specified.', None, 2)) — reconnecting in 2s
2026-07-17 09:25:21,200 [TELEM] WARNING: SERIAL: port error (could not open port 'COM3': FileNotFoundError(2, 'The system cannot find the file specified.', None, 2)) — reconnecting in 2s
2026-07-17 09:25:22,661 [TELEM] ERROR: PXI health check failed — reinitialising connection
2026-07-17 09:25:23,203 [TELEM] WARNING: SERIAL: port error (could not open port 'COM3': FileNotFoundError(2, 'The system cannot find the file specified.', None, 2)) — reconnecting in 2s
2026-07-17 09:25:25,209 [TELEM] WARNING: SERIAL: port error (could not open port 'COM3': FileNotFoundError(2, 'The system cannot find the file specified.', None, 2)) — reconnecting in 2s
2026-07-17 09:25:27,214 [TELEM] WARNING: SERIAL: port error (could not open port 'COM3': FileNotFoundError(2, 'The system cannot find the file specified.', None, 2)) — reconnecting in 2s
2026-07-17 09:25:27,663 [TELEM] ERROR: PXI health check failed — reinitialising connection
2026-07-17 09:25:27,664 [TELEM] WARNING: PXI reinit attempt 6 (next retry in 60s if this fails)
2026-07-17 09:25:27,683 [TELEM] ERROR: PXI reinit failed: Client: Connection refused.
2026-07-17 09:25:29,146 [MainThread] INFO: RelayController stopping.
2026-07-17 09:25:29,156 [RelayEventLoop] INFO: Event loop stopped.
2026-07-17 09:25:29,157 [MainThread] INFO: RelayController stopped.
