2026-07-16 17:08:25,589 [MainThread] INFO: RelayController starting on COM5 @ 19200 baud.
2026-07-16 17:08:25,590 [TELEM] ERROR: PXI init failed: Client: Connect failed.
2026-07-16 17:08:25,590 [MainThread] INFO: Connecting to COM5...
2026-07-16 17:08:25,617 [MainThread] INFO: Connected to relay board on COM5.
2026-07-16 17:08:25,618 [RelayEventLoop] INFO: Event loop started (poll=50 ms, relays 0-3).
2026-07-16 17:08:25,618 [TELEM] INFO: Relay controller started on COM5
2026-07-16 17:08:25,620 [TELEM] WARNING: SERIAL: port error (could not open port 'COM3': FileNotFoundError(2, 'The system cannot find the file specified.', None, 2)) — reconnecting in 2s
2026-07-16 17:08:25,660 [TELEM] ERROR: PXI health check failed — reinitialising connection
2026-07-16 17:08:25,660 [TELEM] WARNING: PXI reinit attempt 1/3
2026-07-16 17:08:25,660 [TELEM] ERROR: PXI reinit failed: Client: Connection refused.
2026-07-16 17:08:26,632 [RelayEventLoop] INFO: Relay 0 -> OFF
2026-07-16 17:08:27,628 [TELEM] WARNING: SERIAL: port error (could not open port 'COM3': FileNotFoundError(2, 'The system cannot find the file specified.', None, 2)) — reconnecting in 2s
2026-07-16 17:08:27,644 [RelayEventLoop] INFO: Relay 1 -> OFF
2026-07-16 17:08:28,647 [RelayEventLoop] INFO: Relay 2 -> OFF
2026-07-16 17:08:29,632 [TELEM] WARNING: SERIAL: port error (could not open port 'COM3': FileNotFoundError(2, 'The system cannot find the file specified.', None, 2)) — reconnecting in 2s
2026-07-16 17:08:29,648 [RelayEventLoop] INFO: Relay 3 -> OFF
2026-07-16 17:08:30,634 [TELEM] ERROR: PXI health check failed — reinitialising connection
2026-07-16 17:08:30,635 [TELEM] WARNING: PXI reinit attempt 2/3
2026-07-16 17:08:30,636 [TELEM] ERROR: PXI reinit failed: Client: Connection refused.
2026-07-16 17:08:31,645 [TELEM] WARNING: SERIAL: port error (could not open port 'COM3': FileNotFoundError(2, 'The system cannot find the file specified.', None, 2)) — reconnecting in 2s
2026-07-16 17:08:33,597 [TELEM] INFO: Relay 2 -> ON
2026-07-16 17:08:33,648 [TELEM] WARNING: SERIAL: port error (could not open port 'COM3': FileNotFoundError(2, 'The system cannot find the file specified.', None, 2)) — reconnecting in 2s
2026-07-16 17:08:34,648 [RelayEventLoop] INFO: Relay 2 -> ON
2026-07-16 17:08:35,640 [TELEM] ERROR: PXI health check failed — reinitialising connection
2026-07-16 17:08:35,640 [TELEM] WARNING: PXI reinit attempt 3/3
2026-07-16 17:08:35,656 [TELEM] ERROR: PXI reinit failed: Client: Connection refused.
2026-07-16 17:08:35,657 [TELEM] WARNING: SERIAL: port error (could not open port 'COM3': FileNotFoundError(2, 'The system cannot find the file specified.', None, 2)) — reconnecting in 2s
2026-07-16 17:08:37,659 [TELEM] WARNING: SERIAL: port error (could not open port 'COM3': FileNotFoundError(2, 'The system cannot find the file specified.', None, 2)) — reconnecting in 2s
2026-07-16 17:08:39,661 [TELEM] WARNING: SERIAL: port error (could not open port 'COM3': FileNotFoundError(2, 'The system cannot find the file specified.', None, 2)) — reconnecting in 2s
2026-07-16 17:08:40,659 [TELEM] ERROR: PXI health check failed — reinitialising connection
2026-07-16 17:08:40,660 [TELEM] CRITICAL: PXI reinit exceeded 3 attempts — entering safe mode
2026-07-16 17:08:40,660 [TELEM] CRITICAL: ENTERING SAFE MODE
2026-07-16 17:08:40,660 [TELEM] INFO: Safe mode: all relays opened
2026-07-16 17:08:40,660 [TELEM] INFO: Safe mode: PXI outputs zeroed
2026-07-16 17:08:41,662 [TELEM] WARNING: SERIAL: port error (could not open port 'COM3': FileNotFoundError(2, 'The system cannot find the file specified.', None, 2)) — reconnecting in 2s
2026-07-16 17:08:41,677 [RelayEventLoop] INFO: Relay 2 -> OFF
2026-07-16 17:08:43,674 [TELEM] WARNING: SERIAL: port error (could not open port 'COM3': FileNotFoundError(2, 'The system cannot find the file specified.', None, 2)) — reconnecting in 2s
2026-07-16 17:08:45,662 [TELEM] ERROR: PXI health check failed — reinitialising connection
2026-07-16 17:08:45,663 [TELEM] CRITICAL: PXI reinit exceeded 3 attempts — entering safe mode
2026-07-16 17:08:45,678 [TELEM] WARNING: SERIAL: port error (could not open port 'COM3': FileNotFoundError(2, 'The system cannot find the file specified.', None, 2)) — reconnecting in 2s
2026-07-16 17:08:47,691 [TELEM] WARNING: SERIAL: port error (could not open port 'COM3': FileNotFoundError(2, 'The system cannot find the file specified.', None, 2)) — reconnecting in 2s
2026-07-16 17:08:49,275 [TELEM] INFO: Relay 2 -> OFF
2026-07-16 17:08:49,705 [TELEM] WARNING: SERIAL: port error (could not open port 'COM3': FileNotFoundError(2, 'The system cannot find the file specified.', None, 2)) — reconnecting in 2s
2026-07-16 17:08:49,725 [TELEM] INFO: Relay 2 -> ON
2026-07-16 17:08:50,665 [TELEM] ERROR: PXI health check failed — reinitialising connection
2026-07-16 17:08:50,665 [TELEM] CRITICAL: PXI reinit exceeded 3 attempts — entering safe mode
2026-07-16 17:08:50,771 [RelayEventLoop] INFO: Relay 2 -> ON
2026-07-16 17:08:51,713 [TELEM] WARNING: SERIAL: port error (could not open port 'COM3': FileNotFoundError(2, 'The system cannot find the file specified.', None, 2)) — reconnecting in 2s
2026-07-16 17:08:53,721 [TELEM] WARNING: SERIAL: port error (could not open port 'COM3': FileNotFoundError(2, 'The system cannot find the file specified.', None, 2)) — reconnecting in 2s
2026-07-16 17:08:55,668 [TELEM] ERROR: PXI health check failed — reinitialising connection
2026-07-16 17:08:55,669 [TELEM] CRITICAL: PXI reinit exceeded 3 attempts — entering safe mode
2026-07-16 17:08:55,732 [TELEM] WARNING: SERIAL: port error (could not open port 'COM3': FileNotFoundError(2, 'The system cannot find the file specified.', None, 2)) — reconnecting in 2s
2026-07-16 17:08:55,848 [MainThread] INFO: RelayController stopping.
2026-07-16 17:08:55,879 [RelayEventLoop] INFO: Event loop stopped.
2026-07-16 17:08:55,881 [MainThread] INFO: Serial port closed.
2026-07-16 17:08:55,882 [MainThread] INFO: RelayController stopped.
