2026-07-16 17:09:03,142 [MainThread] INFO: RelayController starting on COM5 @ 19200 baud.
2026-07-16 17:09:03,142 [TELEM] ERROR: PXI init failed: Client: Connect failed.
2026-07-16 17:09:03,142 [MainThread] INFO: Connecting to COM5...
2026-07-16 17:09:03,169 [MainThread] INFO: Connected to relay board on COM5.
2026-07-16 17:09:03,170 [RelayEventLoop] INFO: Event loop started (poll=50 ms, relays 0-3).
2026-07-16 17:09:03,170 [TELEM] INFO: Relay controller started on COM5
2026-07-16 17:09:03,172 [TELEM] WARNING: SERIAL: port error (could not open port 'COM3': FileNotFoundError(2, 'The system cannot find the file specified.', None, 2)) — reconnecting in 2s
2026-07-16 17:09:03,212 [TELEM] ERROR: PXI health check failed — reinitialising connection
2026-07-16 17:09:03,212 [TELEM] WARNING: PXI reinit attempt 1/3
2026-07-16 17:09:04,179 [RelayEventLoop] INFO: Relay 0 -> OFF
2026-07-16 17:09:04,179 [TELEM] ERROR: PXI reinit failed: Client: Connect failed.
2026-07-16 17:09:05,179 [RelayEventLoop] INFO: Relay 1 -> OFF
2026-07-16 17:09:05,179 [TELEM] WARNING: SERIAL: port error (could not open port 'COM3': FileNotFoundError(2, 'The system cannot find the file specified.', None, 2)) — reconnecting in 2s
2026-07-16 17:09:06,195 [RelayEventLoop] INFO: Relay 2 -> OFF
2026-07-16 17:09:07,182 [TELEM] WARNING: SERIAL: port error (could not open port 'COM3': FileNotFoundError(2, 'The system cannot find the file specified.', None, 2)) — reconnecting in 2s
2026-07-16 17:09:07,197 [RelayEventLoop] INFO: Relay 3 -> OFF
2026-07-16 17:09:08,183 [TELEM] ERROR: PXI health check failed — reinitialising connection
2026-07-16 17:09:08,184 [TELEM] WARNING: PXI reinit attempt 2/3
2026-07-16 17:09:08,197 [TELEM] ERROR: PXI reinit failed: Client: Connection refused.
2026-07-16 17:09:09,197 [TELEM] WARNING: SERIAL: port error (could not open port 'COM3': FileNotFoundError(2, 'The system cannot find the file specified.', None, 2)) — reconnecting in 2s
2026-07-16 17:09:11,208 [TELEM] WARNING: SERIAL: port error (could not open port 'COM3': FileNotFoundError(2, 'The system cannot find the file specified.', None, 2)) — reconnecting in 2s
2026-07-16 17:09:13,200 [TELEM] ERROR: PXI health check failed — reinitialising connection
2026-07-16 17:09:13,201 [TELEM] WARNING: PXI reinit attempt 3/3
2026-07-16 17:09:13,217 [TELEM] ERROR: PXI reinit failed: Client: Connection refused.
2026-07-16 17:09:13,217 [TELEM] WARNING: SERIAL: port error (could not open port 'COM3': FileNotFoundError(2, 'The system cannot find the file specified.', None, 2)) — reconnecting in 2s
2026-07-16 17:09:15,231 [TELEM] WARNING: SERIAL: port error (could not open port 'COM3': FileNotFoundError(2, 'The system cannot find the file specified.', None, 2)) — reconnecting in 2s
2026-07-16 17:09:17,245 [TELEM] WARNING: SERIAL: port error (could not open port 'COM3': FileNotFoundError(2, 'The system cannot find the file specified.', None, 2)) — reconnecting in 2s
2026-07-16 17:09:18,220 [TELEM] ERROR: PXI health check failed — reinitialising connection
2026-07-16 17:09:18,221 [TELEM] CRITICAL: PXI reinit exceeded 3 attempts — entering safe mode
2026-07-16 17:09:18,221 [TELEM] CRITICAL: ENTERING SAFE MODE
2026-07-16 17:09:18,221 [TELEM] INFO: Safe mode: all relays opened
2026-07-16 17:09:18,222 [TELEM] INFO: Safe mode: PXI outputs zeroed
2026-07-16 17:09:19,248 [TELEM] WARNING: SERIAL: port error (could not open port 'COM3': FileNotFoundError(2, 'The system cannot find the file specified.', None, 2)) — reconnecting in 2s
2026-07-16 17:09:21,257 [TELEM] WARNING: SERIAL: port error (could not open port 'COM3': FileNotFoundError(2, 'The system cannot find the file specified.', None, 2)) — reconnecting in 2s
2026-07-16 17:09:23,224 [TELEM] ERROR: PXI health check failed — reinitialising connection
2026-07-16 17:09:23,224 [TELEM] CRITICAL: PXI reinit exceeded 3 attempts — entering safe mode
2026-07-16 17:09:23,266 [TELEM] WARNING: SERIAL: port error (could not open port 'COM3': FileNotFoundError(2, 'The system cannot find the file specified.', None, 2)) — reconnecting in 2s
2026-07-16 17:09:25,277 [TELEM] WARNING: SERIAL: port error (could not open port 'COM3': FileNotFoundError(2, 'The system cannot find the file specified.', None, 2)) — reconnecting in 2s
2026-07-16 17:09:27,282 [TELEM] WARNING: SERIAL: port error (could not open port 'COM3': FileNotFoundError(2, 'The system cannot find the file specified.', None, 2)) — reconnecting in 2s
2026-07-16 17:09:28,228 [TELEM] ERROR: PXI health check failed — reinitialising connection
2026-07-16 17:09:28,228 [TELEM] CRITICAL: PXI reinit exceeded 3 attempts — entering safe mode
2026-07-16 17:09:29,134 [TELEM] INFO: Relay 2 -> ON
2026-07-16 17:09:29,293 [TELEM] WARNING: SERIAL: port error (could not open port 'COM3': FileNotFoundError(2, 'The system cannot find the file specified.', None, 2)) — reconnecting in 2s
2026-07-16 17:09:30,147 [RelayEventLoop] INFO: Relay 2 -> ON
2026-07-16 17:09:31,299 [TELEM] WARNING: SERIAL: port error (could not open port 'COM3': FileNotFoundError(2, 'The system cannot find the file specified.', None, 2)) — reconnecting in 2s
2026-07-16 17:09:33,231 [TELEM] ERROR: PXI health check failed — reinitialising connection
2026-07-16 17:09:33,231 [TELEM] CRITICAL: PXI reinit exceeded 3 attempts — entering safe mode
2026-07-16 17:09:33,301 [TELEM] WARNING: SERIAL: port error (could not open port 'COM3': FileNotFoundError(2, 'The system cannot find the file specified.', None, 2)) — reconnecting in 2s
2026-07-16 17:09:35,311 [TELEM] WARNING: SERIAL: port error (could not open port 'COM3': FileNotFoundError(2, 'The system cannot find the file specified.', None, 2)) — reconnecting in 2s
2026-07-16 17:09:37,315 [TELEM] WARNING: SERIAL: port error (could not open port 'COM3': FileNotFoundError(2, 'The system cannot find the file specified.', None, 2)) — reconnecting in 2s
2026-07-16 17:09:38,234 [TELEM] ERROR: PXI health check failed — reinitialising connection
2026-07-16 17:09:38,235 [TELEM] CRITICAL: PXI reinit exceeded 3 attempts — entering safe mode
2026-07-16 17:09:39,330 [TELEM] WARNING: SERIAL: port error (could not open port 'COM3': FileNotFoundError(2, 'The system cannot find the file specified.', None, 2)) — reconnecting in 2s
2026-07-16 17:09:41,345 [TELEM] WARNING: SERIAL: port error (could not open port 'COM3': FileNotFoundError(2, 'The system cannot find the file specified.', None, 2)) — reconnecting in 2s
2026-07-16 17:09:43,236 [TELEM] ERROR: PXI health check failed — reinitialising connection
2026-07-16 17:09:43,236 [TELEM] CRITICAL: PXI reinit exceeded 3 attempts — entering safe mode
2026-07-16 17:09:43,345 [TELEM] WARNING: SERIAL: port error (could not open port 'COM3': FileNotFoundError(2, 'The system cannot find the file specified.', None, 2)) — reconnecting in 2s
2026-07-16 17:09:45,349 [TELEM] WARNING: SERIAL: port error (could not open port 'COM3': FileNotFoundError(2, 'The system cannot find the file specified.', None, 2)) — reconnecting in 2s
2026-07-16 17:09:47,359 [TELEM] WARNING: SERIAL: port error (could not open port 'COM3': FileNotFoundError(2, 'The system cannot find the file specified.', None, 2)) — reconnecting in 2s
2026-07-16 17:09:48,239 [TELEM] ERROR: PXI health check failed — reinitialising connection
2026-07-16 17:09:48,240 [TELEM] CRITICAL: PXI reinit exceeded 3 attempts — entering safe mode
2026-07-16 17:09:49,361 [TELEM] WARNING: SERIAL: port error (could not open port 'COM3': FileNotFoundError(2, 'The system cannot find the file specified.', None, 2)) — reconnecting in 2s
2026-07-16 17:09:51,367 [TELEM] WARNING: SERIAL: port error (could not open port 'COM3': FileNotFoundError(2, 'The system cannot find the file specified.', None, 2)) — reconnecting in 2s
2026-07-16 17:09:53,242 [TELEM] ERROR: PXI health check failed — reinitialising connection
2026-07-16 17:09:53,242 [TELEM] CRITICAL: PXI reinit exceeded 3 attempts — entering safe mode
2026-07-16 17:09:53,373 [TELEM] WARNING: SERIAL: port error (could not open port 'COM3': FileNotFoundError(2, 'The system cannot find the file specified.', None, 2)) — reconnecting in 2s
2026-07-16 17:09:55,377 [TELEM] WARNING: SERIAL: port error (could not open port 'COM3': FileNotFoundError(2, 'The system cannot find the file specified.', None, 2)) — reconnecting in 2s
2026-07-16 17:09:57,378 [TELEM] WARNING: SERIAL: port error (could not open port 'COM3': FileNotFoundError(2, 'The system cannot find the file specified.', None, 2)) — reconnecting in 2s
2026-07-16 17:09:58,245 [TELEM] ERROR: PXI health check failed — reinitialising connection
2026-07-16 17:09:58,246 [TELEM] CRITICAL: PXI reinit exceeded 3 attempts — entering safe mode
2026-07-16 17:09:59,378 [TELEM] WARNING: SERIAL: port error (could not open port 'COM3': FileNotFoundError(2, 'The system cannot find the file specified.', None, 2)) — reconnecting in 2s
2026-07-16 17:10:01,392 [TELEM] WARNING: SERIAL: port error (could not open port 'COM3': FileNotFoundError(2, 'The system cannot find the file specified.', None, 2)) — reconnecting in 2s
2026-07-16 17:10:03,248 [TELEM] ERROR: PXI health check failed — reinitialising connection
2026-07-16 17:10:03,248 [TELEM] CRITICAL: PXI reinit exceeded 3 attempts — entering safe mode
2026-07-16 17:10:03,400 [TELEM] WARNING: SERIAL: port error (could not open port 'COM3': FileNotFoundError(2, 'The system cannot find the file specified.', None, 2)) — reconnecting in 2s
2026-07-16 17:10:05,407 [TELEM] WARNING: SERIAL: port error (could not open port 'COM3': FileNotFoundError(2, 'The system cannot find the file specified.', None, 2)) — reconnecting in 2s
2026-07-16 17:10:07,415 [TELEM] WARNING: SERIAL: port error (could not open port 'COM3': FileNotFoundError(2, 'The system cannot find the file specified.', None, 2)) — reconnecting in 2s
2026-07-16 17:10:08,251 [TELEM] ERROR: PXI health check failed — reinitialising connection
2026-07-16 17:10:08,251 [TELEM] CRITICAL: PXI reinit exceeded 3 attempts — entering safe mode
2026-07-16 17:10:09,416 [TELEM] WARNING: SERIAL: port error (could not open port 'COM3': FileNotFoundError(2, 'The system cannot find the file specified.', None, 2)) — reconnecting in 2s
2026-07-16 17:10:11,425 [TELEM] WARNING: SERIAL: port error (could not open port 'COM3': FileNotFoundError(2, 'The system cannot find the file specified.', None, 2)) — reconnecting in 2s
2026-07-16 17:10:13,254 [TELEM] ERROR: PXI health check failed — reinitialising connection
2026-07-16 17:10:13,254 [TELEM] CRITICAL: PXI reinit exceeded 3 attempts — entering safe mode
2026-07-16 17:10:13,426 [TELEM] WARNING: SERIAL: port error (could not open port 'COM3': FileNotFoundError(2, 'The system cannot find the file specified.', None, 2)) — reconnecting in 2s
2026-07-16 17:10:15,430 [TELEM] WARNING: SERIAL: port error (could not open port 'COM3': FileNotFoundError(2, 'The system cannot find the file specified.', None, 2)) — reconnecting in 2s
2026-07-16 17:10:17,434 [TELEM] WARNING: SERIAL: port error (could not open port 'COM3': FileNotFoundError(2, 'The system cannot find the file specified.', None, 2)) — reconnecting in 2s
2026-07-16 17:10:18,257 [TELEM] ERROR: PXI health check failed — reinitialising connection
2026-07-16 17:10:18,257 [TELEM] CRITICAL: PXI reinit exceeded 3 attempts — entering safe mode
2026-07-16 17:10:19,444 [TELEM] WARNING: SERIAL: port error (could not open port 'COM3': FileNotFoundError(2, 'The system cannot find the file specified.', None, 2)) — reconnecting in 2s
2026-07-16 17:10:21,449 [TELEM] WARNING: SERIAL: port error (could not open port 'COM3': FileNotFoundError(2, 'The system cannot find the file specified.', None, 2)) — reconnecting in 2s
2026-07-16 17:10:23,228 [TELEM] INFO: LXI Manager: IP changed to '169.254.112.5', reinit queued
2026-07-16 17:10:23,228 [TELEM] CRITICAL: PXI reinit exceeded 3 attempts — entering safe mode
2026-07-16 17:10:23,259 [TELEM] ERROR: PXI health check failed — reinitialising connection
2026-07-16 17:10:23,259 [TELEM] CRITICAL: PXI reinit exceeded 3 attempts — entering safe mode
2026-07-16 17:10:23,449 [TELEM] WARNING: SERIAL: port error (could not open port 'COM3': FileNotFoundError(2, 'The system cannot find the file specified.', None, 2)) — reconnecting in 2s
2026-07-16 17:10:25,464 [TELEM] WARNING: SERIAL: port error (could not open port 'COM3': FileNotFoundError(2, 'The system cannot find the file specified.', None, 2)) — reconnecting in 2s
2026-07-16 17:10:27,472 [TELEM] WARNING: SERIAL: port error (could not open port 'COM3': FileNotFoundError(2, 'The system cannot find the file specified.', None, 2)) — reconnecting in 2s
2026-07-16 17:10:28,261 [TELEM] ERROR: PXI health check failed — reinitialising connection
2026-07-16 17:10:28,262 [TELEM] CRITICAL: PXI reinit exceeded 3 attempts — entering safe mode
2026-07-16 17:10:29,479 [TELEM] WARNING: SERIAL: port error (could not open port 'COM3': FileNotFoundError(2, 'The system cannot find the file specified.', None, 2)) — reconnecting in 2s
2026-07-16 17:10:31,484 [TELEM] WARNING: SERIAL: port error (could not open port 'COM3': FileNotFoundError(2, 'The system cannot find the file specified.', None, 2)) — reconnecting in 2s
2026-07-16 17:10:33,266 [TELEM] ERROR: PXI health check failed — reinitialising connection
2026-07-16 17:10:33,266 [TELEM] CRITICAL: PXI reinit exceeded 3 attempts — entering safe mode
2026-07-16 17:10:33,494 [TELEM] WARNING: SERIAL: port error (could not open port 'COM3': FileNotFoundError(2, 'The system cannot find the file specified.', None, 2)) — reconnecting in 2s
2026-07-16 17:10:35,510 [TELEM] WARNING: SERIAL: port error (could not open port 'COM3': FileNotFoundError(2, 'The system cannot find the file specified.', None, 2)) — reconnecting in 2s
2026-07-16 17:10:37,525 [TELEM] WARNING: SERIAL: port error (could not open port 'COM3': FileNotFoundError(2, 'The system cannot find the file specified.', None, 2)) — reconnecting in 2s
2026-07-16 17:10:38,269 [TELEM] ERROR: PXI health check failed — reinitialising connection
2026-07-16 17:10:38,270 [TELEM] CRITICAL: PXI reinit exceeded 3 attempts — entering safe mode
2026-07-16 17:10:39,528 [TELEM] WARNING: SERIAL: port error (could not open port 'COM3': FileNotFoundError(2, 'The system cannot find the file specified.', None, 2)) — reconnecting in 2s
2026-07-16 17:10:41,537 [TELEM] WARNING: SERIAL: port error (could not open port 'COM3': FileNotFoundError(2, 'The system cannot find the file specified.', None, 2)) — reconnecting in 2s
2026-07-16 17:10:43,272 [TELEM] ERROR: PXI health check failed — reinitialising connection
2026-07-16 17:10:43,272 [TELEM] CRITICAL: PXI reinit exceeded 3 attempts — entering safe mode
2026-07-16 17:10:43,545 [TELEM] WARNING: SERIAL: port error (could not open port 'COM3': FileNotFoundError(2, 'The system cannot find the file specified.', None, 2)) — reconnecting in 2s
2026-07-16 17:10:45,551 [TELEM] WARNING: SERIAL: port error (could not open port 'COM3': FileNotFoundError(2, 'The system cannot find the file specified.', None, 2)) — reconnecting in 2s
2026-07-16 17:10:47,551 [TELEM] WARNING: SERIAL: port error (could not open port 'COM3': FileNotFoundError(2, 'The system cannot find the file specified.', None, 2)) — reconnecting in 2s
2026-07-16 17:10:48,275 [TELEM] ERROR: PXI health check failed — reinitialising connection
2026-07-16 17:10:48,275 [TELEM] CRITICAL: PXI reinit exceeded 3 attempts — entering safe mode
2026-07-16 17:10:49,564 [TELEM] WARNING: SERIAL: port error (could not open port 'COM3': FileNotFoundError(2, 'The system cannot find the file specified.', None, 2)) — reconnecting in 2s
2026-07-16 17:10:51,572 [TELEM] WARNING: SERIAL: port error (could not open port 'COM3': FileNotFoundError(2, 'The system cannot find the file specified.', None, 2)) — reconnecting in 2s
2026-07-16 17:10:53,279 [TELEM] ERROR: PXI health check failed — reinitialising connection
2026-07-16 17:10:53,279 [TELEM] CRITICAL: PXI reinit exceeded 3 attempts — entering safe mode
2026-07-16 17:10:53,581 [TELEM] WARNING: SERIAL: port error (could not open port 'COM3': FileNotFoundError(2, 'The system cannot find the file specified.', None, 2)) — reconnecting in 2s
2026-07-16 17:10:55,588 [TELEM] WARNING: SERIAL: port error (could not open port 'COM3': FileNotFoundError(2, 'The system cannot find the file specified.', None, 2)) — reconnecting in 2s
2026-07-16 17:10:57,593 [TELEM] WARNING: SERIAL: port error (could not open port 'COM3': FileNotFoundError(2, 'The system cannot find the file specified.', None, 2)) — reconnecting in 2s
2026-07-16 17:10:58,282 [TELEM] ERROR: PXI health check failed — reinitialising connection
2026-07-16 17:10:58,282 [TELEM] CRITICAL: PXI reinit exceeded 3 attempts — entering safe mode
2026-07-16 17:10:59,599 [TELEM] WARNING: SERIAL: port error (could not open port 'COM3': FileNotFoundError(2, 'The system cannot find the file specified.', None, 2)) — reconnecting in 2s
2026-07-16 17:11:01,611 [TELEM] WARNING: SERIAL: port error (could not open port 'COM3': FileNotFoundError(2, 'The system cannot find the file specified.', None, 2)) — reconnecting in 2s
2026-07-16 17:11:03,285 [TELEM] ERROR: PXI health check failed — reinitialising connection
2026-07-16 17:11:03,286 [TELEM] CRITICAL: PXI reinit exceeded 3 attempts — entering safe mode
2026-07-16 17:11:03,612 [TELEM] WARNING: SERIAL: port error (could not open port 'COM3': FileNotFoundError(2, 'The system cannot find the file specified.', None, 2)) — reconnecting in 2s
2026-07-16 17:11:05,622 [TELEM] WARNING: SERIAL: port error (could not open port 'COM3': FileNotFoundError(2, 'The system cannot find the file specified.', None, 2)) — reconnecting in 2s
2026-07-16 17:11:07,626 [TELEM] WARNING: SERIAL: port error (could not open port 'COM3': FileNotFoundError(2, 'The system cannot find the file specified.', None, 2)) — reconnecting in 2s
2026-07-16 17:11:08,070 [TELEM] INFO: LXI Manager: IP changed to '169.254.112.5', reinit queued
2026-07-16 17:11:08,089 [TELEM] CRITICAL: PXI reinit exceeded 3 attempts — entering safe mode
2026-07-16 17:11:08,288 [TELEM] ERROR: PXI health check failed — reinitialising connection
2026-07-16 17:11:08,289 [TELEM] CRITICAL: PXI reinit exceeded 3 attempts — entering safe mode
2026-07-16 17:11:09,629 [TELEM] WARNING: SERIAL: port error (could not open port 'COM3': FileNotFoundError(2, 'The system cannot find the file specified.', None, 2)) — reconnecting in 2s
2026-07-16 17:11:11,643 [TELEM] WARNING: SERIAL: port error (could not open port 'COM3': FileNotFoundError(2, 'The system cannot find the file specified.', None, 2)) — reconnecting in 2s
2026-07-16 17:11:13,293 [TELEM] ERROR: PXI health check failed — reinitialising connection
2026-07-16 17:11:13,293 [TELEM] CRITICAL: PXI reinit exceeded 3 attempts — entering safe mode
2026-07-16 17:11:13,656 [TELEM] WARNING: SERIAL: port error (could not open port 'COM3': FileNotFoundError(2, 'The system cannot find the file specified.', None, 2)) — reconnecting in 2s
2026-07-16 17:11:15,661 [TELEM] WARNING: SERIAL: port error (could not open port 'COM3': FileNotFoundError(2, 'The system cannot find the file specified.', None, 2)) — reconnecting in 2s
2026-07-16 17:11:17,675 [TELEM] WARNING: SERIAL: port error (could not open port 'COM3': FileNotFoundError(2, 'The system cannot find the file specified.', None, 2)) — reconnecting in 2s
2026-07-16 17:11:18,297 [TELEM] ERROR: PXI health check failed — reinitialising connection
2026-07-16 17:11:18,297 [TELEM] CRITICAL: PXI reinit exceeded 3 attempts — entering safe mode
2026-07-16 17:11:19,684 [TELEM] WARNING: SERIAL: port error (could not open port 'COM3': FileNotFoundError(2, 'The system cannot find the file specified.', None, 2)) — reconnecting in 2s
2026-07-16 17:11:21,697 [TELEM] WARNING: SERIAL: port error (could not open port 'COM3': FileNotFoundError(2, 'The system cannot find the file specified.', None, 2)) — reconnecting in 2s
2026-07-16 17:11:23,301 [TELEM] ERROR: PXI health check failed — reinitialising connection
2026-07-16 17:11:23,301 [TELEM] CRITICAL: PXI reinit exceeded 3 attempts — entering safe mode
2026-07-16 17:11:23,698 [TELEM] WARNING: SERIAL: port error (could not open port 'COM3': FileNotFoundError(2, 'The system cannot find the file specified.', None, 2)) — reconnecting in 2s
2026-07-16 17:11:25,713 [TELEM] WARNING: SERIAL: port error (could not open port 'COM3': FileNotFoundError(2, 'The system cannot find the file specified.', None, 2)) — reconnecting in 2s
2026-07-16 17:11:27,728 [TELEM] WARNING: SERIAL: port error (could not open port 'COM3': FileNotFoundError(2, 'The system cannot find the file specified.', None, 2)) — reconnecting in 2s
2026-07-16 17:11:28,303 [TELEM] ERROR: PXI health check failed — reinitialising connection
2026-07-16 17:11:28,303 [TELEM] CRITICAL: PXI reinit exceeded 3 attempts — entering safe mode
2026-07-16 17:11:29,742 [TELEM] WARNING: SERIAL: port error (could not open port 'COM3': FileNotFoundError(2, 'The system cannot find the file specified.', None, 2)) — reconnecting in 2s
2026-07-16 17:11:31,747 [TELEM] WARNING: SERIAL: port error (could not open port 'COM3': FileNotFoundError(2, 'The system cannot find the file specified.', None, 2)) — reconnecting in 2s
2026-07-16 17:11:33,305 [TELEM] ERROR: PXI health check failed — reinitialising connection
2026-07-16 17:11:33,305 [TELEM] CRITICAL: PXI reinit exceeded 3 attempts — entering safe mode
2026-07-16 17:11:33,763 [TELEM] WARNING: SERIAL: port error (could not open port 'COM3': FileNotFoundError(2, 'The system cannot find the file specified.', None, 2)) — reconnecting in 2s
2026-07-16 17:11:35,763 [TELEM] WARNING: SERIAL: port error (could not open port 'COM3': FileNotFoundError(2, 'The system cannot find the file specified.', None, 2)) — reconnecting in 2s
2026-07-16 17:11:37,779 [TELEM] WARNING: SERIAL: port error (could not open port 'COM3': FileNotFoundError(2, 'The system cannot find the file specified.', None, 2)) — reconnecting in 2s
2026-07-16 17:11:38,307 [TELEM] ERROR: PXI health check failed — reinitialising connection
2026-07-16 17:11:38,307 [TELEM] CRITICAL: PXI reinit exceeded 3 attempts — entering safe mode
2026-07-16 17:11:39,793 [TELEM] WARNING: SERIAL: port error (could not open port 'COM3': FileNotFoundError(2, 'The system cannot find the file specified.', None, 2)) — reconnecting in 2s
2026-07-16 17:11:41,800 [TELEM] WARNING: SERIAL: port error (could not open port 'COM3': FileNotFoundError(2, 'The system cannot find the file specified.', None, 2)) — reconnecting in 2s
2026-07-16 17:11:43,310 [TELEM] ERROR: PXI health check failed — reinitialising connection
2026-07-16 17:11:43,310 [TELEM] CRITICAL: PXI reinit exceeded 3 attempts — entering safe mode
2026-07-16 17:11:43,812 [TELEM] WARNING: SERIAL: port error (could not open port 'COM3': FileNotFoundError(2, 'The system cannot find the file specified.', None, 2)) — reconnecting in 2s
2026-07-16 17:11:45,824 [TELEM] WARNING: SERIAL: port error (could not open port 'COM3': FileNotFoundError(2, 'The system cannot find the file specified.', None, 2)) — reconnecting in 2s
2026-07-16 17:11:47,839 [TELEM] WARNING: SERIAL: port error (could not open port 'COM3': FileNotFoundError(2, 'The system cannot find the file specified.', None, 2)) — reconnecting in 2s
2026-07-16 17:11:48,312 [TELEM] ERROR: PXI health check failed — reinitialising connection
2026-07-16 17:11:48,313 [TELEM] CRITICAL: PXI reinit exceeded 3 attempts — entering safe mode
2026-07-16 17:11:49,846 [TELEM] WARNING: SERIAL: port error (could not open port 'COM3': FileNotFoundError(2, 'The system cannot find the file specified.', None, 2)) — reconnecting in 2s
2026-07-16 17:11:51,862 [TELEM] WARNING: SERIAL: port error (could not open port 'COM3': FileNotFoundError(2, 'The system cannot find the file specified.', None, 2)) — reconnecting in 2s
2026-07-16 17:11:53,317 [TELEM] ERROR: PXI health check failed — reinitialising connection
2026-07-16 17:11:53,318 [TELEM] CRITICAL: PXI reinit exceeded 3 attempts — entering safe mode
2026-07-16 17:11:53,863 [TELEM] WARNING: SERIAL: port error (could not open port 'COM3': FileNotFoundError(2, 'The system cannot find the file specified.', None, 2)) — reconnecting in 2s
2026-07-16 17:11:55,869 [TELEM] WARNING: SERIAL: port error (could not open port 'COM3': FileNotFoundError(2, 'The system cannot find the file specified.', None, 2)) — reconnecting in 2s
2026-07-16 17:11:57,870 [TELEM] WARNING: SERIAL: port error (could not open port 'COM3': FileNotFoundError(2, 'The system cannot find the file specified.', None, 2)) — reconnecting in 2s
2026-07-16 17:11:58,320 [TELEM] ERROR: PXI health check failed — reinitialising connection
2026-07-16 17:11:58,320 [TELEM] CRITICAL: PXI reinit exceeded 3 attempts — entering safe mode
2026-07-16 17:11:59,883 [TELEM] WARNING: SERIAL: port error (could not open port 'COM3': FileNotFoundError(2, 'The system cannot find the file specified.', None, 2)) — reconnecting in 2s
2026-07-16 17:12:01,887 [TELEM] WARNING: SERIAL: port error (could not open port 'COM3': FileNotFoundError(2, 'The system cannot find the file specified.', None, 2)) — reconnecting in 2s
2026-07-16 17:12:03,323 [TELEM] ERROR: PXI health check failed — reinitialising connection
2026-07-16 17:12:03,324 [TELEM] CRITICAL: PXI reinit exceeded 3 attempts — entering safe mode
2026-07-16 17:12:03,899 [TELEM] WARNING: SERIAL: port error (could not open port 'COM3': FileNotFoundError(2, 'The system cannot find the file specified.', None, 2)) — reconnecting in 2s
2026-07-16 17:12:05,908 [TELEM] WARNING: SERIAL: port error (could not open port 'COM3': FileNotFoundError(2, 'The system cannot find the file specified.', None, 2)) — reconnecting in 2s
2026-07-16 17:12:07,916 [TELEM] WARNING: SERIAL: port error (could not open port 'COM3': FileNotFoundError(2, 'The system cannot find the file specified.', None, 2)) — reconnecting in 2s
2026-07-16 17:12:08,328 [TELEM] ERROR: PXI health check failed — reinitialising connection
2026-07-16 17:12:08,328 [TELEM] CRITICAL: PXI reinit exceeded 3 attempts — entering safe mode
2026-07-16 17:12:09,924 [TELEM] WARNING: SERIAL: port error (could not open port 'COM3': FileNotFoundError(2, 'The system cannot find the file specified.', None, 2)) — reconnecting in 2s
2026-07-16 17:12:11,932 [TELEM] WARNING: SERIAL: port error (could not open port 'COM3': FileNotFoundError(2, 'The system cannot find the file specified.', None, 2)) — reconnecting in 2s
2026-07-16 17:12:13,331 [TELEM] ERROR: PXI health check failed — reinitialising connection
2026-07-16 17:12:13,331 [TELEM] CRITICAL: PXI reinit exceeded 3 attempts — entering safe mode
2026-07-16 17:12:13,936 [TELEM] WARNING: SERIAL: port error (could not open port 'COM3': FileNotFoundError(2, 'The system cannot find the file specified.', None, 2)) — reconnecting in 2s
2026-07-16 17:12:15,939 [TELEM] WARNING: SERIAL: port error (could not open port 'COM3': FileNotFoundError(2, 'The system cannot find the file specified.', None, 2)) — reconnecting in 2s
2026-07-16 17:12:17,944 [TELEM] WARNING: SERIAL: port error (could not open port 'COM3': FileNotFoundError(2, 'The system cannot find the file specified.', None, 2)) — reconnecting in 2s
2026-07-16 17:12:18,332 [TELEM] ERROR: PXI health check failed — reinitialising connection
2026-07-16 17:12:18,333 [TELEM] CRITICAL: PXI reinit exceeded 3 attempts — entering safe mode
2026-07-16 17:12:19,951 [TELEM] WARNING: SERIAL: port error (could not open port 'COM3': FileNotFoundError(2, 'The system cannot find the file specified.', None, 2)) — reconnecting in 2s
2026-07-16 17:12:21,961 [TELEM] WARNING: SERIAL: port error (could not open port 'COM3': FileNotFoundError(2, 'The system cannot find the file specified.', None, 2)) — reconnecting in 2s
2026-07-16 17:12:23,335 [TELEM] ERROR: PXI health check failed — reinitialising connection
2026-07-16 17:12:23,335 [TELEM] CRITICAL: PXI reinit exceeded 3 attempts — entering safe mode
2026-07-16 17:12:23,966 [TELEM] WARNING: SERIAL: port error (could not open port 'COM3': FileNotFoundError(2, 'The system cannot find the file specified.', None, 2)) — reconnecting in 2s
2026-07-16 17:12:25,967 [TELEM] WARNING: SERIAL: port error (could not open port 'COM3': FileNotFoundError(2, 'The system cannot find the file specified.', None, 2)) — reconnecting in 2s
2026-07-16 17:12:27,973 [TELEM] WARNING: SERIAL: port error (could not open port 'COM3': FileNotFoundError(2, 'The system cannot find the file specified.', None, 2)) — reconnecting in 2s
2026-07-16 17:12:28,337 [TELEM] ERROR: PXI health check failed — reinitialising connection
2026-07-16 17:12:28,337 [TELEM] CRITICAL: PXI reinit exceeded 3 attempts — entering safe mode
2026-07-16 17:12:29,987 [TELEM] WARNING: SERIAL: port error (could not open port 'COM3': FileNotFoundError(2, 'The system cannot find the file specified.', None, 2)) — reconnecting in 2s
2026-07-16 17:12:31,995 [TELEM] WARNING: SERIAL: port error (could not open port 'COM3': FileNotFoundError(2, 'The system cannot find the file specified.', None, 2)) — reconnecting in 2s
2026-07-16 17:12:33,339 [TELEM] ERROR: PXI health check failed — reinitialising connection
2026-07-16 17:12:33,339 [TELEM] CRITICAL: PXI reinit exceeded 3 attempts — entering safe mode
2026-07-16 17:12:33,997 [TELEM] WARNING: SERIAL: port error (could not open port 'COM3': FileNotFoundError(2, 'The system cannot find the file specified.', None, 2)) — reconnecting in 2s
2026-07-16 17:12:36,003 [TELEM] WARNING: SERIAL: port error (could not open port 'COM3': FileNotFoundError(2, 'The system cannot find the file specified.', None, 2)) — reconnecting in 2s
2026-07-16 17:12:38,007 [TELEM] WARNING: SERIAL: port error (could not open port 'COM3': FileNotFoundError(2, 'The system cannot find the file specified.', None, 2)) — reconnecting in 2s
2026-07-16 17:12:38,342 [TELEM] ERROR: PXI health check failed — reinitialising connection
2026-07-16 17:12:38,342 [TELEM] CRITICAL: PXI reinit exceeded 3 attempts — entering safe mode
2026-07-16 17:12:40,016 [TELEM] WARNING: SERIAL: port error (could not open port 'COM3': FileNotFoundError(2, 'The system cannot find the file specified.', None, 2)) — reconnecting in 2s
2026-07-16 17:12:42,021 [TELEM] WARNING: SERIAL: port error (could not open port 'COM3': FileNotFoundError(2, 'The system cannot find the file specified.', None, 2)) — reconnecting in 2s
2026-07-16 17:12:43,345 [TELEM] ERROR: PXI health check failed — reinitialising connection
2026-07-16 17:12:43,346 [TELEM] CRITICAL: PXI reinit exceeded 3 attempts — entering safe mode
2026-07-16 17:12:44,023 [TELEM] WARNING: SERIAL: port error (could not open port 'COM3': FileNotFoundError(2, 'The system cannot find the file specified.', None, 2)) — reconnecting in 2s
2026-07-16 17:12:46,030 [TELEM] WARNING: SERIAL: port error (could not open port 'COM3': FileNotFoundError(2, 'The system cannot find the file specified.', None, 2)) — reconnecting in 2s
2026-07-16 17:12:48,041 [TELEM] WARNING: SERIAL: port error (could not open port 'COM3': FileNotFoundError(2, 'The system cannot find the file specified.', None, 2)) — reconnecting in 2s
2026-07-16 17:12:48,349 [TELEM] ERROR: PXI health check failed — reinitialising connection
2026-07-16 17:12:48,349 [TELEM] CRITICAL: PXI reinit exceeded 3 attempts — entering safe mode
2026-07-16 17:12:50,051 [TELEM] WARNING: SERIAL: port error (could not open port 'COM3': FileNotFoundError(2, 'The system cannot find the file specified.', None, 2)) — reconnecting in 2s
2026-07-16 17:12:52,058 [TELEM] WARNING: SERIAL: port error (could not open port 'COM3': FileNotFoundError(2, 'The system cannot find the file specified.', None, 2)) — reconnecting in 2s
2026-07-16 17:12:53,353 [TELEM] ERROR: PXI health check failed — reinitialising connection
2026-07-16 17:12:53,353 [TELEM] CRITICAL: PXI reinit exceeded 3 attempts — entering safe mode
2026-07-16 17:12:54,064 [TELEM] WARNING: SERIAL: port error (could not open port 'COM3': FileNotFoundError(2, 'The system cannot find the file specified.', None, 2)) — reconnecting in 2s
2026-07-16 17:12:56,065 [TELEM] WARNING: SERIAL: port error (could not open port 'COM3': FileNotFoundError(2, 'The system cannot find the file specified.', None, 2)) — reconnecting in 2s
2026-07-16 17:12:58,078 [TELEM] WARNING: SERIAL: port error (could not open port 'COM3': FileNotFoundError(2, 'The system cannot find the file specified.', None, 2)) — reconnecting in 2s
2026-07-16 17:12:58,356 [TELEM] ERROR: PXI health check failed — reinitialising connection
2026-07-16 17:12:58,357 [TELEM] CRITICAL: PXI reinit exceeded 3 attempts — entering safe mode
2026-07-16 17:13:00,079 [TELEM] WARNING: SERIAL: port error (could not open port 'COM3': FileNotFoundError(2, 'The system cannot find the file specified.', None, 2)) — reconnecting in 2s
2026-07-16 17:13:02,092 [TELEM] WARNING: SERIAL: port error (could not open port 'COM3': FileNotFoundError(2, 'The system cannot find the file specified.', None, 2)) — reconnecting in 2s
2026-07-16 17:13:03,360 [TELEM] ERROR: PXI health check failed — reinitialising connection
2026-07-16 17:13:03,360 [TELEM] CRITICAL: PXI reinit exceeded 3 attempts — entering safe mode
2026-07-16 17:13:04,099 [TELEM] WARNING: SERIAL: port error (could not open port 'COM3': FileNotFoundError(2, 'The system cannot find the file specified.', None, 2)) — reconnecting in 2s
2026-07-16 17:13:06,105 [TELEM] WARNING: SERIAL: port error (could not open port 'COM3': FileNotFoundError(2, 'The system cannot find the file specified.', None, 2)) — reconnecting in 2s
2026-07-16 17:13:08,109 [TELEM] WARNING: SERIAL: port error (could not open port 'COM3': FileNotFoundError(2, 'The system cannot find the file specified.', None, 2)) — reconnecting in 2s
2026-07-16 17:13:08,363 [TELEM] ERROR: PXI health check failed — reinitialising connection
2026-07-16 17:13:08,364 [TELEM] CRITICAL: PXI reinit exceeded 3 attempts — entering safe mode
2026-07-16 17:13:10,111 [TELEM] WARNING: SERIAL: port error (could not open port 'COM3': FileNotFoundError(2, 'The system cannot find the file specified.', None, 2)) — reconnecting in 2s
2026-07-16 17:13:12,117 [TELEM] WARNING: SERIAL: port error (could not open port 'COM3': FileNotFoundError(2, 'The system cannot find the file specified.', None, 2)) — reconnecting in 2s
2026-07-16 17:13:13,367 [TELEM] ERROR: PXI health check failed — reinitialising connection
2026-07-16 17:13:13,368 [TELEM] CRITICAL: PXI reinit exceeded 3 attempts — entering safe mode
2026-07-16 17:13:14,120 [TELEM] WARNING: SERIAL: port error (could not open port 'COM3': FileNotFoundError(2, 'The system cannot find the file specified.', None, 2)) — reconnecting in 2s
2026-07-16 17:13:16,127 [TELEM] WARNING: SERIAL: port error (could not open port 'COM3': FileNotFoundError(2, 'The system cannot find the file specified.', None, 2)) — reconnecting in 2s
2026-07-16 17:13:18,141 [TELEM] WARNING: SERIAL: port error (could not open port 'COM3': FileNotFoundError(2, 'The system cannot find the file specified.', None, 2)) — reconnecting in 2s
2026-07-16 17:13:18,370 [TELEM] ERROR: PXI health check failed — reinitialising connection
2026-07-16 17:13:18,370 [TELEM] CRITICAL: PXI reinit exceeded 3 attempts — entering safe mode
2026-07-16 17:13:20,144 [TELEM] WARNING: SERIAL: port error (could not open port 'COM3': FileNotFoundError(2, 'The system cannot find the file specified.', None, 2)) — reconnecting in 2s
2026-07-16 17:13:22,150 [TELEM] WARNING: SERIAL: port error (could not open port 'COM3': FileNotFoundError(2, 'The system cannot find the file specified.', None, 2)) — reconnecting in 2s
2026-07-16 17:13:23,372 [TELEM] ERROR: PXI health check failed — reinitialising connection
2026-07-16 17:13:23,372 [TELEM] CRITICAL: PXI reinit exceeded 3 attempts — entering safe mode
2026-07-16 17:13:24,165 [TELEM] WARNING: SERIAL: port error (could not open port 'COM3': FileNotFoundError(2, 'The system cannot find the file specified.', None, 2)) — reconnecting in 2s
2026-07-16 17:13:26,173 [TELEM] WARNING: SERIAL: port error (could not open port 'COM3': FileNotFoundError(2, 'The system cannot find the file specified.', None, 2)) — reconnecting in 2s
2026-07-16 17:13:28,173 [TELEM] WARNING: SERIAL: port error (could not open port 'COM3': FileNotFoundError(2, 'The system cannot find the file specified.', None, 2)) — reconnecting in 2s
2026-07-16 17:13:28,375 [TELEM] ERROR: PXI health check failed — reinitialising connection
2026-07-16 17:13:28,375 [TELEM] CRITICAL: PXI reinit exceeded 3 attempts — entering safe mode
2026-07-16 17:13:30,180 [TELEM] WARNING: SERIAL: port error (could not open port 'COM3': FileNotFoundError(2, 'The system cannot find the file specified.', None, 2)) — reconnecting in 2s
2026-07-16 17:13:32,194 [TELEM] WARNING: SERIAL: port error (could not open port 'COM3': FileNotFoundError(2, 'The system cannot find the file specified.', None, 2)) — reconnecting in 2s
2026-07-16 17:13:33,377 [TELEM] ERROR: PXI health check failed — reinitialising connection
2026-07-16 17:13:33,378 [TELEM] CRITICAL: PXI reinit exceeded 3 attempts — entering safe mode
2026-07-16 17:13:34,200 [TELEM] WARNING: SERIAL: port error (could not open port 'COM3': FileNotFoundError(2, 'The system cannot find the file specified.', None, 2)) — reconnecting in 2s
2026-07-16 17:13:36,213 [TELEM] WARNING: SERIAL: port error (could not open port 'COM3': FileNotFoundError(2, 'The system cannot find the file specified.', None, 2)) — reconnecting in 2s
2026-07-16 17:13:38,219 [TELEM] WARNING: SERIAL: port error (could not open port 'COM3': FileNotFoundError(2, 'The system cannot find the file specified.', None, 2)) — reconnecting in 2s
2026-07-16 17:13:38,381 [TELEM] ERROR: PXI health check failed — reinitialising connection
2026-07-16 17:13:38,381 [TELEM] CRITICAL: PXI reinit exceeded 3 attempts — entering safe mode
2026-07-16 17:13:40,231 [TELEM] WARNING: SERIAL: port error (could not open port 'COM3': FileNotFoundError(2, 'The system cannot find the file specified.', None, 2)) — reconnecting in 2s
2026-07-16 17:13:42,246 [TELEM] WARNING: SERIAL: port error (could not open port 'COM3': FileNotFoundError(2, 'The system cannot find the file specified.', None, 2)) — reconnecting in 2s
2026-07-16 17:13:43,384 [TELEM] ERROR: PXI health check failed — reinitialising connection
2026-07-16 17:13:43,384 [TELEM] CRITICAL: PXI reinit exceeded 3 attempts — entering safe mode
2026-07-16 17:13:44,248 [TELEM] WARNING: SERIAL: port error (could not open port 'COM3': FileNotFoundError(2, 'The system cannot find the file specified.', None, 2)) — reconnecting in 2s
2026-07-16 17:13:45,298 [TELEM] INFO: Relay 3 -> ON
2026-07-16 17:13:46,250 [TELEM] WARNING: SERIAL: port error (could not open port 'COM3': FileNotFoundError(2, 'The system cannot find the file specified.', None, 2)) — reconnecting in 2s
2026-07-16 17:13:46,333 [RelayEventLoop] INFO: Relay 3 -> ON
2026-07-16 17:13:48,256 [TELEM] WARNING: SERIAL: port error (could not open port 'COM3': FileNotFoundError(2, 'The system cannot find the file specified.', None, 2)) — reconnecting in 2s
2026-07-16 17:13:48,386 [TELEM] ERROR: PXI health check failed — reinitialising connection
2026-07-16 17:13:48,387 [TELEM] CRITICAL: PXI reinit exceeded 3 attempts — entering safe mode
2026-07-16 17:13:50,265 [TELEM] WARNING: SERIAL: port error (could not open port 'COM3': FileNotFoundError(2, 'The system cannot find the file specified.', None, 2)) — reconnecting in 2s
2026-07-16 17:13:52,280 [TELEM] WARNING: SERIAL: port error (could not open port 'COM3': FileNotFoundError(2, 'The system cannot find the file specified.', None, 2)) — reconnecting in 2s
2026-07-16 17:13:53,390 [TELEM] ERROR: PXI health check failed — reinitialising connection
2026-07-16 17:13:53,391 [TELEM] CRITICAL: PXI reinit exceeded 3 attempts — entering safe mode
2026-07-16 17:13:54,284 [TELEM] WARNING: SERIAL: port error (could not open port 'COM3': FileNotFoundError(2, 'The system cannot find the file specified.', None, 2)) — reconnecting in 2s
2026-07-16 17:13:56,291 [TELEM] WARNING: SERIAL: port error (could not open port 'COM3': FileNotFoundError(2, 'The system cannot find the file specified.', None, 2)) — reconnecting in 2s
2026-07-16 17:13:56,607 [TELEM] INFO: Relay 2 -> OFF
2026-07-16 17:13:57,631 [RelayEventLoop] INFO: Relay 2 -> OFF
2026-07-16 17:13:57,632 [TELEM] INFO: Relay 2 -> ON
2026-07-16 17:13:58,296 [TELEM] WARNING: SERIAL: port error (could not open port 'COM3': FileNotFoundError(2, 'The system cannot find the file specified.', None, 2)) — reconnecting in 2s
2026-07-16 17:13:58,393 [TELEM] ERROR: PXI health check failed — reinitialising connection
2026-07-16 17:13:58,394 [TELEM] CRITICAL: PXI reinit exceeded 3 attempts — entering safe mode
2026-07-16 17:13:58,683 [RelayEventLoop] INFO: Relay 2 -> ON
2026-07-16 17:14:00,300 [TELEM] WARNING: SERIAL: port error (could not open port 'COM3': FileNotFoundError(2, 'The system cannot find the file specified.', None, 2)) — reconnecting in 2s
2026-07-16 17:14:00,448 [TELEM] INFO: Relay 2 -> OFF
2026-07-16 17:14:01,462 [RelayEventLoop] INFO: Relay 2 -> OFF
2026-07-16 17:14:02,314 [TELEM] WARNING: SERIAL: port error (could not open port 'COM3': FileNotFoundError(2, 'The system cannot find the file specified.', None, 2)) — reconnecting in 2s
2026-07-16 17:14:03,396 [TELEM] ERROR: PXI health check failed — reinitialising connection
2026-07-16 17:14:03,397 [TELEM] CRITICAL: PXI reinit exceeded 3 attempts — entering safe mode
2026-07-16 17:14:04,317 [TELEM] WARNING: SERIAL: port error (could not open port 'COM3': FileNotFoundError(2, 'The system cannot find the file specified.', None, 2)) — reconnecting in 2s
2026-07-16 17:14:06,328 [TELEM] WARNING: SERIAL: port error (could not open port 'COM3': FileNotFoundError(2, 'The system cannot find the file specified.', None, 2)) — reconnecting in 2s
2026-07-16 17:14:08,343 [TELEM] WARNING: SERIAL: port error (could not open port 'COM3': FileNotFoundError(2, 'The system cannot find the file specified.', None, 2)) — reconnecting in 2s
2026-07-16 17:14:08,400 [TELEM] ERROR: PXI health check failed — reinitialising connection
2026-07-16 17:14:08,401 [TELEM] CRITICAL: PXI reinit exceeded 3 attempts — entering safe mode
2026-07-16 17:14:10,343 [TELEM] WARNING: SERIAL: port error (could not open port 'COM3': FileNotFoundError(2, 'The system cannot find the file specified.', None, 2)) — reconnecting in 2s
2026-07-16 17:14:12,348 [TELEM] WARNING: SERIAL: port error (could not open port 'COM3': FileNotFoundError(2, 'The system cannot find the file specified.', None, 2)) — reconnecting in 2s
2026-07-16 17:14:13,106 [TELEM] INFO: Relay 2 -> ON
2026-07-16 17:14:13,404 [TELEM] ERROR: PXI health check failed — reinitialising connection
2026-07-16 17:14:13,404 [TELEM] CRITICAL: PXI reinit exceeded 3 attempts — entering safe mode
2026-07-16 17:14:14,166 [RelayEventLoop] INFO: Relay 2 -> ON
2026-07-16 17:14:14,349 [TELEM] WARNING: SERIAL: port error (could not open port 'COM3': FileNotFoundError(2, 'The system cannot find the file specified.', None, 2)) — reconnecting in 2s
2026-07-16 17:14:16,359 [TELEM] WARNING: SERIAL: port error (could not open port 'COM3': FileNotFoundError(2, 'The system cannot find the file specified.', None, 2)) — reconnecting in 2s
2026-07-16 17:14:18,369 [TELEM] WARNING: SERIAL: port error (could not open port 'COM3': FileNotFoundError(2, 'The system cannot find the file specified.', None, 2)) — reconnecting in 2s
2026-07-16 17:14:18,406 [TELEM] ERROR: PXI health check failed — reinitialising connection
2026-07-16 17:14:18,406 [TELEM] CRITICAL: PXI reinit exceeded 3 attempts — entering safe mode
2026-07-16 17:14:20,375 [TELEM] WARNING: SERIAL: port error (could not open port 'COM3': FileNotFoundError(2, 'The system cannot find the file specified.', None, 2)) — reconnecting in 2s
2026-07-16 17:14:22,379 [TELEM] WARNING: SERIAL: port error (could not open port 'COM3': FileNotFoundError(2, 'The system cannot find the file specified.', None, 2)) — reconnecting in 2s
2026-07-16 17:14:23,409 [TELEM] ERROR: PXI health check failed — reinitialising connection
2026-07-16 17:14:23,409 [TELEM] CRITICAL: PXI reinit exceeded 3 attempts — entering safe mode
2026-07-16 17:14:24,380 [TELEM] WARNING: SERIAL: port error (could not open port 'COM3': FileNotFoundError(2, 'The system cannot find the file specified.', None, 2)) — reconnecting in 2s
2026-07-16 17:14:26,389 [TELEM] WARNING: SERIAL: port error (could not open port 'COM3': FileNotFoundError(2, 'The system cannot find the file specified.', None, 2)) — reconnecting in 2s
2026-07-16 17:14:28,393 [TELEM] WARNING: SERIAL: port error (could not open port 'COM3': FileNotFoundError(2, 'The system cannot find the file specified.', None, 2)) — reconnecting in 2s
2026-07-16 17:14:28,411 [TELEM] ERROR: PXI health check failed — reinitialising connection
2026-07-16 17:14:28,411 [TELEM] CRITICAL: PXI reinit exceeded 3 attempts — entering safe mode
2026-07-16 17:14:30,395 [TELEM] WARNING: SERIAL: port error (could not open port 'COM3': FileNotFoundError(2, 'The system cannot find the file specified.', None, 2)) — reconnecting in 2s
2026-07-16 17:14:32,409 [TELEM] WARNING: SERIAL: port error (could not open port 'COM3': FileNotFoundError(2, 'The system cannot find the file specified.', None, 2)) — reconnecting in 2s
2026-07-16 17:14:33,414 [TELEM] ERROR: PXI health check failed — reinitialising connection
2026-07-16 17:14:33,415 [TELEM] CRITICAL: PXI reinit exceeded 3 attempts — entering safe mode
2026-07-16 17:14:34,416 [TELEM] WARNING: SERIAL: port error (could not open port 'COM3': FileNotFoundError(2, 'The system cannot find the file specified.', None, 2)) — reconnecting in 2s
2026-07-16 17:14:36,420 [TELEM] WARNING: SERIAL: port error (could not open port 'COM3': FileNotFoundError(2, 'The system cannot find the file specified.', None, 2)) — reconnecting in 2s
2026-07-16 17:14:38,417 [TELEM] ERROR: PXI health check failed — reinitialising connection
2026-07-16 17:14:38,417 [TELEM] CRITICAL: PXI reinit exceeded 3 attempts — entering safe mode
2026-07-16 17:14:38,426 [TELEM] WARNING: SERIAL: port error (could not open port 'COM3': FileNotFoundError(2, 'The system cannot find the file specified.', None, 2)) — reconnecting in 2s
2026-07-16 17:14:40,430 [TELEM] WARNING: SERIAL: port error (could not open port 'COM3': FileNotFoundError(2, 'The system cannot find the file specified.', None, 2)) — reconnecting in 2s
2026-07-16 17:14:42,447 [TELEM] WARNING: SERIAL: port error (could not open port 'COM3': FileNotFoundError(2, 'The system cannot find the file specified.', None, 2)) — reconnecting in 2s
2026-07-16 17:14:43,427 [TELEM] ERROR: PXI health check failed — reinitialising connection
2026-07-16 17:14:43,427 [TELEM] CRITICAL: PXI reinit exceeded 3 attempts — entering safe mode
2026-07-16 17:14:44,452 [TELEM] WARNING: SERIAL: port error (could not open port 'COM3': FileNotFoundError(2, 'The system cannot find the file specified.', None, 2)) — reconnecting in 2s
2026-07-16 17:14:46,469 [TELEM] WARNING: SERIAL: port error (could not open port 'COM3': FileNotFoundError(2, 'The system cannot find the file specified.', None, 2)) — reconnecting in 2s
2026-07-16 17:14:48,430 [TELEM] ERROR: PXI health check failed — reinitialising connection
2026-07-16 17:14:48,432 [TELEM] CRITICAL: PXI reinit exceeded 3 attempts — entering safe mode
2026-07-16 17:14:48,469 [TELEM] WARNING: SERIAL: port error (could not open port 'COM3': FileNotFoundError(2, 'The system cannot find the file specified.', None, 2)) — reconnecting in 2s
2026-07-16 17:14:50,479 [TELEM] WARNING: SERIAL: port error (could not open port 'COM3': FileNotFoundError(2, 'The system cannot find the file specified.', None, 2)) — reconnecting in 2s
2026-07-16 17:14:52,494 [TELEM] WARNING: SERIAL: port error (could not open port 'COM3': FileNotFoundError(2, 'The system cannot find the file specified.', None, 2)) — reconnecting in 2s
2026-07-16 17:14:53,433 [TELEM] ERROR: PXI health check failed — reinitialising connection
2026-07-16 17:14:53,433 [TELEM] CRITICAL: PXI reinit exceeded 3 attempts — entering safe mode
2026-07-16 17:14:54,503 [TELEM] WARNING: SERIAL: port error (could not open port 'COM3': FileNotFoundError(2, 'The system cannot find the file specified.', None, 2)) — reconnecting in 2s
2026-07-16 17:14:56,507 [TELEM] WARNING: SERIAL: port error (could not open port 'COM3': FileNotFoundError(2, 'The system cannot find the file specified.', None, 2)) — reconnecting in 2s
2026-07-16 17:14:58,437 [TELEM] ERROR: PXI health check failed — reinitialising connection
2026-07-16 17:14:58,437 [TELEM] CRITICAL: PXI reinit exceeded 3 attempts — entering safe mode
2026-07-16 17:14:58,527 [TELEM] WARNING: SERIAL: port error (could not open port 'COM3': FileNotFoundError(2, 'The system cannot find the file specified.', None, 2)) — reconnecting in 2s
2026-07-16 17:15:00,530 [TELEM] WARNING: SERIAL: port error (could not open port 'COM3': FileNotFoundError(2, 'The system cannot find the file specified.', None, 2)) — reconnecting in 2s
2026-07-16 17:15:02,537 [TELEM] WARNING: SERIAL: port error (could not open port 'COM3': FileNotFoundError(2, 'The system cannot find the file specified.', None, 2)) — reconnecting in 2s
2026-07-16 17:15:03,439 [TELEM] ERROR: PXI health check failed — reinitialising connection
2026-07-16 17:15:03,440 [TELEM] CRITICAL: PXI reinit exceeded 3 attempts — entering safe mode
2026-07-16 17:15:04,548 [TELEM] WARNING: SERIAL: port error (could not open port 'COM3': FileNotFoundError(2, 'The system cannot find the file specified.', None, 2)) — reconnecting in 2s
2026-07-16 17:15:06,549 [TELEM] WARNING: SERIAL: port error (could not open port 'COM3': FileNotFoundError(2, 'The system cannot find the file specified.', None, 2)) — reconnecting in 2s
2026-07-16 17:15:08,442 [TELEM] ERROR: PXI health check failed — reinitialising connection
2026-07-16 17:15:08,442 [TELEM] CRITICAL: PXI reinit exceeded 3 attempts — entering safe mode
2026-07-16 17:15:08,560 [TELEM] WARNING: SERIAL: port error (could not open port 'COM3': FileNotFoundError(2, 'The system cannot find the file specified.', None, 2)) — reconnecting in 2s
2026-07-16 17:15:10,563 [TELEM] WARNING: SERIAL: port error (could not open port 'COM3': FileNotFoundError(2, 'The system cannot find the file specified.', None, 2)) — reconnecting in 2s
2026-07-16 17:15:12,566 [TELEM] WARNING: SERIAL: port error (could not open port 'COM3': FileNotFoundError(2, 'The system cannot find the file specified.', None, 2)) — reconnecting in 2s
2026-07-16 17:15:13,445 [TELEM] ERROR: PXI health check failed — reinitialising connection
2026-07-16 17:15:13,446 [TELEM] CRITICAL: PXI reinit exceeded 3 attempts — entering safe mode
2026-07-16 17:15:14,579 [TELEM] WARNING: SERIAL: port error (could not open port 'COM3': FileNotFoundError(2, 'The system cannot find the file specified.', None, 2)) — reconnecting in 2s
2026-07-16 17:15:16,588 [TELEM] WARNING: SERIAL: port error (could not open port 'COM3': FileNotFoundError(2, 'The system cannot find the file specified.', None, 2)) — reconnecting in 2s
2026-07-16 17:15:18,448 [TELEM] ERROR: PXI health check failed — reinitialising connection
2026-07-16 17:15:18,449 [TELEM] CRITICAL: PXI reinit exceeded 3 attempts — entering safe mode
2026-07-16 17:15:18,603 [TELEM] WARNING: SERIAL: port error (could not open port 'COM3': FileNotFoundError(2, 'The system cannot find the file specified.', None, 2)) — reconnecting in 2s
2026-07-16 17:15:20,614 [TELEM] WARNING: SERIAL: port error (could not open port 'COM3': FileNotFoundError(2, 'The system cannot find the file specified.', None, 2)) — reconnecting in 2s
2026-07-16 17:15:22,623 [TELEM] WARNING: SERIAL: port error (could not open port 'COM3': FileNotFoundError(2, 'The system cannot find the file specified.', None, 2)) — reconnecting in 2s
2026-07-16 17:15:23,451 [TELEM] ERROR: PXI health check failed — reinitialising connection
2026-07-16 17:15:23,452 [TELEM] CRITICAL: PXI reinit exceeded 3 attempts — entering safe mode
2026-07-16 17:15:24,634 [TELEM] WARNING: SERIAL: port error (could not open port 'COM3': FileNotFoundError(2, 'The system cannot find the file specified.', None, 2)) — reconnecting in 2s
2026-07-16 17:15:26,647 [TELEM] WARNING: SERIAL: port error (could not open port 'COM3': FileNotFoundError(2, 'The system cannot find the file specified.', None, 2)) — reconnecting in 2s
2026-07-16 17:15:28,454 [TELEM] ERROR: PXI health check failed — reinitialising connection
2026-07-16 17:15:28,454 [TELEM] CRITICAL: PXI reinit exceeded 3 attempts — entering safe mode
2026-07-16 17:15:28,661 [TELEM] WARNING: SERIAL: port error (could not open port 'COM3': FileNotFoundError(2, 'The system cannot find the file specified.', None, 2)) — reconnecting in 2s
2026-07-16 17:15:30,665 [TELEM] WARNING: SERIAL: port error (could not open port 'COM3': FileNotFoundError(2, 'The system cannot find the file specified.', None, 2)) — reconnecting in 2s
2026-07-16 17:15:32,671 [TELEM] WARNING: SERIAL: port error (could not open port 'COM3': FileNotFoundError(2, 'The system cannot find the file specified.', None, 2)) — reconnecting in 2s
2026-07-16 17:15:33,458 [TELEM] ERROR: PXI health check failed — reinitialising connection
2026-07-16 17:15:33,459 [TELEM] CRITICAL: PXI reinit exceeded 3 attempts — entering safe mode
2026-07-16 17:15:34,682 [TELEM] WARNING: SERIAL: port error (could not open port 'COM3': FileNotFoundError(2, 'The system cannot find the file specified.', None, 2)) — reconnecting in 2s
2026-07-16 17:15:36,696 [TELEM] WARNING: SERIAL: port error (could not open port 'COM3': FileNotFoundError(2, 'The system cannot find the file specified.', None, 2)) — reconnecting in 2s
2026-07-16 17:15:38,461 [TELEM] ERROR: PXI health check failed — reinitialising connection
2026-07-16 17:15:38,461 [TELEM] CRITICAL: PXI reinit exceeded 3 attempts — entering safe mode
2026-07-16 17:15:38,710 [TELEM] WARNING: SERIAL: port error (could not open port 'COM3': FileNotFoundError(2, 'The system cannot find the file specified.', None, 2)) — reconnecting in 2s
2026-07-16 17:15:40,720 [TELEM] WARNING: SERIAL: port error (could not open port 'COM3': FileNotFoundError(2, 'The system cannot find the file specified.', None, 2)) — reconnecting in 2s
2026-07-16 17:15:42,734 [TELEM] WARNING: SERIAL: port error (could not open port 'COM3': FileNotFoundError(2, 'The system cannot find the file specified.', None, 2)) — reconnecting in 2s
2026-07-16 17:15:43,465 [TELEM] ERROR: PXI health check failed — reinitialising connection
2026-07-16 17:15:43,466 [TELEM] CRITICAL: PXI reinit exceeded 3 attempts — entering safe mode
2026-07-16 17:15:44,748 [TELEM] WARNING: SERIAL: port error (could not open port 'COM3': FileNotFoundError(2, 'The system cannot find the file specified.', None, 2)) — reconnecting in 2s
2026-07-16 17:15:46,762 [TELEM] WARNING: SERIAL: port error (could not open port 'COM3': FileNotFoundError(2, 'The system cannot find the file specified.', None, 2)) — reconnecting in 2s
2026-07-16 17:15:48,468 [TELEM] ERROR: PXI health check failed — reinitialising connection
2026-07-16 17:15:48,469 [TELEM] CRITICAL: PXI reinit exceeded 3 attempts — entering safe mode
2026-07-16 17:15:48,763 [TELEM] WARNING: SERIAL: port error (could not open port 'COM3': FileNotFoundError(2, 'The system cannot find the file specified.', None, 2)) — reconnecting in 2s
2026-07-16 17:15:50,779 [TELEM] WARNING: SERIAL: port error (could not open port 'COM3': FileNotFoundError(2, 'The system cannot find the file specified.', None, 2)) — reconnecting in 2s
2026-07-16 17:15:52,789 [TELEM] WARNING: SERIAL: port error (could not open port 'COM3': FileNotFoundError(2, 'The system cannot find the file specified.', None, 2)) — reconnecting in 2s
2026-07-16 17:15:53,471 [TELEM] ERROR: PXI health check failed — reinitialising connection
2026-07-16 17:15:53,472 [TELEM] CRITICAL: PXI reinit exceeded 3 attempts — entering safe mode
2026-07-16 17:15:54,796 [TELEM] WARNING: SERIAL: port error (could not open port 'COM3': FileNotFoundError(2, 'The system cannot find the file specified.', None, 2)) — reconnecting in 2s
2026-07-16 17:15:56,811 [TELEM] WARNING: SERIAL: port error (could not open port 'COM3': FileNotFoundError(2, 'The system cannot find the file specified.', None, 2)) — reconnecting in 2s
2026-07-16 17:15:58,476 [TELEM] ERROR: PXI health check failed — reinitialising connection
2026-07-16 17:15:58,476 [TELEM] CRITICAL: PXI reinit exceeded 3 attempts — entering safe mode
2026-07-16 17:15:58,812 [TELEM] WARNING: SERIAL: port error (could not open port 'COM3': FileNotFoundError(2, 'The system cannot find the file specified.', None, 2)) — reconnecting in 2s
2026-07-16 17:16:00,816 [TELEM] WARNING: SERIAL: port error (could not open port 'COM3': FileNotFoundError(2, 'The system cannot find the file specified.', None, 2)) — reconnecting in 2s
2026-07-16 17:16:02,819 [TELEM] WARNING: SERIAL: port error (could not open port 'COM3': FileNotFoundError(2, 'The system cannot find the file specified.', None, 2)) — reconnecting in 2s
2026-07-16 17:16:03,478 [TELEM] ERROR: PXI health check failed — reinitialising connection
2026-07-16 17:16:03,478 [TELEM] CRITICAL: PXI reinit exceeded 3 attempts — entering safe mode
2026-07-16 17:16:04,827 [TELEM] WARNING: SERIAL: port error (could not open port 'COM3': FileNotFoundError(2, 'The system cannot find the file specified.', None, 2)) — reconnecting in 2s
2026-07-16 17:16:06,841 [TELEM] WARNING: SERIAL: port error (could not open port 'COM3': FileNotFoundError(2, 'The system cannot find the file specified.', None, 2)) — reconnecting in 2s
2026-07-16 17:16:08,481 [TELEM] ERROR: PXI health check failed — reinitialising connection
2026-07-16 17:16:08,481 [TELEM] CRITICAL: PXI reinit exceeded 3 attempts — entering safe mode
2026-07-16 17:16:08,851 [TELEM] WARNING: SERIAL: port error (could not open port 'COM3': FileNotFoundError(2, 'The system cannot find the file specified.', None, 2)) — reconnecting in 2s
2026-07-16 17:16:10,853 [TELEM] WARNING: SERIAL: port error (could not open port 'COM3': FileNotFoundError(2, 'The system cannot find the file specified.', None, 2)) — reconnecting in 2s
2026-07-16 17:16:12,854 [TELEM] WARNING: SERIAL: port error (could not open port 'COM3': FileNotFoundError(2, 'The system cannot find the file specified.', None, 2)) — reconnecting in 2s
2026-07-16 17:16:13,486 [TELEM] ERROR: PXI health check failed — reinitialising connection
2026-07-16 17:16:13,487 [TELEM] CRITICAL: PXI reinit exceeded 3 attempts — entering safe mode
2026-07-16 17:16:14,863 [TELEM] WARNING: SERIAL: port error (could not open port 'COM3': FileNotFoundError(2, 'The system cannot find the file specified.', None, 2)) — reconnecting in 2s
2026-07-16 17:16:16,865 [TELEM] WARNING: SERIAL: port error (could not open port 'COM3': FileNotFoundError(2, 'The system cannot find the file specified.', None, 2)) — reconnecting in 2s
2026-07-16 17:16:18,487 [TELEM] ERROR: PXI health check failed — reinitialising connection
2026-07-16 17:16:18,488 [TELEM] CRITICAL: PXI reinit exceeded 3 attempts — entering safe mode
2026-07-16 17:16:18,881 [TELEM] WARNING: SERIAL: port error (could not open port 'COM3': FileNotFoundError(2, 'The system cannot find the file specified.', None, 2)) — reconnecting in 2s
2026-07-16 17:16:20,893 [TELEM] WARNING: SERIAL: port error (could not open port 'COM3': FileNotFoundError(2, 'The system cannot find the file specified.', None, 2)) — reconnecting in 2s
2026-07-16 17:16:22,901 [TELEM] WARNING: SERIAL: port error (could not open port 'COM3': FileNotFoundError(2, 'The system cannot find the file specified.', None, 2)) — reconnecting in 2s
2026-07-16 17:16:23,490 [TELEM] ERROR: PXI health check failed — reinitialising connection
2026-07-16 17:16:23,490 [TELEM] CRITICAL: PXI reinit exceeded 3 attempts — entering safe mode
2026-07-16 17:16:24,911 [TELEM] WARNING: SERIAL: port error (could not open port 'COM3': FileNotFoundError(2, 'The system cannot find the file specified.', None, 2)) — reconnecting in 2s
2026-07-16 17:16:26,919 [TELEM] WARNING: SERIAL: port error (could not open port 'COM3': FileNotFoundError(2, 'The system cannot find the file specified.', None, 2)) — reconnecting in 2s
2026-07-16 17:16:28,493 [TELEM] ERROR: PXI health check failed — reinitialising connection
2026-07-16 17:16:28,493 [TELEM] CRITICAL: PXI reinit exceeded 3 attempts — entering safe mode
2026-07-16 17:16:28,923 [TELEM] WARNING: SERIAL: port error (could not open port 'COM3': FileNotFoundError(2, 'The system cannot find the file specified.', None, 2)) — reconnecting in 2s
2026-07-16 17:16:30,932 [TELEM] WARNING: SERIAL: port error (could not open port 'COM3': FileNotFoundError(2, 'The system cannot find the file specified.', None, 2)) — reconnecting in 2s
2026-07-16 17:16:32,934 [TELEM] WARNING: SERIAL: port error (could not open port 'COM3': FileNotFoundError(2, 'The system cannot find the file specified.', None, 2)) — reconnecting in 2s
2026-07-16 17:16:33,497 [TELEM] ERROR: PXI health check failed — reinitialising connection
2026-07-16 17:16:33,497 [TELEM] CRITICAL: PXI reinit exceeded 3 attempts — entering safe mode
2026-07-16 17:16:34,943 [TELEM] WARNING: SERIAL: port error (could not open port 'COM3': FileNotFoundError(2, 'The system cannot find the file specified.', None, 2)) — reconnecting in 2s
2026-07-16 17:16:36,953 [TELEM] WARNING: SERIAL: port error (could not open port 'COM3': FileNotFoundError(2, 'The system cannot find the file specified.', None, 2)) — reconnecting in 2s
2026-07-16 17:16:38,501 [TELEM] ERROR: PXI health check failed — reinitialising connection
2026-07-16 17:16:38,501 [TELEM] CRITICAL: PXI reinit exceeded 3 attempts — entering safe mode
2026-07-16 17:16:38,958 [TELEM] WARNING: SERIAL: port error (could not open port 'COM3': FileNotFoundError(2, 'The system cannot find the file specified.', None, 2)) — reconnecting in 2s
2026-07-16 17:16:40,962 [TELEM] WARNING: SERIAL: port error (could not open port 'COM3': FileNotFoundError(2, 'The system cannot find the file specified.', None, 2)) — reconnecting in 2s
2026-07-16 17:16:42,963 [TELEM] WARNING: SERIAL: port error (could not open port 'COM3': FileNotFoundError(2, 'The system cannot find the file specified.', None, 2)) — reconnecting in 2s
2026-07-16 17:16:43,507 [TELEM] ERROR: PXI health check failed — reinitialising connection
2026-07-16 17:16:43,507 [TELEM] CRITICAL: PXI reinit exceeded 3 attempts — entering safe mode
2026-07-16 17:16:44,977 [TELEM] WARNING: SERIAL: port error (could not open port 'COM3': FileNotFoundError(2, 'The system cannot find the file specified.', None, 2)) — reconnecting in 2s
2026-07-16 17:16:46,979 [TELEM] WARNING: SERIAL: port error (could not open port 'COM3': FileNotFoundError(2, 'The system cannot find the file specified.', None, 2)) — reconnecting in 2s
2026-07-16 17:16:48,510 [TELEM] ERROR: PXI health check failed — reinitialising connection
2026-07-16 17:16:48,510 [TELEM] CRITICAL: PXI reinit exceeded 3 attempts — entering safe mode
2026-07-16 17:16:48,991 [TELEM] WARNING: SERIAL: port error (could not open port 'COM3': FileNotFoundError(2, 'The system cannot find the file specified.', None, 2)) — reconnecting in 2s
2026-07-16 17:16:51,003 [TELEM] WARNING: SERIAL: port error (could not open port 'COM3': FileNotFoundError(2, 'The system cannot find the file specified.', None, 2)) — reconnecting in 2s
2026-07-16 17:16:53,017 [TELEM] WARNING: SERIAL: port error (could not open port 'COM3': FileNotFoundError(2, 'The system cannot find the file specified.', None, 2)) — reconnecting in 2s
2026-07-16 17:16:53,513 [TELEM] ERROR: PXI health check failed — reinitialising connection
2026-07-16 17:16:53,514 [TELEM] CRITICAL: PXI reinit exceeded 3 attempts — entering safe mode
2026-07-16 17:16:55,025 [TELEM] WARNING: SERIAL: port error (could not open port 'COM3': FileNotFoundError(2, 'The system cannot find the file specified.', None, 2)) — reconnecting in 2s
2026-07-16 17:16:57,040 [TELEM] WARNING: SERIAL: port error (could not open port 'COM3': FileNotFoundError(2, 'The system cannot find the file specified.', None, 2)) — reconnecting in 2s
2026-07-16 17:16:58,519 [TELEM] ERROR: PXI health check failed — reinitialising connection
2026-07-16 17:16:58,519 [TELEM] CRITICAL: PXI reinit exceeded 3 attempts — entering safe mode
2026-07-16 17:16:59,053 [TELEM] WARNING: SERIAL: port error (could not open port 'COM3': FileNotFoundError(2, 'The system cannot find the file specified.', None, 2)) — reconnecting in 2s
2026-07-16 17:17:01,066 [TELEM] WARNING: SERIAL: port error (could not open port 'COM3': FileNotFoundError(2, 'The system cannot find the file specified.', None, 2)) — reconnecting in 2s
2026-07-16 17:17:01,339 [TELEM] INFO: Relay 3 -> OFF
2026-07-16 17:17:02,395 [RelayEventLoop] INFO: Relay 3 -> OFF
2026-07-16 17:17:03,071 [TELEM] WARNING: SERIAL: port error (could not open port 'COM3': FileNotFoundError(2, 'The system cannot find the file specified.', None, 2)) — reconnecting in 2s
2026-07-16 17:17:03,516 [TELEM] INFO: Relay 2 -> OFF
2026-07-16 17:17:03,522 [TELEM] ERROR: PXI health check failed — reinitialising connection
2026-07-16 17:17:03,522 [TELEM] CRITICAL: PXI reinit exceeded 3 attempts — entering safe mode
2026-07-16 17:17:04,566 [RelayEventLoop] INFO: Relay 2 -> OFF
2026-07-16 17:17:05,079 [TELEM] WARNING: SERIAL: port error (could not open port 'COM3': FileNotFoundError(2, 'The system cannot find the file specified.', None, 2)) — reconnecting in 2s
2026-07-16 17:17:07,081 [TELEM] WARNING: SERIAL: port error (could not open port 'COM3': FileNotFoundError(2, 'The system cannot find the file specified.', None, 2)) — reconnecting in 2s
2026-07-16 17:17:08,526 [TELEM] ERROR: PXI health check failed — reinitialising connection
2026-07-16 17:17:08,526 [TELEM] CRITICAL: PXI reinit exceeded 3 attempts — entering safe mode
2026-07-16 17:17:09,091 [TELEM] WARNING: SERIAL: port error (could not open port 'COM3': FileNotFoundError(2, 'The system cannot find the file specified.', None, 2)) — reconnecting in 2s
2026-07-16 18:21:10,945 [TELEM] ERROR: PXI heartbeat stale (3841.6s) — restarting
2026-07-16 18:21:10,952 [TELEM] WARNING: Restarting PXI (attempt 1/3)
2026-07-16 18:21:10,958 [TELEM] ERROR: RELAY heartbeat stale (3841.6s) — restarting
2026-07-16 18:21:10,962 [TELEM] WARNING: Restarting RELAY (attempt 1/3)
2026-07-16 18:21:10,966 [TELEM] ERROR: SERIAL heartbeat stale (3841.8s) — restarting
2026-07-16 18:21:10,971 [TELEM] WARNING: Restarting SERIAL (attempt 1/3)
2026-07-16 18:21:11,205 [TELEM] ERROR: PXI health check failed — reinitialising connection
2026-07-16 18:21:11,205 [TELEM] CRITICAL: PXI reinit exceeded 3 attempts — entering safe mode
2026-07-16 18:21:11,210 [TELEM] WARNING: SERIAL: port error (could not open port 'COM3': FileNotFoundError(2, 'The system cannot find the file specified.', None, 2)) — reconnecting in 2s
2026-07-16 18:21:12,532 [TELEM] WARNING: SERIAL: port error (could not open port 'COM3': FileNotFoundError(2, 'The system cannot find the file specified.', None, 2)) — reconnecting in 2s
2026-07-16 18:21:13,213 [TELEM] WARNING: SERIAL: port error (could not open port 'COM3': FileNotFoundError(2, 'The system cannot find the file specified.', None, 2)) — reconnecting in 2s
2026-07-16 18:21:14,544 [TELEM] WARNING: SERIAL: port error (could not open port 'COM3': FileNotFoundError(2, 'The system cannot find the file specified.', None, 2)) — reconnecting in 2s
2026-07-16 18:21:15,216 [TELEM] WARNING: SERIAL: port error (could not open port 'COM3': FileNotFoundError(2, 'The system cannot find the file specified.', None, 2)) — reconnecting in 2s
2026-07-16 18:21:16,211 [TELEM] ERROR: PXI health check failed — reinitialising connection
2026-07-16 18:21:16,211 [TELEM] CRITICAL: PXI reinit exceeded 3 attempts — entering safe mode
2026-07-16 18:21:16,557 [TELEM] WARNING: SERIAL: port error (could not open port 'COM3': FileNotFoundError(2, 'The system cannot find the file specified.', None, 2)) — reconnecting in 2s
2026-07-16 18:21:17,220 [TELEM] WARNING: SERIAL: port error (could not open port 'COM3': FileNotFoundError(2, 'The system cannot find the file specified.', None, 2)) — reconnecting in 2s
2026-07-16 18:21:18,567 [TELEM] WARNING: SERIAL: port error (could not open port 'COM3': FileNotFoundError(2, 'The system cannot find the file specified.', None, 2)) — reconnecting in 2s
2026-07-16 18:21:19,234 [TELEM] WARNING: SERIAL: port error (could not open port 'COM3': FileNotFoundError(2, 'The system cannot find the file specified.', None, 2)) — reconnecting in 2s
2026-07-16 18:21:20,572 [TELEM] WARNING: SERIAL: port error (could not open port 'COM3': FileNotFoundError(2, 'The system cannot find the file specified.', None, 2)) — reconnecting in 2s
2026-07-16 18:21:21,214 [TELEM] ERROR: PXI health check failed — reinitialising connection
2026-07-16 18:21:21,214 [TELEM] CRITICAL: PXI reinit exceeded 3 attempts — entering safe mode
2026-07-16 18:21:21,242 [TELEM] WARNING: SERIAL: port error (could not open port 'COM3': FileNotFoundError(2, 'The system cannot find the file specified.', None, 2)) — reconnecting in 2s
2026-07-16 18:21:22,580 [TELEM] WARNING: SERIAL: port error (could not open port 'COM3': FileNotFoundError(2, 'The system cannot find the file specified.', None, 2)) — reconnecting in 2s
2026-07-16 18:21:23,255 [TELEM] WARNING: SERIAL: port error (could not open port 'COM3': FileNotFoundError(2, 'The system cannot find the file specified.', None, 2)) — reconnecting in 2s
2026-07-16 18:21:24,589 [TELEM] WARNING: SERIAL: port error (could not open port 'COM3': FileNotFoundError(2, 'The system cannot find the file specified.', None, 2)) — reconnecting in 2s
2026-07-16 18:21:25,258 [TELEM] WARNING: SERIAL: port error (could not open port 'COM3': FileNotFoundError(2, 'The system cannot find the file specified.', None, 2)) — reconnecting in 2s
2026-07-16 18:21:26,216 [TELEM] ERROR: PXI health check failed — reinitialising connection
2026-07-16 18:21:26,216 [TELEM] CRITICAL: PXI reinit exceeded 3 attempts — entering safe mode
2026-07-16 18:21:26,595 [TELEM] WARNING: SERIAL: port error (could not open port 'COM3': FileNotFoundError(2, 'The system cannot find the file specified.', None, 2)) — reconnecting in 2s
2026-07-16 18:21:27,262 [TELEM] WARNING: SERIAL: port error (could not open port 'COM3': FileNotFoundError(2, 'The system cannot find the file specified.', None, 2)) — reconnecting in 2s
2026-07-17 08:06:22,845 [TELEM] ERROR: SERIAL heartbeat stale (49501.1s) — restarting
2026-07-17 08:06:22,846 [TELEM] WARNING: Restarting SERIAL (attempt 2/3)
2026-07-17 08:06:22,848 [TELEM] ERROR: PXI health check failed — reinitialising connection
2026-07-17 08:06:22,849 [TELEM] CRITICAL: PXI reinit exceeded 3 attempts — entering safe mode
2026-07-17 08:06:22,850 [TELEM] WARNING: SERIAL: port error (could not open port 'COM3': FileNotFoundError(2, 'The system cannot find the file specified.', None, 2)) — reconnecting in 2s
2026-07-17 08:06:23,224 [TELEM] WARNING: SERIAL: port error (could not open port 'COM3': FileNotFoundError(2, 'The system cannot find the file specified.', None, 2)) — reconnecting in 2s
2026-07-17 08:06:23,902 [TELEM] WARNING: SERIAL: port error (could not open port 'COM3': FileNotFoundError(2, 'The system cannot find the file specified.', None, 2)) — reconnecting in 2s
2026-07-17 08:06:24,904 [TELEM] WARNING: SERIAL: port error (could not open port 'COM3': FileNotFoundError(2, 'The system cannot find the file specified.', None, 2)) — reconnecting in 2s
2026-07-17 08:06:25,241 [TELEM] WARNING: SERIAL: port error (could not open port 'COM3': FileNotFoundError(2, 'The system cannot find the file specified.', None, 2)) — reconnecting in 2s
2026-07-17 08:06:25,940 [TELEM] WARNING: SERIAL: port error (could not open port 'COM3': FileNotFoundError(2, 'The system cannot find the file specified.', None, 2)) — reconnecting in 2s
2026-07-17 08:06:26,923 [TELEM] WARNING: SERIAL: port error (could not open port 'COM3': FileNotFoundError(2, 'The system cannot find the file specified.', None, 2)) — reconnecting in 2s
2026-07-17 08:06:27,253 [TELEM] WARNING: SERIAL: port error (could not open port 'COM3': FileNotFoundError(2, 'The system cannot find the file specified.', None, 2)) — reconnecting in 2s
2026-07-17 08:06:27,922 [TELEM] ERROR: PXI health check failed — reinitialising connection
2026-07-17 08:06:27,922 [TELEM] CRITICAL: PXI reinit exceeded 3 attempts — entering safe mode
2026-07-17 08:06:27,951 [TELEM] WARNING: SERIAL: port error (could not open port 'COM3': FileNotFoundError(2, 'The system cannot find the file specified.', None, 2)) — reconnecting in 2s
2026-07-17 08:06:28,934 [TELEM] WARNING: SERIAL: port error (could not open port 'COM3': FileNotFoundError(2, 'The system cannot find the file specified.', None, 2)) — reconnecting in 2s
2026-07-17 08:06:29,264 [TELEM] WARNING: SERIAL: port error (could not open port 'COM3': FileNotFoundError(2, 'The system cannot find the file specified.', None, 2)) — reconnecting in 2s
2026-07-17 08:06:29,965 [TELEM] WARNING: SERIAL: port error (could not open port 'COM3': FileNotFoundError(2, 'The system cannot find the file specified.', None, 2)) — reconnecting in 2s
2026-07-17 08:06:30,937 [TELEM] WARNING: SERIAL: port error (could not open port 'COM3': FileNotFoundError(2, 'The system cannot find the file specified.', None, 2)) — reconnecting in 2s
2026-07-17 08:06:31,279 [TELEM] WARNING: SERIAL: port error (could not open port 'COM3': FileNotFoundError(2, 'The system cannot find the file specified.', None, 2)) — reconnecting in 2s
2026-07-17 08:06:31,981 [TELEM] WARNING: SERIAL: port error (could not open port 'COM3': FileNotFoundError(2, 'The system cannot find the file specified.', None, 2)) — reconnecting in 2s
2026-07-17 08:06:32,928 [TELEM] ERROR: PXI health check failed — reinitialising connection
2026-07-17 08:06:32,931 [TELEM] CRITICAL: PXI reinit exceeded 3 attempts — entering safe mode
2026-07-17 08:06:32,953 [TELEM] WARNING: SERIAL: port error (could not open port 'COM3': FileNotFoundError(2, 'The system cannot find the file specified.', None, 2)) — reconnecting in 2s
2026-07-17 08:06:33,290 [TELEM] WARNING: SERIAL: port error (could not open port 'COM3': FileNotFoundError(2, 'The system cannot find the file specified.', None, 2)) — reconnecting in 2s
2026-07-17 08:06:33,985 [TELEM] WARNING: SERIAL: port error (could not open port 'COM3': FileNotFoundError(2, 'The system cannot find the file specified.', None, 2)) — reconnecting in 2s
2026-07-17 08:06:34,957 [TELEM] WARNING: SERIAL: port error (could not open port 'COM3': FileNotFoundError(2, 'The system cannot find the file specified.', None, 2)) — reconnecting in 2s
2026-07-17 08:06:35,297 [TELEM] WARNING: SERIAL: port error (could not open port 'COM3': FileNotFoundError(2, 'The system cannot find the file specified.', None, 2)) — reconnecting in 2s
2026-07-17 08:06:35,997 [TELEM] WARNING: SERIAL: port error (could not open port 'COM3': FileNotFoundError(2, 'The system cannot find the file specified.', None, 2)) — reconnecting in 2s
2026-07-17 08:06:36,964 [TELEM] WARNING: SERIAL: port error (could not open port 'COM3': FileNotFoundError(2, 'The system cannot find the file specified.', None, 2)) — reconnecting in 2s
2026-07-17 08:06:37,297 [TELEM] WARNING: SERIAL: port error (could not open port 'COM3': FileNotFoundError(2, 'The system cannot find the file specified.', None, 2)) — reconnecting in 2s
2026-07-17 08:06:37,929 [TELEM] ERROR: PXI health check failed — reinitialising connection
2026-07-17 08:06:37,929 [TELEM] CRITICAL: PXI reinit exceeded 3 attempts — entering safe mode
2026-07-17 08:06:38,000 [TELEM] WARNING: SERIAL: port error (could not open port 'COM3': FileNotFoundError(2, 'The system cannot find the file specified.', None, 2)) — reconnecting in 2s
2026-07-17 08:06:38,970 [TELEM] WARNING: SERIAL: port error (could not open port 'COM3': FileNotFoundError(2, 'The system cannot find the file specified.', None, 2)) — reconnecting in 2s
2026-07-17 08:06:39,311 [TELEM] WARNING: SERIAL: port error (could not open port 'COM3': FileNotFoundError(2, 'The system cannot find the file specified.', None, 2)) — reconnecting in 2s
2026-07-17 08:06:40,005 [TELEM] WARNING: SERIAL: port error (could not open port 'COM3': FileNotFoundError(2, 'The system cannot find the file specified.', None, 2)) — reconnecting in 2s
2026-07-17 08:06:40,983 [TELEM] WARNING: SERIAL: port error (could not open port 'COM3': FileNotFoundError(2, 'The system cannot find the file specified.', None, 2)) — reconnecting in 2s
2026-07-17 08:06:41,326 [TELEM] WARNING: SERIAL: port error (could not open port 'COM3': FileNotFoundError(2, 'The system cannot find the file specified.', None, 2)) — reconnecting in 2s
2026-07-17 08:06:42,006 [TELEM] WARNING: SERIAL: port error (could not open port 'COM3': FileNotFoundError(2, 'The system cannot find the file specified.', None, 2)) — reconnecting in 2s
2026-07-17 08:06:42,930 [TELEM] ERROR: PXI health check failed — reinitialising connection
2026-07-17 08:06:42,931 [TELEM] CRITICAL: PXI reinit exceeded 3 attempts — entering safe mode
2026-07-17 08:06:42,990 [TELEM] WARNING: SERIAL: port error (could not open port 'COM3': FileNotFoundError(2, 'The system cannot find the file specified.', None, 2)) — reconnecting in 2s
2026-07-17 08:06:43,337 [TELEM] WARNING: SERIAL: port error (could not open port 'COM3': FileNotFoundError(2, 'The system cannot find the file specified.', None, 2)) — reconnecting in 2s
2026-07-17 08:06:44,012 [TELEM] WARNING: SERIAL: port error (could not open port 'COM3': FileNotFoundError(2, 'The system cannot find the file specified.', None, 2)) — reconnecting in 2s
2026-07-17 08:06:44,999 [TELEM] WARNING: SERIAL: port error (could not open port 'COM3': FileNotFoundError(2, 'The system cannot find the file specified.', None, 2)) — reconnecting in 2s
2026-07-17 08:06:45,348 [TELEM] WARNING: SERIAL: port error (could not open port 'COM3': FileNotFoundError(2, 'The system cannot find the file specified.', None, 2)) — reconnecting in 2s
2026-07-17 08:06:46,014 [TELEM] WARNING: SERIAL: port error (could not open port 'COM3': FileNotFoundError(2, 'The system cannot find the file specified.', None, 2)) — reconnecting in 2s
2026-07-17 08:06:47,004 [TELEM] WARNING: SERIAL: port error (could not open port 'COM3': FileNotFoundError(2, 'The system cannot find the file specified.', None, 2)) — reconnecting in 2s
2026-07-17 08:06:47,350 [TELEM] WARNING: SERIAL: port error (could not open port 'COM3': FileNotFoundError(2, 'The system cannot find the file specified.', None, 2)) — reconnecting in 2s
2026-07-17 08:06:47,932 [TELEM] ERROR: PXI health check failed — reinitialising connection
2026-07-17 08:06:47,932 [TELEM] CRITICAL: PXI reinit exceeded 3 attempts — entering safe mode
2026-07-17 08:06:48,021 [TELEM] WARNING: SERIAL: port error (could not open port 'COM3': FileNotFoundError(2, 'The system cannot find the file specified.', None, 2)) — reconnecting in 2s
2026-07-17 08:06:49,014 [TELEM] WARNING: SERIAL: port error (could not open port 'COM3': FileNotFoundError(2, 'The system cannot find the file specified.', None, 2)) — reconnecting in 2s
2026-07-17 08:06:49,359 [TELEM] WARNING: SERIAL: port error (could not open port 'COM3': FileNotFoundError(2, 'The system cannot find the file specified.', None, 2)) — reconnecting in 2s
2026-07-17 08:06:50,023 [TELEM] WARNING: SERIAL: port error (could not open port 'COM3': FileNotFoundError(2, 'The system cannot find the file specified.', None, 2)) — reconnecting in 2s
2026-07-17 08:06:51,019 [TELEM] WARNING: SERIAL: port error (could not open port 'COM3': FileNotFoundError(2, 'The system cannot find the file specified.', None, 2)) — reconnecting in 2s
2026-07-17 08:06:51,364 [TELEM] WARNING: SERIAL: port error (could not open port 'COM3': FileNotFoundError(2, 'The system cannot find the file specified.', None, 2)) — reconnecting in 2s
2026-07-17 08:06:52,032 [TELEM] WARNING: SERIAL: port error (could not open port 'COM3': FileNotFoundError(2, 'The system cannot find the file specified.', None, 2)) — reconnecting in 2s
2026-07-17 08:06:52,934 [TELEM] ERROR: PXI health check failed — reinitialising connection
2026-07-17 08:06:52,934 [TELEM] CRITICAL: PXI reinit exceeded 3 attempts — entering safe mode
2026-07-17 08:06:53,029 [TELEM] WARNING: SERIAL: port error (could not open port 'COM3': FileNotFoundError(2, 'The system cannot find the file specified.', None, 2)) — reconnecting in 2s
2026-07-17 08:06:53,365 [TELEM] WARNING: SERIAL: port error (could not open port 'COM3': FileNotFoundError(2, 'The system cannot find the file specified.', None, 2)) — reconnecting in 2s
2026-07-17 08:06:54,038 [TELEM] WARNING: SERIAL: port error (could not open port 'COM3': FileNotFoundError(2, 'The system cannot find the file specified.', None, 2)) — reconnecting in 2s
2026-07-17 08:06:55,037 [TELEM] WARNING: SERIAL: port error (could not open port 'COM3': FileNotFoundError(2, 'The system cannot find the file specified.', None, 2)) — reconnecting in 2s
2026-07-17 08:06:55,371 [TELEM] WARNING: SERIAL: port error (could not open port 'COM3': FileNotFoundError(2, 'The system cannot find the file specified.', None, 2)) — reconnecting in 2s
2026-07-17 08:06:56,052 [TELEM] WARNING: SERIAL: port error (could not open port 'COM3': FileNotFoundError(2, 'The system cannot find the file specified.', None, 2)) — reconnecting in 2s
2026-07-17 08:06:57,050 [TELEM] WARNING: SERIAL: port error (could not open port 'COM3': FileNotFoundError(2, 'The system cannot find the file specified.', None, 2)) — reconnecting in 2s
2026-07-17 08:06:57,372 [TELEM] WARNING: SERIAL: port error (could not open port 'COM3': FileNotFoundError(2, 'The system cannot find the file specified.', None, 2)) — reconnecting in 2s
2026-07-17 08:06:57,936 [TELEM] ERROR: PXI health check failed — reinitialising connection
2026-07-17 08:06:57,936 [TELEM] CRITICAL: PXI reinit exceeded 3 attempts — entering safe mode
2026-07-17 08:06:58,067 [TELEM] WARNING: SERIAL: port error (could not open port 'COM3': FileNotFoundError(2, 'The system cannot find the file specified.', None, 2)) — reconnecting in 2s
2026-07-17 08:06:59,052 [TELEM] WARNING: SERIAL: port error (could not open port 'COM3': FileNotFoundError(2, 'The system cannot find the file specified.', None, 2)) — reconnecting in 2s
2026-07-17 08:06:59,385 [TELEM] WARNING: SERIAL: port error (could not open port 'COM3': FileNotFoundError(2, 'The system cannot find the file specified.', None, 2)) — reconnecting in 2s
2026-07-17 08:07:00,068 [TELEM] WARNING: SERIAL: port error (could not open port 'COM3': FileNotFoundError(2, 'The system cannot find the file specified.', None, 2)) — reconnecting in 2s
2026-07-17 08:07:01,052 [TELEM] WARNING: SERIAL: port error (could not open port 'COM3': FileNotFoundError(2, 'The system cannot find the file specified.', None, 2)) — reconnecting in 2s
2026-07-17 08:07:01,390 [TELEM] WARNING: SERIAL: port error (could not open port 'COM3': FileNotFoundError(2, 'The system cannot find the file specified.', None, 2)) — reconnecting in 2s
2026-07-17 08:07:02,075 [TELEM] WARNING: SERIAL: port error (could not open port 'COM3': FileNotFoundError(2, 'The system cannot find the file specified.', None, 2)) — reconnecting in 2s
2026-07-17 08:07:02,937 [TELEM] ERROR: PXI health check failed — reinitialising connection
2026-07-17 08:07:02,938 [TELEM] CRITICAL: PXI reinit exceeded 3 attempts — entering safe mode
2026-07-17 08:07:03,058 [TELEM] WARNING: SERIAL: port error (could not open port 'COM3': FileNotFoundError(2, 'The system cannot find the file specified.', None, 2)) — reconnecting in 2s
2026-07-17 08:07:03,393 [TELEM] WARNING: SERIAL: port error (could not open port 'COM3': FileNotFoundError(2, 'The system cannot find the file specified.', None, 2)) — reconnecting in 2s
2026-07-17 08:07:04,090 [TELEM] WARNING: SERIAL: port error (could not open port 'COM3': FileNotFoundError(2, 'The system cannot find the file specified.', None, 2)) — reconnecting in 2s
2026-07-17 08:07:05,069 [TELEM] WARNING: SERIAL: port error (could not open port 'COM3': FileNotFoundError(2, 'The system cannot find the file specified.', None, 2)) — reconnecting in 2s
2026-07-17 08:07:05,399 [TELEM] WARNING: SERIAL: port error (could not open port 'COM3': FileNotFoundError(2, 'The system cannot find the file specified.', None, 2)) — reconnecting in 2s
2026-07-17 08:07:06,106 [TELEM] WARNING: SERIAL: port error (could not open port 'COM3': FileNotFoundError(2, 'The system cannot find the file specified.', None, 2)) — reconnecting in 2s
2026-07-17 08:07:07,075 [TELEM] WARNING: SERIAL: port error (could not open port 'COM3': FileNotFoundError(2, 'The system cannot find the file specified.', None, 2)) — reconnecting in 2s
2026-07-17 08:07:07,398 [TELEM] WARNING: SERIAL: port error (could not open port 'COM3': FileNotFoundError(2, 'The system cannot find the file specified.', None, 2)) — reconnecting in 2s
2026-07-17 08:07:07,940 [TELEM] ERROR: PXI health check failed — reinitialising connection
2026-07-17 08:07:07,940 [TELEM] CRITICAL: PXI reinit exceeded 3 attempts — entering safe mode
2026-07-17 08:07:08,119 [TELEM] WARNING: SERIAL: port error (could not open port 'COM3': FileNotFoundError(2, 'The system cannot find the file specified.', None, 2)) — reconnecting in 2s
2026-07-17 08:07:09,088 [TELEM] WARNING: SERIAL: port error (could not open port 'COM3': FileNotFoundError(2, 'The system cannot find the file specified.', None, 2)) — reconnecting in 2s
2026-07-17 08:07:09,400 [TELEM] WARNING: SERIAL: port error (could not open port 'COM3': FileNotFoundError(2, 'The system cannot find the file specified.', None, 2)) — reconnecting in 2s
2026-07-17 08:07:10,120 [TELEM] WARNING: SERIAL: port error (could not open port 'COM3': FileNotFoundError(2, 'The system cannot find the file specified.', None, 2)) — reconnecting in 2s
2026-07-17 08:07:11,091 [TELEM] WARNING: SERIAL: port error (could not open port 'COM3': FileNotFoundError(2, 'The system cannot find the file specified.', None, 2)) — reconnecting in 2s
2026-07-17 08:07:11,403 [TELEM] WARNING: SERIAL: port error (could not open port 'COM3': FileNotFoundError(2, 'The system cannot find the file specified.', None, 2)) — reconnecting in 2s
2026-07-17 08:07:12,125 [TELEM] WARNING: SERIAL: port error (could not open port 'COM3': FileNotFoundError(2, 'The system cannot find the file specified.', None, 2)) — reconnecting in 2s
2026-07-17 08:07:12,942 [TELEM] ERROR: PXI health check failed — reinitialising connection
2026-07-17 08:07:12,943 [TELEM] CRITICAL: PXI reinit exceeded 3 attempts — entering safe mode
2026-07-17 08:07:13,091 [TELEM] WARNING: SERIAL: port error (could not open port 'COM3': FileNotFoundError(2, 'The system cannot find the file specified.', None, 2)) — reconnecting in 2s
2026-07-17 08:07:13,416 [TELEM] WARNING: SERIAL: port error (could not open port 'COM3': FileNotFoundError(2, 'The system cannot find the file specified.', None, 2)) — reconnecting in 2s
2026-07-17 08:07:14,127 [TELEM] WARNING: SERIAL: port error (could not open port 'COM3': FileNotFoundError(2, 'The system cannot find the file specified.', None, 2)) — reconnecting in 2s
2026-07-17 08:07:15,092 [TELEM] WARNING: SERIAL: port error (could not open port 'COM3': FileNotFoundError(2, 'The system cannot find the file specified.', None, 2)) — reconnecting in 2s
2026-07-17 08:07:15,421 [TELEM] WARNING: SERIAL: port error (could not open port 'COM3': FileNotFoundError(2, 'The system cannot find the file specified.', None, 2)) — reconnecting in 2s
2026-07-17 08:07:16,128 [TELEM] WARNING: SERIAL: port error (could not open port 'COM3': FileNotFoundError(2, 'The system cannot find the file specified.', None, 2)) — reconnecting in 2s
2026-07-17 08:07:17,095 [TELEM] WARNING: SERIAL: port error (could not open port 'COM3': FileNotFoundError(2, 'The system cannot find the file specified.', None, 2)) — reconnecting in 2s
2026-07-17 08:07:17,426 [TELEM] WARNING: SERIAL: port error (could not open port 'COM3': FileNotFoundError(2, 'The system cannot find the file specified.', None, 2)) — reconnecting in 2s
2026-07-17 08:07:17,945 [TELEM] ERROR: PXI health check failed — reinitialising connection
2026-07-17 08:07:17,945 [TELEM] CRITICAL: PXI reinit exceeded 3 attempts — entering safe mode
2026-07-17 08:07:18,142 [TELEM] WARNING: SERIAL: port error (could not open port 'COM3': FileNotFoundError(2, 'The system cannot find the file specified.', None, 2)) — reconnecting in 2s
2026-07-17 08:07:19,098 [TELEM] WARNING: SERIAL: port error (could not open port 'COM3': FileNotFoundError(2, 'The system cannot find the file specified.', None, 2)) — reconnecting in 2s
2026-07-17 08:07:19,428 [TELEM] WARNING: SERIAL: port error (could not open port 'COM3': FileNotFoundError(2, 'The system cannot find the file specified.', None, 2)) — reconnecting in 2s
2026-07-17 08:07:20,143 [TELEM] WARNING: SERIAL: port error (could not open port 'COM3': FileNotFoundError(2, 'The system cannot find the file specified.', None, 2)) — reconnecting in 2s
2026-07-17 08:07:21,103 [TELEM] WARNING: SERIAL: port error (could not open port 'COM3': FileNotFoundError(2, 'The system cannot find the file specified.', None, 2)) — reconnecting in 2s
2026-07-17 08:07:21,433 [TELEM] WARNING: SERIAL: port error (could not open port 'COM3': FileNotFoundError(2, 'The system cannot find the file specified.', None, 2)) — reconnecting in 2s
2026-07-17 08:07:22,143 [TELEM] WARNING: SERIAL: port error (could not open port 'COM3': FileNotFoundError(2, 'The system cannot find the file specified.', None, 2)) — reconnecting in 2s
2026-07-17 08:07:22,947 [TELEM] ERROR: PXI health check failed — reinitialising connection
2026-07-17 08:07:22,947 [TELEM] CRITICAL: PXI reinit exceeded 3 attempts — entering safe mode
2026-07-17 08:07:23,108 [TELEM] WARNING: SERIAL: port error (could not open port 'COM3': FileNotFoundError(2, 'The system cannot find the file specified.', None, 2)) — reconnecting in 2s
2026-07-17 08:07:23,441 [TELEM] WARNING: SERIAL: port error (could not open port 'COM3': FileNotFoundError(2, 'The system cannot find the file specified.', None, 2)) — reconnecting in 2s
2026-07-17 08:07:24,144 [TELEM] WARNING: SERIAL: port error (could not open port 'COM3': FileNotFoundError(2, 'The system cannot find the file specified.', None, 2)) — reconnecting in 2s
2026-07-17 08:07:25,110 [TELEM] WARNING: SERIAL: port error (could not open port 'COM3': FileNotFoundError(2, 'The system cannot find the file specified.', None, 2)) — reconnecting in 2s
2026-07-17 08:07:25,256 [MainThread] INFO: RelayController stopping.
2026-07-17 08:07:25,306 [RelayEventLoop] INFO: Event loop stopped.
2026-07-17 08:07:25,307 [MainThread] INFO: Serial port closed.
2026-07-17 08:07:25,307 [MainThread] INFO: RelayController stopped.
