2026-07-17 08:54:39,345 [TELEM] ERROR: PXI init failed: Client: Connection refused.
2026-07-17 08:54:39,345 [MainThread] INFO: RelayController starting on COM5 @ 19200 baud.
2026-07-17 08:54:39,345 [MainThread] INFO: Connecting to COM5...
2026-07-17 08:54:39,346 [MainThread] ERROR: Connection failed: could not open port 'COM5': FileNotFoundError(2, 'The system cannot find the file specified.', None, 2)
2026-07-17 08:54:39,346 [RelayEventLoop] INFO: Event loop started (poll=50 ms, relays 0-3).
2026-07-17 08:54:39,347 [TELEM] INFO: Relay controller started on COM5
2026-07-17 08:54:39,387 [TELEM] WARNING: SERIAL: port error (could not open port 'COM3': FileNotFoundError(2, 'The system cannot find the file specified.', None, 2)) — reconnecting in 2s
2026-07-17 08:54:39,387 [TELEM] ERROR: PXI health check failed — reinitialising connection
2026-07-17 08:54:39,388 [TELEM] WARNING: PXI reinit attempt 1/3
2026-07-17 08:54:39,388 [TELEM] ERROR: PXI reinit failed: Client: Connection refused.
2026-07-17 08:54:41,361 [TELEM] WARNING: SERIAL: port error (could not open port 'COM3': FileNotFoundError(2, 'The system cannot find the file specified.', None, 2)) — reconnecting in 2s
2026-07-17 08:54:43,364 [TELEM] WARNING: SERIAL: port error (could not open port 'COM3': FileNotFoundError(2, 'The system cannot find the file specified.', None, 2)) — reconnecting in 2s
2026-07-17 08:54:44,361 [TELEM] ERROR: PXI health check failed — reinitialising connection
2026-07-17 08:54:44,362 [TELEM] WARNING: PXI reinit attempt 2/3
2026-07-17 08:54:44,378 [TELEM] ERROR: PXI reinit failed: Client: Connection refused.
2026-07-17 08:54:45,370 [TELEM] WARNING: SERIAL: port error (could not open port 'COM3': FileNotFoundError(2, 'The system cannot find the file specified.', None, 2)) — reconnecting in 2s
2026-07-17 08:54:47,384 [TELEM] WARNING: SERIAL: port error (could not open port 'COM3': FileNotFoundError(2, 'The system cannot find the file specified.', None, 2)) — reconnecting in 2s
2026-07-17 08:54:49,381 [TELEM] ERROR: PXI health check failed — reinitialising connection
2026-07-17 08:54:49,381 [TELEM] WARNING: PXI reinit attempt 3/3
2026-07-17 08:54:49,394 [TELEM] WARNING: SERIAL: port error (could not open port 'COM3': FileNotFoundError(2, 'The system cannot find the file specified.', None, 2)) — reconnecting in 2s
2026-07-17 08:54:49,395 [TELEM] ERROR: PXI reinit failed: Client: Connection refused.
2026-07-17 08:54:51,407 [TELEM] WARNING: SERIAL: port error (could not open port 'COM3': FileNotFoundError(2, 'The system cannot find the file specified.', None, 2)) — reconnecting in 2s
2026-07-17 08:54:53,410 [TELEM] WARNING: SERIAL: port error (could not open port 'COM3': FileNotFoundError(2, 'The system cannot find the file specified.', None, 2)) — reconnecting in 2s
2026-07-17 08:54:54,398 [TELEM] ERROR: PXI health check failed — reinitialising connection
2026-07-17 08:54:54,399 [TELEM] CRITICAL: PXI reinit exceeded 3 attempts — entering safe mode
2026-07-17 08:54:54,399 [TELEM] CRITICAL: ENTERING SAFE MODE
2026-07-17 08:54:54,399 [TELEM] INFO: Safe mode: all relays opened
2026-07-17 08:54:54,399 [TELEM] INFO: Safe mode: PXI outputs zeroed
2026-07-17 08:54:55,422 [TELEM] WARNING: SERIAL: port error (could not open port 'COM3': FileNotFoundError(2, 'The system cannot find the file specified.', None, 2)) — reconnecting in 2s
2026-07-17 08:54:57,432 [TELEM] WARNING: SERIAL: port error (could not open port 'COM3': FileNotFoundError(2, 'The system cannot find the file specified.', None, 2)) — reconnecting in 2s
2026-07-17 08:54:57,649 [MainThread] INFO: RelayController stopping.
2026-07-17 08:54:57,683 [RelayEventLoop] INFO: Event loop stopped.
2026-07-17 08:54:57,683 [MainThread] INFO: RelayController stopped.
