2026-07-17 09:17:07,161 [MainThread] INFO: RelayController starting on COM5 @ 19200 baud.
2026-07-17 09:17:07,161 [TELEM] ERROR: PXI init failed: Client: Connection refused.
2026-07-17 09:17:07,162 [MainThread] INFO: Connecting to COM5...
2026-07-17 09:17:07,162 [MainThread] ERROR: Connection failed: could not open port 'COM5': FileNotFoundError(2, 'The system cannot find the file specified.', None, 2)
2026-07-17 09:17:07,163 [RelayEventLoop] INFO: Event loop started (poll=50 ms, relays 0-3).
2026-07-17 09:17:07,163 [TELEM] INFO: Relay controller started on COM5
2026-07-17 09:17:07,165 [TELEM] WARNING: SERIAL: port error (could not open port 'COM3': FileNotFoundError(2, 'The system cannot find the file specified.', None, 2)) Ś reconnecting in 2s
2026-07-17 09:17:07,165 [TELEM] ERROR: PXI health check failed Ś reinitialising connection
2026-07-17 09:17:07,166 [TELEM] WARNING: PXI reinit attempt 1 (next retry in 5s if this fails)
2026-07-17 09:17:07,178 [TELEM] ERROR: PXI reinit failed: Client: Connection refused.
2026-07-17 09:17:09,178 [TELEM] WARNING: SERIAL: port error (could not open port 'COM3': FileNotFoundError(2, 'The system cannot find the file specified.', None, 2)) Ś reconnecting in 2s
2026-07-17 09:17:11,189 [TELEM] WARNING: SERIAL: port error (could not open port 'COM3': FileNotFoundError(2, 'The system cannot find the file specified.', None, 2)) Ś reconnecting in 2s
2026-07-17 09:17:12,180 [TELEM] ERROR: PXI health check failed Ś reinitialising connection
2026-07-17 09:17:12,181 [TELEM] WARNING: PXI reinit attempt 2 (next retry in 10s if this fails)
2026-07-17 09:17:12,200 [TELEM] ERROR: PXI reinit failed: Client: Connection refused.
2026-07-17 09:17:13,198 [TELEM] WARNING: SERIAL: port error (could not open port 'COM3': FileNotFoundError(2, 'The system cannot find the file specified.', None, 2)) Ś reconnecting in 2s
2026-07-17 09:17:15,214 [TELEM] WARNING: SERIAL: port error (could not open port 'COM3': FileNotFoundError(2, 'The system cannot find the file specified.', None, 2)) Ś reconnecting in 2s
2026-07-17 09:17:16,716 [TELEM] INFO: Ground config 'configTest01' loaded and applied (0 pair(s))
2026-07-17 09:17:17,201 [TELEM] ERROR: PXI health check failed Ś reinitialising connection
2026-07-17 09:17:17,228 [TELEM] WARNING: SERIAL: port error (could not open port 'COM3': FileNotFoundError(2, 'The system cannot find the file specified.', None, 2)) Ś reconnecting in 2s
2026-07-17 09:17:19,240 [TELEM] WARNING: SERIAL: port error (could not open port 'COM3': FileNotFoundError(2, 'The system cannot find the file specified.', None, 2)) Ś reconnecting in 2s
2026-07-17 09:17:20,896 [TELEM] INFO: Ground config 'configTest022' loaded and applied (0 pair(s))
2026-07-17 09:17:21,253 [TELEM] WARNING: SERIAL: port error (could not open port 'COM3': FileNotFoundError(2, 'The system cannot find the file specified.', None, 2)) Ś reconnecting in 2s
2026-07-17 09:17:22,204 [TELEM] ERROR: PXI health check failed Ś reinitialising connection
2026-07-17 09:17:22,204 [TELEM] WARNING: PXI reinit attempt 3 (next retry in 30s if this fails)
2026-07-17 09:17:22,220 [TELEM] ERROR: PXI reinit failed: Client: Connection refused.
2026-07-17 09:17:23,265 [TELEM] WARNING: SERIAL: port error (could not open port 'COM3': FileNotFoundError(2, 'The system cannot find the file specified.', None, 2)) Ś reconnecting in 2s
2026-07-17 09:17:25,279 [TELEM] WARNING: SERIAL: port error (could not open port 'COM3': FileNotFoundError(2, 'The system cannot find the file specified.', None, 2)) Ś reconnecting in 2s
2026-07-17 09:17:27,223 [TELEM] ERROR: PXI health check failed Ś reinitialising connection
2026-07-17 09:17:27,283 [TELEM] WARNING: SERIAL: port error (could not open port 'COM3': FileNotFoundError(2, 'The system cannot find the file specified.', None, 2)) Ś reconnecting in 2s
2026-07-17 09:17:29,296 [TELEM] WARNING: SERIAL: port error (could not open port 'COM3': FileNotFoundError(2, 'The system cannot find the file specified.', None, 2)) Ś reconnecting in 2s
2026-07-17 09:17:31,317 [TELEM] WARNING: SERIAL: port error (could not open port 'COM3': FileNotFoundError(2, 'The system cannot find the file specified.', None, 2)) Ś reconnecting in 2s
2026-07-17 09:17:32,225 [TELEM] ERROR: PXI health check failed Ś reinitialising connection
2026-07-17 09:17:33,324 [TELEM] WARNING: SERIAL: port error (could not open port 'COM3': FileNotFoundError(2, 'The system cannot find the file specified.', None, 2)) Ś reconnecting in 2s
2026-07-17 09:17:34,230 [MainThread] INFO: RelayController stopping.
2026-07-17 09:17:34,271 [RelayEventLoop] INFO: Event loop stopped.
2026-07-17 09:17:34,271 [MainThread] INFO: RelayController stopped.
