2026-07-17 09:01:23,019 [MainThread] INFO: RelayController starting on COM5 @ 19200 baud.
2026-07-17 09:01:23,019 [TELEM] ERROR: PXI init failed: Client: Connection refused.
2026-07-17 09:01:23,019 [MainThread] INFO: Connecting to COM5...
2026-07-17 09:01:23,020 [MainThread] ERROR: Connection failed: could not open port 'COM5': FileNotFoundError(2, 'The system cannot find the file specified.', None, 2)
2026-07-17 09:01:23,021 [RelayEventLoop] INFO: Event loop started (poll=50 ms, relays 0-3).
2026-07-17 09:01:23,021 [TELEM] INFO: Relay controller started on COM5
2026-07-17 09:01:23,022 [TELEM] WARNING: SERIAL: port error (could not open port 'COM3': FileNotFoundError(2, 'The system cannot find the file specified.', None, 2)) Ś reconnecting in 2s
2026-07-17 09:01:23,023 [TELEM] ERROR: PXI health check failed Ś reinitialising connection
2026-07-17 09:01:23,023 [TELEM] WARNING: PXI reinit attempt 1 (next retry in 5s if this fails)
2026-07-17 09:01:23,042 [TELEM] ERROR: PXI reinit failed: Client: Connection refused.
2026-07-17 09:01:25,023 [TELEM] WARNING: SERIAL: port error (could not open port 'COM3': FileNotFoundError(2, 'The system cannot find the file specified.', None, 2)) Ś reconnecting in 2s
2026-07-17 09:01:27,037 [TELEM] WARNING: SERIAL: port error (could not open port 'COM3': FileNotFoundError(2, 'The system cannot find the file specified.', None, 2)) Ś reconnecting in 2s
2026-07-17 09:01:28,044 [TELEM] ERROR: PXI health check failed Ś reinitialising connection
2026-07-17 09:01:28,045 [TELEM] WARNING: PXI reinit attempt 2 (next retry in 10s if this fails)
2026-07-17 09:01:28,070 [TELEM] ERROR: PXI reinit failed: Client: Connection refused.
2026-07-17 09:01:29,048 [TELEM] WARNING: SERIAL: port error (could not open port 'COM3': FileNotFoundError(2, 'The system cannot find the file specified.', None, 2)) Ś reconnecting in 2s
2026-07-17 09:01:31,061 [TELEM] WARNING: SERIAL: port error (could not open port 'COM3': FileNotFoundError(2, 'The system cannot find the file specified.', None, 2)) Ś reconnecting in 2s
2026-07-17 09:01:33,066 [TELEM] WARNING: SERIAL: port error (could not open port 'COM3': FileNotFoundError(2, 'The system cannot find the file specified.', None, 2)) Ś reconnecting in 2s
2026-07-17 09:01:33,072 [TELEM] ERROR: PXI health check failed Ś reinitialising connection
2026-07-17 09:01:35,080 [TELEM] WARNING: SERIAL: port error (could not open port 'COM3': FileNotFoundError(2, 'The system cannot find the file specified.', None, 2)) Ś reconnecting in 2s
2026-07-17 09:01:37,095 [TELEM] WARNING: SERIAL: port error (could not open port 'COM3': FileNotFoundError(2, 'The system cannot find the file specified.', None, 2)) Ś reconnecting in 2s
2026-07-17 09:01:38,074 [TELEM] ERROR: PXI health check failed Ś reinitialising connection
2026-07-17 09:01:38,075 [TELEM] WARNING: PXI reinit attempt 3 (next retry in 30s if this fails)
2026-07-17 09:01:38,089 [TELEM] ERROR: PXI reinit failed: Client: Connection refused.
2026-07-17 09:01:39,103 [TELEM] WARNING: SERIAL: port error (could not open port 'COM3': FileNotFoundError(2, 'The system cannot find the file specified.', None, 2)) Ś reconnecting in 2s
2026-07-17 09:01:41,119 [TELEM] WARNING: SERIAL: port error (could not open port 'COM3': FileNotFoundError(2, 'The system cannot find the file specified.', None, 2)) Ś reconnecting in 2s
2026-07-17 09:01:43,092 [TELEM] ERROR: PXI health check failed Ś reinitialising connection
2026-07-17 09:01:43,134 [TELEM] WARNING: SERIAL: port error (could not open port 'COM3': FileNotFoundError(2, 'The system cannot find the file specified.', None, 2)) Ś reconnecting in 2s
2026-07-17 09:01:45,148 [TELEM] WARNING: SERIAL: port error (could not open port 'COM3': FileNotFoundError(2, 'The system cannot find the file specified.', None, 2)) Ś reconnecting in 2s
2026-07-17 09:01:47,160 [TELEM] WARNING: SERIAL: port error (could not open port 'COM3': FileNotFoundError(2, 'The system cannot find the file specified.', None, 2)) Ś reconnecting in 2s
2026-07-17 09:01:48,094 [TELEM] ERROR: PXI health check failed Ś reinitialising connection
2026-07-17 09:01:49,174 [TELEM] WARNING: SERIAL: port error (could not open port 'COM3': FileNotFoundError(2, 'The system cannot find the file specified.', None, 2)) Ś reconnecting in 2s
2026-07-17 09:01:51,187 [TELEM] WARNING: SERIAL: port error (could not open port 'COM3': FileNotFoundError(2, 'The system cannot find the file specified.', None, 2)) Ś reconnecting in 2s
2026-07-17 09:01:53,096 [TELEM] ERROR: PXI health check failed Ś reinitialising connection
2026-07-17 09:01:53,198 [TELEM] WARNING: SERIAL: port error (could not open port 'COM3': FileNotFoundError(2, 'The system cannot find the file specified.', None, 2)) Ś reconnecting in 2s
2026-07-17 09:01:55,210 [TELEM] WARNING: SERIAL: port error (could not open port 'COM3': FileNotFoundError(2, 'The system cannot find the file specified.', None, 2)) Ś reconnecting in 2s
2026-07-17 09:01:57,221 [TELEM] WARNING: SERIAL: port error (could not open port 'COM3': FileNotFoundError(2, 'The system cannot find the file specified.', None, 2)) Ś reconnecting in 2s
2026-07-17 09:01:58,098 [TELEM] ERROR: PXI health check failed Ś reinitialising connection
2026-07-17 09:01:59,232 [TELEM] WARNING: SERIAL: port error (could not open port 'COM3': FileNotFoundError(2, 'The system cannot find the file specified.', None, 2)) Ś reconnecting in 2s
2026-07-17 09:02:01,246 [TELEM] WARNING: SERIAL: port error (could not open port 'COM3': FileNotFoundError(2, 'The system cannot find the file specified.', None, 2)) Ś reconnecting in 2s
2026-07-17 09:02:03,101 [TELEM] ERROR: PXI health check failed Ś reinitialising connection
2026-07-17 09:02:03,258 [TELEM] WARNING: SERIAL: port error (could not open port 'COM3': FileNotFoundError(2, 'The system cannot find the file specified.', None, 2)) Ś reconnecting in 2s
2026-07-17 09:02:05,262 [TELEM] WARNING: SERIAL: port error (could not open port 'COM3': FileNotFoundError(2, 'The system cannot find the file specified.', None, 2)) Ś reconnecting in 2s
2026-07-17 09:02:07,262 [TELEM] WARNING: SERIAL: port error (could not open port 'COM3': FileNotFoundError(2, 'The system cannot find the file specified.', None, 2)) Ś reconnecting in 2s
2026-07-17 09:02:08,104 [TELEM] ERROR: PXI health check failed Ś reinitialising connection
2026-07-17 09:02:08,104 [TELEM] WARNING: PXI reinit attempt 4 (next retry in 60s if this fails)
2026-07-17 09:02:08,120 [TELEM] ERROR: PXI reinit failed: Client: Connection refused.
2026-07-17 09:02:09,273 [TELEM] WARNING: SERIAL: port error (could not open port 'COM3': FileNotFoundError(2, 'The system cannot find the file specified.', None, 2)) Ś reconnecting in 2s
2026-07-17 09:02:11,285 [TELEM] WARNING: SERIAL: port error (could not open port 'COM3': FileNotFoundError(2, 'The system cannot find the file specified.', None, 2)) Ś reconnecting in 2s
2026-07-17 09:02:13,122 [TELEM] ERROR: PXI health check failed Ś reinitialising connection
2026-07-17 09:02:13,297 [TELEM] WARNING: SERIAL: port error (could not open port 'COM3': FileNotFoundError(2, 'The system cannot find the file specified.', None, 2)) Ś reconnecting in 2s
2026-07-17 09:02:14,295 [TELEM] INFO: Relay 1 -> ON
2026-07-17 09:02:15,269 [TELEM] INFO: Relay 1 -> OFF
2026-07-17 09:02:15,311 [TELEM] WARNING: SERIAL: port error (could not open port 'COM3': FileNotFoundError(2, 'The system cannot find the file specified.', None, 2)) Ś reconnecting in 2s
2026-07-17 09:02:17,325 [TELEM] WARNING: SERIAL: port error (could not open port 'COM3': FileNotFoundError(2, 'The system cannot find the file specified.', None, 2)) Ś reconnecting in 2s
2026-07-17 09:02:18,124 [TELEM] ERROR: PXI health check failed Ś reinitialising connection
2026-07-17 09:02:19,339 [TELEM] WARNING: SERIAL: port error (could not open port 'COM3': FileNotFoundError(2, 'The system cannot find the file specified.', None, 2)) Ś reconnecting in 2s
2026-07-17 09:02:21,351 [TELEM] WARNING: SERIAL: port error (could not open port 'COM3': FileNotFoundError(2, 'The system cannot find the file specified.', None, 2)) Ś reconnecting in 2s
2026-07-17 09:02:23,126 [TELEM] ERROR: PXI health check failed Ś reinitialising connection
2026-07-17 09:02:23,359 [TELEM] WARNING: SERIAL: port error (could not open port 'COM3': FileNotFoundError(2, 'The system cannot find the file specified.', None, 2)) Ś reconnecting in 2s
2026-07-17 09:02:24,634 [MainThread] INFO: RelayController stopping.
2026-07-17 09:02:24,640 [RelayEventLoop] INFO: Event loop stopped.
2026-07-17 09:02:24,641 [MainThread] INFO: RelayController stopped.
